nohup: 忽略输入
model established
Sequential(
  (0): PositionalMapping()
  (1): Transformer(
    (in_net): Linear(in_features=45, out_features=256, bias=True)
    (blocks): ModuleList(
      (0-3): 4 x Block(
        (attn): MultiHeadedSelfAttention(
          (proj_q): Linear(in_features=256, out_features=256, bias=True)
          (proj_k): Linear(in_features=256, out_features=256, bias=True)
          (proj_v): Linear(in_features=256, out_features=256, bias=True)
          (drop): Dropout(p=0, inplace=False)
        )
        (proj): Linear(in_features=256, out_features=256, bias=True)
        (norm1): LayerNorm()
        (pwff): PositionWiseFeedForward(
          (fc1): Linear(in_features=256, out_features=512, bias=True)
          (fc2): Linear(in_features=512, out_features=256, bias=True)
        )
        (norm2): LayerNorm()
        (drop): Dropout(p=0, inplace=False)
      )
    )
    (out_net): Linear(in_features=256, out_features=2, bias=True)
  )
)
Epoch 0 begin

Test set: Epoch: 0, Average loss: 0.00018623

save
min_loss: 0.00018623134815411938
Epoch 1 begin

Test set: Epoch: 1, Average loss: 0.00018052

save
min_loss: 0.00018052040594498017
Epoch 2 begin

Test set: Epoch: 2, Average loss: 0.00014132

save
min_loss: 0.0001413181767115999
Epoch 3 begin

Test set: Epoch: 3, Average loss: 0.00010964

save
min_loss: 0.00010963827979645294
Epoch 4 begin

Test set: Epoch: 4, Average loss: 0.00006966

save
min_loss: 6.965870102464797e-05
Epoch 5 begin

Test set: Epoch: 5, Average loss: 0.00008740

min_loss: 6.965870102464797e-05
Epoch 6 begin

Test set: Epoch: 6, Average loss: 0.00008882

min_loss: 6.965870102464797e-05
Epoch 7 begin

Test set: Epoch: 7, Average loss: 0.00007749

min_loss: 6.965870102464797e-05
Epoch 8 begin

Test set: Epoch: 8, Average loss: 0.00009157

min_loss: 6.965870102464797e-05
Epoch 9 begin

Test set: Epoch: 9, Average loss: 0.00007688

min_loss: 6.965870102464797e-05
Epoch 10 begin

Test set: Epoch: 10, Average loss: 0.00006777

save
min_loss: 6.77670756712108e-05
Epoch 11 begin

Test set: Epoch: 11, Average loss: 0.00007620

min_loss: 6.77670756712108e-05
Epoch 12 begin

Test set: Epoch: 12, Average loss: 0.00008211

min_loss: 6.77670756712108e-05
Epoch 13 begin

Test set: Epoch: 13, Average loss: 0.00008111

min_loss: 6.77670756712108e-05
Epoch 14 begin

Test set: Epoch: 14, Average loss: 0.00008016

min_loss: 6.77670756712108e-05
Epoch 15 begin

Test set: Epoch: 15, Average loss: 0.00007113

min_loss: 6.77670756712108e-05
Epoch 16 begin

Test set: Epoch: 16, Average loss: 0.00007710

min_loss: 6.77670756712108e-05
Epoch 17 begin

Test set: Epoch: 17, Average loss: 0.00006962

min_loss: 6.77670756712108e-05
Epoch 18 begin

Test set: Epoch: 18, Average loss: 0.00007446

min_loss: 6.77670756712108e-05
Epoch 19 begin

Test set: Epoch: 19, Average loss: 0.00007367

min_loss: 6.77670756712108e-05
Epoch 20 begin

Test set: Epoch: 20, Average loss: 0.00007100

min_loss: 6.77670756712108e-05
Epoch 21 begin

Test set: Epoch: 21, Average loss: 0.00006670

save
min_loss: 6.670036417028767e-05
Epoch 22 begin

Test set: Epoch: 22, Average loss: 0.00007374

min_loss: 6.670036417028767e-05
Epoch 23 begin

Test set: Epoch: 23, Average loss: 0.00006670

save
min_loss: 6.669880951816422e-05
Epoch 24 begin

Test set: Epoch: 24, Average loss: 0.00007303

min_loss: 6.669880951816422e-05
Epoch 25 begin

Test set: Epoch: 25, Average loss: 0.00006633

save
min_loss: 6.633127789088643e-05
Epoch 26 begin

Test set: Epoch: 26, Average loss: 0.00006828

min_loss: 6.633127789088643e-05
Epoch 27 begin

Test set: Epoch: 27, Average loss: 0.00007132

min_loss: 6.633127789088643e-05
Epoch 28 begin

Test set: Epoch: 28, Average loss: 0.00007250

min_loss: 6.633127789088643e-05
Epoch 29 begin

Test set: Epoch: 29, Average loss: 0.00007087

min_loss: 6.633127789088643e-05
Epoch 30 begin

Test set: Epoch: 30, Average loss: 0.00007085

min_loss: 6.633127789088643e-05
Epoch 31 begin

Test set: Epoch: 31, Average loss: 0.00006868

min_loss: 6.633127789088643e-05
Epoch 32 begin

Test set: Epoch: 32, Average loss: 0.00007173

min_loss: 6.633127789088643e-05
Epoch 33 begin

Test set: Epoch: 33, Average loss: 0.00007148

min_loss: 6.633127789088643e-05
Epoch 34 begin

Test set: Epoch: 34, Average loss: 0.00006815

min_loss: 6.633127789088643e-05
Epoch 35 begin

Test set: Epoch: 35, Average loss: 0.00006608

save
min_loss: 6.607951698063418e-05
Epoch 36 begin

Test set: Epoch: 36, Average loss: 0.00006780

min_loss: 6.607951698063418e-05
Epoch 37 begin

Test set: Epoch: 37, Average loss: 0.00006773

min_loss: 6.607951698063418e-05
Epoch 38 begin

Test set: Epoch: 38, Average loss: 0.00006732

min_loss: 6.607951698063418e-05
Epoch 39 begin

Test set: Epoch: 39, Average loss: 0.00007095

min_loss: 6.607951698063418e-05
Epoch 40 begin

Test set: Epoch: 40, Average loss: 0.00006763

min_loss: 6.607951698063418e-05
Epoch 41 begin

Test set: Epoch: 41, Average loss: 0.00006733

min_loss: 6.607951698063418e-05
Epoch 42 begin

Test set: Epoch: 42, Average loss: 0.00006794

min_loss: 6.607951698063418e-05
Epoch 43 begin

Test set: Epoch: 43, Average loss: 0.00006698

min_loss: 6.607951698063418e-05
Epoch 44 begin

Test set: Epoch: 44, Average loss: 0.00007087

min_loss: 6.607951698063418e-05
Epoch 45 begin

Test set: Epoch: 45, Average loss: 0.00006544

save
min_loss: 6.544350548512204e-05
Epoch 46 begin

Test set: Epoch: 46, Average loss: 0.00006805

min_loss: 6.544350548512204e-05
Epoch 47 begin

Test set: Epoch: 47, Average loss: 0.00006841

min_loss: 6.544350548512204e-05
Epoch 48 begin

Test set: Epoch: 48, Average loss: 0.00006673

min_loss: 6.544350548512204e-05
Epoch 49 begin

Test set: Epoch: 49, Average loss: 0.00006768

min_loss: 6.544350548512204e-05
Epoch 50 begin

Test set: Epoch: 50, Average loss: 0.00006760

min_loss: 6.544350548512204e-05
Epoch 51 begin

Test set: Epoch: 51, Average loss: 0.00006744

min_loss: 6.544350548512204e-05
Epoch 52 begin

Test set: Epoch: 52, Average loss: 0.00006702

min_loss: 6.544350548512204e-05
Epoch 53 begin

Test set: Epoch: 53, Average loss: 0.00006740

min_loss: 6.544350548512204e-05
Epoch 54 begin

Test set: Epoch: 54, Average loss: 0.00006942

min_loss: 6.544350548512204e-05
Epoch 55 begin

Test set: Epoch: 55, Average loss: 0.00006932

min_loss: 6.544350548512204e-05
Epoch 56 begin

Test set: Epoch: 56, Average loss: 0.00006611

min_loss: 6.544350548512204e-05
Epoch 57 begin

Test set: Epoch: 57, Average loss: 0.00006891

min_loss: 6.544350548512204e-05
Epoch 58 begin

Test set: Epoch: 58, Average loss: 0.00006889

min_loss: 6.544350548512204e-05
Epoch 59 begin

Test set: Epoch: 59, Average loss: 0.00006645

min_loss: 6.544350548512204e-05
Epoch 60 begin

Test set: Epoch: 60, Average loss: 0.00006894

min_loss: 6.544350548512204e-05
Epoch 61 begin

Test set: Epoch: 61, Average loss: 0.00006683

min_loss: 6.544350548512204e-05
Epoch 62 begin

Test set: Epoch: 62, Average loss: 0.00006785

min_loss: 6.544350548512204e-05
Epoch 63 begin

Test set: Epoch: 63, Average loss: 0.00006953

min_loss: 6.544350548512204e-05
Epoch 64 begin

Test set: Epoch: 64, Average loss: 0.00006786

min_loss: 6.544350548512204e-05
Epoch 65 begin

Test set: Epoch: 65, Average loss: 0.00006851

min_loss: 6.544350548512204e-05
Epoch 66 begin

Test set: Epoch: 66, Average loss: 0.00006666

min_loss: 6.544350548512204e-05
Epoch 67 begin

Test set: Epoch: 67, Average loss: 0.00006611

min_loss: 6.544350548512204e-05
Epoch 68 begin

Test set: Epoch: 68, Average loss: 0.00006575

min_loss: 6.544350548512204e-05
Epoch 69 begin

Test set: Epoch: 69, Average loss: 0.00006654

min_loss: 6.544350548512204e-05
Epoch 70 begin

Test set: Epoch: 70, Average loss: 0.00006655

min_loss: 6.544350548512204e-05
Epoch 71 begin

Test set: Epoch: 71, Average loss: 0.00006716

min_loss: 6.544350548512204e-05
Epoch 72 begin

Test set: Epoch: 72, Average loss: 0.00006486

save
min_loss: 6.485654688041593e-05
Epoch 73 begin

Test set: Epoch: 73, Average loss: 0.00006838

min_loss: 6.485654688041593e-05
Epoch 74 begin

Test set: Epoch: 74, Average loss: 0.00006604

min_loss: 6.485654688041593e-05
Epoch 75 begin

Test set: Epoch: 75, Average loss: 0.00006729

min_loss: 6.485654688041593e-05
Epoch 76 begin

Test set: Epoch: 76, Average loss: 0.00006688

min_loss: 6.485654688041593e-05
Epoch 77 begin

Test set: Epoch: 77, Average loss: 0.00006799

min_loss: 6.485654688041593e-05
Epoch 78 begin

Test set: Epoch: 78, Average loss: 0.00006793

min_loss: 6.485654688041593e-05
Epoch 79 begin

Test set: Epoch: 79, Average loss: 0.00006871

min_loss: 6.485654688041593e-05
Epoch 80 begin

Test set: Epoch: 80, Average loss: 0.00006466

save
min_loss: 6.466130178249863e-05
Epoch 81 begin

Test set: Epoch: 81, Average loss: 0.00006837

min_loss: 6.466130178249863e-05
Epoch 82 begin

Test set: Epoch: 82, Average loss: 0.00006656

min_loss: 6.466130178249863e-05
Epoch 83 begin

Test set: Epoch: 83, Average loss: 0.00006892

min_loss: 6.466130178249863e-05
Epoch 84 begin

Test set: Epoch: 84, Average loss: 0.00006796

min_loss: 6.466130178249863e-05
Epoch 85 begin

Test set: Epoch: 85, Average loss: 0.00006898

min_loss: 6.466130178249863e-05
Epoch 86 begin

Test set: Epoch: 86, Average loss: 0.00006489

min_loss: 6.466130178249863e-05
Epoch 87 begin

Test set: Epoch: 87, Average loss: 0.00006667

min_loss: 6.466130178249863e-05
Epoch 88 begin

Test set: Epoch: 88, Average loss: 0.00006639

min_loss: 6.466130178249863e-05
Epoch 89 begin

Test set: Epoch: 89, Average loss: 0.00006495

min_loss: 6.466130178249863e-05
Epoch 90 begin

Test set: Epoch: 90, Average loss: 0.00006719

min_loss: 6.466130178249863e-05
Epoch 91 begin

Test set: Epoch: 91, Average loss: 0.00006891

min_loss: 6.466130178249863e-05
Epoch 92 begin

Test set: Epoch: 92, Average loss: 0.00006733

min_loss: 6.466130178249863e-05
Epoch 93 begin

Test set: Epoch: 93, Average loss: 0.00006753

min_loss: 6.466130178249863e-05
Epoch 94 begin

Test set: Epoch: 94, Average loss: 0.00006563

min_loss: 6.466130178249863e-05
Epoch 95 begin

Test set: Epoch: 95, Average loss: 0.00006689

min_loss: 6.466130178249863e-05
Epoch 96 begin

Test set: Epoch: 96, Average loss: 0.00006815

min_loss: 6.466130178249863e-05
Epoch 97 begin

Test set: Epoch: 97, Average loss: 0.00006522

min_loss: 6.466130178249863e-05
Epoch 98 begin

Test set: Epoch: 98, Average loss: 0.00006659

min_loss: 6.466130178249863e-05
Epoch 99 begin

Test set: Epoch: 99, Average loss: 0.00006677

min_loss: 6.466130178249863e-05
Epoch 100 begin

Test set: Epoch: 100, Average loss: 0.00006719

min_loss: 6.466130178249863e-05
Epoch 101 begin

Test set: Epoch: 101, Average loss: 0.00006767

min_loss: 6.466130178249863e-05
Epoch 102 begin

Test set: Epoch: 102, Average loss: 0.00006663

min_loss: 6.466130178249863e-05
Epoch 103 begin

Test set: Epoch: 103, Average loss: 0.00006688

min_loss: 6.466130178249863e-05
Epoch 104 begin

Test set: Epoch: 104, Average loss: 0.00006557

min_loss: 6.466130178249863e-05
Epoch 105 begin

Test set: Epoch: 105, Average loss: 0.00006627

min_loss: 6.466130178249863e-05
Epoch 106 begin

Test set: Epoch: 106, Average loss: 0.00006539

min_loss: 6.466130178249863e-05
Epoch 107 begin

Test set: Epoch: 107, Average loss: 0.00006459

save
min_loss: 6.458951454887175e-05
Epoch 108 begin

Test set: Epoch: 108, Average loss: 0.00006726

min_loss: 6.458951454887175e-05
Epoch 109 begin

Test set: Epoch: 109, Average loss: 0.00006806

min_loss: 6.458951454887175e-05
Epoch 110 begin

Test set: Epoch: 110, Average loss: 0.00006721

min_loss: 6.458951454887175e-05
Epoch 111 begin

Test set: Epoch: 111, Average loss: 0.00006854

min_loss: 6.458951454887175e-05
Epoch 112 begin

Test set: Epoch: 112, Average loss: 0.00006623

min_loss: 6.458951454887175e-05
Epoch 113 begin

Test set: Epoch: 113, Average loss: 0.00006590

min_loss: 6.458951454887175e-05
Epoch 114 begin

Test set: Epoch: 114, Average loss: 0.00006510

min_loss: 6.458951454887175e-05
Epoch 115 begin

Test set: Epoch: 115, Average loss: 0.00006540

min_loss: 6.458951454887175e-05
Epoch 116 begin

Test set: Epoch: 116, Average loss: 0.00006763

min_loss: 6.458951454887175e-05
Epoch 117 begin

Test set: Epoch: 117, Average loss: 0.00006513

min_loss: 6.458951454887175e-05
Epoch 118 begin

Test set: Epoch: 118, Average loss: 0.00006599

min_loss: 6.458951454887175e-05
Epoch 119 begin

Test set: Epoch: 119, Average loss: 0.00006547

min_loss: 6.458951454887175e-05
Epoch 120 begin

Test set: Epoch: 120, Average loss: 0.00006607

min_loss: 6.458951454887175e-05
Epoch 121 begin

Test set: Epoch: 121, Average loss: 0.00006801

min_loss: 6.458951454887175e-05
Epoch 122 begin

Test set: Epoch: 122, Average loss: 0.00006659

min_loss: 6.458951454887175e-05
Epoch 123 begin

Test set: Epoch: 123, Average loss: 0.00006640

min_loss: 6.458951454887175e-05
Epoch 124 begin

Test set: Epoch: 124, Average loss: 0.00006561

min_loss: 6.458951454887175e-05
Epoch 125 begin

Test set: Epoch: 125, Average loss: 0.00006535

min_loss: 6.458951454887175e-05
Epoch 126 begin

Test set: Epoch: 126, Average loss: 0.00006607

min_loss: 6.458951454887175e-05
Epoch 127 begin

Test set: Epoch: 127, Average loss: 0.00006547

min_loss: 6.458951454887175e-05
Epoch 128 begin

Test set: Epoch: 128, Average loss: 0.00006594

min_loss: 6.458951454887175e-05
Epoch 129 begin

Test set: Epoch: 129, Average loss: 0.00006457

save
min_loss: 6.457432192957274e-05
Epoch 130 begin

Test set: Epoch: 130, Average loss: 0.00006709

min_loss: 6.457432192957274e-05
Epoch 131 begin

Test set: Epoch: 131, Average loss: 0.00006640

min_loss: 6.457432192957274e-05
Epoch 132 begin

Test set: Epoch: 132, Average loss: 0.00006629

min_loss: 6.457432192957274e-05
Epoch 133 begin

Test set: Epoch: 133, Average loss: 0.00006707

min_loss: 6.457432192957274e-05
Epoch 134 begin

Test set: Epoch: 134, Average loss: 0.00006747

min_loss: 6.457432192957274e-05
Epoch 135 begin

Test set: Epoch: 135, Average loss: 0.00006659

min_loss: 6.457432192957274e-05
Epoch 136 begin

Test set: Epoch: 136, Average loss: 0.00006504

min_loss: 6.457432192957274e-05
Epoch 137 begin

Test set: Epoch: 137, Average loss: 0.00006756

min_loss: 6.457432192957274e-05
Epoch 138 begin

Test set: Epoch: 138, Average loss: 0.00006525

min_loss: 6.457432192957274e-05
Epoch 139 begin

Test set: Epoch: 139, Average loss: 0.00006490

min_loss: 6.457432192957274e-05
Epoch 140 begin

Test set: Epoch: 140, Average loss: 0.00006596

min_loss: 6.457432192957274e-05
Epoch 141 begin

Test set: Epoch: 141, Average loss: 0.00006585

min_loss: 6.457432192957274e-05
Epoch 142 begin

Test set: Epoch: 142, Average loss: 0.00006706

min_loss: 6.457432192957274e-05
Epoch 143 begin

Test set: Epoch: 143, Average loss: 0.00006796

min_loss: 6.457432192957274e-05
Epoch 144 begin

Test set: Epoch: 144, Average loss: 0.00006627

min_loss: 6.457432192957274e-05
Epoch 145 begin

Test set: Epoch: 145, Average loss: 0.00006569

min_loss: 6.457432192957274e-05
Epoch 146 begin

Test set: Epoch: 146, Average loss: 0.00006813

min_loss: 6.457432192957274e-05
Epoch 147 begin

Test set: Epoch: 147, Average loss: 0.00006554

min_loss: 6.457432192957274e-05
Epoch 148 begin

Test set: Epoch: 148, Average loss: 0.00006537

min_loss: 6.457432192957274e-05
Epoch 149 begin

Test set: Epoch: 149, Average loss: 0.00006717

min_loss: 6.457432192957274e-05
Epoch 150 begin

Test set: Epoch: 150, Average loss: 0.00006629

min_loss: 6.457432192957274e-05
Epoch 151 begin

Test set: Epoch: 151, Average loss: 0.00006485

min_loss: 6.457432192957274e-05
Epoch 152 begin

Test set: Epoch: 152, Average loss: 0.00006677

min_loss: 6.457432192957274e-05
Epoch 153 begin

Test set: Epoch: 153, Average loss: 0.00006571

min_loss: 6.457432192957274e-05
Epoch 154 begin

Test set: Epoch: 154, Average loss: 0.00006687

min_loss: 6.457432192957274e-05
Epoch 155 begin

Test set: Epoch: 155, Average loss: 0.00006662

min_loss: 6.457432192957274e-05
Epoch 156 begin

Test set: Epoch: 156, Average loss: 0.00006694

min_loss: 6.457432192957274e-05
Epoch 157 begin

Test set: Epoch: 157, Average loss: 0.00006605

min_loss: 6.457432192957274e-05
Epoch 158 begin

Test set: Epoch: 158, Average loss: 0.00006687

min_loss: 6.457432192957274e-05
Epoch 159 begin

Test set: Epoch: 159, Average loss: 0.00006487

min_loss: 6.457432192957274e-05
Epoch 160 begin

Test set: Epoch: 160, Average loss: 0.00006517

min_loss: 6.457432192957274e-05
Epoch 161 begin

Test set: Epoch: 161, Average loss: 0.00006686

min_loss: 6.457432192957274e-05
Epoch 162 begin

Test set: Epoch: 162, Average loss: 0.00006582

min_loss: 6.457432192957274e-05
Epoch 163 begin

Test set: Epoch: 163, Average loss: 0.00006628

min_loss: 6.457432192957274e-05
Epoch 164 begin

Test set: Epoch: 164, Average loss: 0.00006635

min_loss: 6.457432192957274e-05
Epoch 165 begin

Test set: Epoch: 165, Average loss: 0.00006647

min_loss: 6.457432192957274e-05
Epoch 166 begin

Test set: Epoch: 166, Average loss: 0.00006752

min_loss: 6.457432192957274e-05
Epoch 167 begin

Test set: Epoch: 167, Average loss: 0.00006617

min_loss: 6.457432192957274e-05
Epoch 168 begin

Test set: Epoch: 168, Average loss: 0.00006610

min_loss: 6.457432192957274e-05
Epoch 169 begin

Test set: Epoch: 169, Average loss: 0.00006647

min_loss: 6.457432192957274e-05
Epoch 170 begin

Test set: Epoch: 170, Average loss: 0.00006609

min_loss: 6.457432192957274e-05
Epoch 171 begin

Test set: Epoch: 171, Average loss: 0.00006617

min_loss: 6.457432192957274e-05
Epoch 172 begin

Test set: Epoch: 172, Average loss: 0.00006584

min_loss: 6.457432192957274e-05
Epoch 173 begin

Test set: Epoch: 173, Average loss: 0.00006503

min_loss: 6.457432192957274e-05
Epoch 174 begin

Test set: Epoch: 174, Average loss: 0.00006588

min_loss: 6.457432192957274e-05
Epoch 175 begin

Test set: Epoch: 175, Average loss: 0.00006599

min_loss: 6.457432192957274e-05
Epoch 176 begin

Test set: Epoch: 176, Average loss: 0.00006585

min_loss: 6.457432192957274e-05
Epoch 177 begin

Test set: Epoch: 177, Average loss: 0.00006585

min_loss: 6.457432192957274e-05
Epoch 178 begin

Test set: Epoch: 178, Average loss: 0.00006457

save
min_loss: 6.457292600625967e-05
Epoch 179 begin

Test set: Epoch: 179, Average loss: 0.00006670

min_loss: 6.457292600625967e-05
Epoch 180 begin

Test set: Epoch: 180, Average loss: 0.00006599

min_loss: 6.457292600625967e-05
Epoch 181 begin

Test set: Epoch: 181, Average loss: 0.00006568

min_loss: 6.457292600625967e-05
Epoch 182 begin

Test set: Epoch: 182, Average loss: 0.00006536

min_loss: 6.457292600625967e-05
Epoch 183 begin

Test set: Epoch: 183, Average loss: 0.00006511

min_loss: 6.457292600625967e-05
Epoch 184 begin

Test set: Epoch: 184, Average loss: 0.00006654

min_loss: 6.457292600625967e-05
Epoch 185 begin

Test set: Epoch: 185, Average loss: 0.00006612

min_loss: 6.457292600625967e-05
Epoch 186 begin

Test set: Epoch: 186, Average loss: 0.00006578

min_loss: 6.457292600625967e-05
Epoch 187 begin

Test set: Epoch: 187, Average loss: 0.00006534

min_loss: 6.457292600625967e-05
Epoch 188 begin

Test set: Epoch: 188, Average loss: 0.00006538

min_loss: 6.457292600625967e-05
Epoch 189 begin

Test set: Epoch: 189, Average loss: 0.00006662

min_loss: 6.457292600625967e-05
Epoch 190 begin

Test set: Epoch: 190, Average loss: 0.00006459

min_loss: 6.457292600625967e-05
Epoch 191 begin

Test set: Epoch: 191, Average loss: 0.00006526

min_loss: 6.457292600625967e-05
Epoch 192 begin

Test set: Epoch: 192, Average loss: 0.00006523

min_loss: 6.457292600625967e-05
Epoch 193 begin

Test set: Epoch: 193, Average loss: 0.00006658

min_loss: 6.457292600625967e-05
Epoch 194 begin

Test set: Epoch: 194, Average loss: 0.00006430

save
min_loss: 6.429874631467453e-05
Epoch 195 begin

Test set: Epoch: 195, Average loss: 0.00006617

min_loss: 6.429874631467453e-05
Epoch 196 begin

Test set: Epoch: 196, Average loss: 0.00006506

min_loss: 6.429874631467453e-05
Epoch 197 begin

Test set: Epoch: 197, Average loss: 0.00006439

min_loss: 6.429874631467453e-05
Epoch 198 begin

Test set: Epoch: 198, Average loss: 0.00006423

save
min_loss: 6.423440811902808e-05
Epoch 199 begin

Test set: Epoch: 199, Average loss: 0.00006510

min_loss: 6.423440811902808e-05
Epoch 200 begin

Test set: Epoch: 200, Average loss: 0.00006598

min_loss: 6.423440811902808e-05
Epoch 201 begin

Test set: Epoch: 201, Average loss: 0.00006510

min_loss: 6.423440811902808e-05
Epoch 202 begin

Test set: Epoch: 202, Average loss: 0.00006481

min_loss: 6.423440811902808e-05
Epoch 203 begin

Test set: Epoch: 203, Average loss: 0.00006589

min_loss: 6.423440811902808e-05
Epoch 204 begin

Test set: Epoch: 204, Average loss: 0.00006485

min_loss: 6.423440811902808e-05
Epoch 205 begin

Test set: Epoch: 205, Average loss: 0.00006504

min_loss: 6.423440811902808e-05
Epoch 206 begin

Test set: Epoch: 206, Average loss: 0.00006538

min_loss: 6.423440811902808e-05
Epoch 207 begin

Test set: Epoch: 207, Average loss: 0.00006561

min_loss: 6.423440811902808e-05
Epoch 208 begin

Test set: Epoch: 208, Average loss: 0.00006679

min_loss: 6.423440811902808e-05
Epoch 209 begin

Test set: Epoch: 209, Average loss: 0.00006613

min_loss: 6.423440811902808e-05
Epoch 210 begin

Test set: Epoch: 210, Average loss: 0.00006560

min_loss: 6.423440811902808e-05
Epoch 211 begin

Test set: Epoch: 211, Average loss: 0.00006530

min_loss: 6.423440811902808e-05
Epoch 212 begin

Test set: Epoch: 212, Average loss: 0.00006631

min_loss: 6.423440811902808e-05
Epoch 213 begin

Test set: Epoch: 213, Average loss: 0.00006632

min_loss: 6.423440811902808e-05
Epoch 214 begin

Test set: Epoch: 214, Average loss: 0.00006684

min_loss: 6.423440811902808e-05
Epoch 215 begin

Test set: Epoch: 215, Average loss: 0.00006558

min_loss: 6.423440811902808e-05
Epoch 216 begin

Test set: Epoch: 216, Average loss: 0.00006519

min_loss: 6.423440811902808e-05
Epoch 217 begin

Test set: Epoch: 217, Average loss: 0.00006632

min_loss: 6.423440811902808e-05
Epoch 218 begin

Test set: Epoch: 218, Average loss: 0.00006639

min_loss: 6.423440811902808e-05
Epoch 219 begin

Test set: Epoch: 219, Average loss: 0.00006582

min_loss: 6.423440811902808e-05
Epoch 220 begin

Test set: Epoch: 220, Average loss: 0.00006592

min_loss: 6.423440811902808e-05
Epoch 221 begin

Test set: Epoch: 221, Average loss: 0.00006573

min_loss: 6.423440811902808e-05
Epoch 222 begin

Test set: Epoch: 222, Average loss: 0.00006634

min_loss: 6.423440811902808e-05
Epoch 223 begin

Test set: Epoch: 223, Average loss: 0.00006561

min_loss: 6.423440811902808e-05
Epoch 224 begin

Test set: Epoch: 224, Average loss: 0.00006505

min_loss: 6.423440811902808e-05
Epoch 225 begin

Test set: Epoch: 225, Average loss: 0.00006650

min_loss: 6.423440811902808e-05
Epoch 226 begin

Test set: Epoch: 226, Average loss: 0.00006592

min_loss: 6.423440811902808e-05
Epoch 227 begin

Test set: Epoch: 227, Average loss: 0.00006619

min_loss: 6.423440811902808e-05
Epoch 228 begin

Test set: Epoch: 228, Average loss: 0.00006583

min_loss: 6.423440811902808e-05
Epoch 229 begin

Test set: Epoch: 229, Average loss: 0.00006573

min_loss: 6.423440811902808e-05
Epoch 230 begin

Test set: Epoch: 230, Average loss: 0.00006580

min_loss: 6.423440811902808e-05
Epoch 231 begin

Test set: Epoch: 231, Average loss: 0.00006459

min_loss: 6.423440811902808e-05
Epoch 232 begin

Test set: Epoch: 232, Average loss: 0.00006487

min_loss: 6.423440811902808e-05
Epoch 233 begin

Test set: Epoch: 233, Average loss: 0.00006550

min_loss: 6.423440811902808e-05
Epoch 234 begin

Test set: Epoch: 234, Average loss: 0.00006459

min_loss: 6.423440811902808e-05
Epoch 235 begin

Test set: Epoch: 235, Average loss: 0.00006590

min_loss: 6.423440811902808e-05
Epoch 236 begin

Test set: Epoch: 236, Average loss: 0.00006631

min_loss: 6.423440811902808e-05
Epoch 237 begin

Test set: Epoch: 237, Average loss: 0.00006538

min_loss: 6.423440811902808e-05
Epoch 238 begin

Test set: Epoch: 238, Average loss: 0.00006562

min_loss: 6.423440811902808e-05
Epoch 239 begin

Test set: Epoch: 239, Average loss: 0.00006546

min_loss: 6.423440811902808e-05
Epoch 240 begin

Test set: Epoch: 240, Average loss: 0.00006540

min_loss: 6.423440811902808e-05
Epoch 241 begin

Test set: Epoch: 241, Average loss: 0.00006562

min_loss: 6.423440811902808e-05
Epoch 242 begin

Test set: Epoch: 242, Average loss: 0.00006533

min_loss: 6.423440811902808e-05
Epoch 243 begin

Test set: Epoch: 243, Average loss: 0.00006693

min_loss: 6.423440811902808e-05
Epoch 244 begin

Test set: Epoch: 244, Average loss: 0.00006501

min_loss: 6.423440811902808e-05
Epoch 245 begin

Test set: Epoch: 245, Average loss: 0.00006549

min_loss: 6.423440811902808e-05
Epoch 246 begin

Test set: Epoch: 246, Average loss: 0.00006617

min_loss: 6.423440811902808e-05
Epoch 247 begin

Test set: Epoch: 247, Average loss: 0.00006462

min_loss: 6.423440811902808e-05
Epoch 248 begin

Test set: Epoch: 248, Average loss: 0.00006522

min_loss: 6.423440811902808e-05
Epoch 249 begin

Test set: Epoch: 249, Average loss: 0.00006553

min_loss: 6.423440811902808e-05
Epoch 250 begin

Test set: Epoch: 250, Average loss: 0.00006526

min_loss: 6.423440811902808e-05
Epoch 251 begin

Test set: Epoch: 251, Average loss: 0.00006531

min_loss: 6.423440811902808e-05
Epoch 252 begin

Test set: Epoch: 252, Average loss: 0.00006551

min_loss: 6.423440811902808e-05
Epoch 253 begin

Test set: Epoch: 253, Average loss: 0.00006612

min_loss: 6.423440811902808e-05
Epoch 254 begin

Test set: Epoch: 254, Average loss: 0.00006558

min_loss: 6.423440811902808e-05
Epoch 255 begin

Test set: Epoch: 255, Average loss: 0.00006579

min_loss: 6.423440811902808e-05
Epoch 256 begin

Test set: Epoch: 256, Average loss: 0.00006578

min_loss: 6.423440811902808e-05
Epoch 257 begin

Test set: Epoch: 257, Average loss: 0.00006483

min_loss: 6.423440811902808e-05
Epoch 258 begin

Test set: Epoch: 258, Average loss: 0.00006512

min_loss: 6.423440811902808e-05
Epoch 259 begin

Test set: Epoch: 259, Average loss: 0.00006599

min_loss: 6.423440811902808e-05
Epoch 260 begin

Test set: Epoch: 260, Average loss: 0.00006557

min_loss: 6.423440811902808e-05
Epoch 261 begin

Test set: Epoch: 261, Average loss: 0.00006607

min_loss: 6.423440811902808e-05
Epoch 262 begin

Test set: Epoch: 262, Average loss: 0.00006584

min_loss: 6.423440811902808e-05
Epoch 263 begin

Test set: Epoch: 263, Average loss: 0.00006557

min_loss: 6.423440811902808e-05
Epoch 264 begin

Test set: Epoch: 264, Average loss: 0.00006589

min_loss: 6.423440811902808e-05
Epoch 265 begin

Test set: Epoch: 265, Average loss: 0.00006573

min_loss: 6.423440811902808e-05
Epoch 266 begin

Test set: Epoch: 266, Average loss: 0.00006590

min_loss: 6.423440811902808e-05
Epoch 267 begin

Test set: Epoch: 267, Average loss: 0.00006516

min_loss: 6.423440811902808e-05
Epoch 268 begin

Test set: Epoch: 268, Average loss: 0.00006523

min_loss: 6.423440811902808e-05
Epoch 269 begin

Test set: Epoch: 269, Average loss: 0.00006456

min_loss: 6.423440811902808e-05
Epoch 270 begin

Test set: Epoch: 270, Average loss: 0.00006435

min_loss: 6.423440811902808e-05
Epoch 271 begin

Test set: Epoch: 271, Average loss: 0.00006519

min_loss: 6.423440811902808e-05
Epoch 272 begin

Test set: Epoch: 272, Average loss: 0.00006511

min_loss: 6.423440811902808e-05
Epoch 273 begin

Test set: Epoch: 273, Average loss: 0.00006502

min_loss: 6.423440811902808e-05
Epoch 274 begin

Test set: Epoch: 274, Average loss: 0.00006456

min_loss: 6.423440811902808e-05
Epoch 275 begin

Test set: Epoch: 275, Average loss: 0.00006584

min_loss: 6.423440811902808e-05
Epoch 276 begin

Test set: Epoch: 276, Average loss: 0.00006599

min_loss: 6.423440811902808e-05
Epoch 277 begin

Test set: Epoch: 277, Average loss: 0.00006488

min_loss: 6.423440811902808e-05
Epoch 278 begin

Test set: Epoch: 278, Average loss: 0.00006496

min_loss: 6.423440811902808e-05
Epoch 279 begin

Test set: Epoch: 279, Average loss: 0.00006538

min_loss: 6.423440811902808e-05
Epoch 280 begin

Test set: Epoch: 280, Average loss: 0.00006556

min_loss: 6.423440811902808e-05
Epoch 281 begin

Test set: Epoch: 281, Average loss: 0.00006561

min_loss: 6.423440811902808e-05
Epoch 282 begin

Test set: Epoch: 282, Average loss: 0.00006515

min_loss: 6.423440811902808e-05
Epoch 283 begin

Test set: Epoch: 283, Average loss: 0.00006607

min_loss: 6.423440811902808e-05
Epoch 284 begin

Test set: Epoch: 284, Average loss: 0.00006565

min_loss: 6.423440811902808e-05
Epoch 285 begin

Test set: Epoch: 285, Average loss: 0.00006461

min_loss: 6.423440811902808e-05
Epoch 286 begin

Test set: Epoch: 286, Average loss: 0.00006436

min_loss: 6.423440811902808e-05
Epoch 287 begin

Test set: Epoch: 287, Average loss: 0.00006491

min_loss: 6.423440811902808e-05
Epoch 288 begin

Test set: Epoch: 288, Average loss: 0.00006628

min_loss: 6.423440811902808e-05
Epoch 289 begin

Test set: Epoch: 289, Average loss: 0.00006525

min_loss: 6.423440811902808e-05
Epoch 290 begin

Test set: Epoch: 290, Average loss: 0.00006481

min_loss: 6.423440811902808e-05
Epoch 291 begin

Test set: Epoch: 291, Average loss: 0.00006559

min_loss: 6.423440811902808e-05
Epoch 292 begin

Test set: Epoch: 292, Average loss: 0.00006492

min_loss: 6.423440811902808e-05
Epoch 293 begin

Test set: Epoch: 293, Average loss: 0.00006434

min_loss: 6.423440811902808e-05
Epoch 294 begin

Test set: Epoch: 294, Average loss: 0.00006531

min_loss: 6.423440811902808e-05
Epoch 295 begin

Test set: Epoch: 295, Average loss: 0.00006503

min_loss: 6.423440811902808e-05
Epoch 296 begin

Test set: Epoch: 296, Average loss: 0.00006449

min_loss: 6.423440811902808e-05
Epoch 297 begin

Test set: Epoch: 297, Average loss: 0.00006514

min_loss: 6.423440811902808e-05
Epoch 298 begin

Test set: Epoch: 298, Average loss: 0.00006452

min_loss: 6.423440811902808e-05
Epoch 299 begin

Test set: Epoch: 299, Average loss: 0.00006527

min_loss: 6.423440811902808e-05
Epoch 300 begin

Test set: Epoch: 300, Average loss: 0.00006408

save
min_loss: 6.407589604626564e-05
Epoch 301 begin

Test set: Epoch: 301, Average loss: 0.00006410

min_loss: 6.407589604626564e-05
Epoch 302 begin

Test set: Epoch: 302, Average loss: 0.00006402

save
min_loss: 6.40195384646045e-05
Epoch 303 begin

Test set: Epoch: 303, Average loss: 0.00006425

min_loss: 6.40195384646045e-05
Epoch 304 begin

Test set: Epoch: 304, Average loss: 0.00006415

min_loss: 6.40195384646045e-05
Epoch 305 begin

Test set: Epoch: 305, Average loss: 0.00006392

save
min_loss: 6.391530076633218e-05
Epoch 306 begin

Test set: Epoch: 306, Average loss: 0.00006409

min_loss: 6.391530076633218e-05
Epoch 307 begin

Test set: Epoch: 307, Average loss: 0.00006390

save
min_loss: 6.389911121505051e-05
Epoch 308 begin

Test set: Epoch: 308, Average loss: 0.00006405

min_loss: 6.389911121505051e-05
Epoch 309 begin

Test set: Epoch: 309, Average loss: 0.00006417

min_loss: 6.389911121505051e-05
Epoch 310 begin

Test set: Epoch: 310, Average loss: 0.00006416

min_loss: 6.389911121505051e-05
Epoch 311 begin

Test set: Epoch: 311, Average loss: 0.00006404

min_loss: 6.389911121505051e-05
Epoch 312 begin

Test set: Epoch: 312, Average loss: 0.00006406

min_loss: 6.389911121505051e-05
Epoch 313 begin

Test set: Epoch: 313, Average loss: 0.00006405

min_loss: 6.389911121505051e-05
Epoch 314 begin

Test set: Epoch: 314, Average loss: 0.00006391

min_loss: 6.389911121505051e-05
Epoch 315 begin

Test set: Epoch: 315, Average loss: 0.00006415

min_loss: 6.389911121505051e-05
Epoch 316 begin

Test set: Epoch: 316, Average loss: 0.00006424

min_loss: 6.389911121505051e-05
Epoch 317 begin

Test set: Epoch: 317, Average loss: 0.00006397

min_loss: 6.389911121505051e-05
Epoch 318 begin

Test set: Epoch: 318, Average loss: 0.00006383

save
min_loss: 6.382538234145442e-05
Epoch 319 begin

Test set: Epoch: 319, Average loss: 0.00006410

min_loss: 6.382538234145442e-05
Epoch 320 begin

Test set: Epoch: 320, Average loss: 0.00006394

min_loss: 6.382538234145442e-05
Epoch 321 begin

Test set: Epoch: 321, Average loss: 0.00006409

min_loss: 6.382538234145442e-05
Epoch 322 begin

Test set: Epoch: 322, Average loss: 0.00006409

min_loss: 6.382538234145442e-05
Epoch 323 begin

Test set: Epoch: 323, Average loss: 0.00006396

min_loss: 6.382538234145442e-05
Epoch 324 begin

Test set: Epoch: 324, Average loss: 0.00006412

min_loss: 6.382538234145442e-05
Epoch 325 begin

Test set: Epoch: 325, Average loss: 0.00006400

min_loss: 6.382538234145442e-05
Epoch 326 begin

Test set: Epoch: 326, Average loss: 0.00006396

min_loss: 6.382538234145442e-05
Epoch 327 begin

Test set: Epoch: 327, Average loss: 0.00006397

min_loss: 6.382538234145442e-05
Epoch 328 begin
