nohup: 忽略输入
model established
Sequential(
  (0): PositionalMapping()
  (1): Transformer(
    (in_net): Linear(in_features=18, out_features=256, bias=True)
    (blocks): ModuleList(
      (0-3): 4 x Block(
        (attn): MultiHeadedSelfAttention(
          (proj_q): Linear(in_features=256, out_features=256, bias=True)
          (proj_k): Linear(in_features=256, out_features=256, bias=True)
          (proj_v): Linear(in_features=256, out_features=256, bias=True)
          (drop): Dropout(p=0, inplace=False)
        )
        (proj): Linear(in_features=256, out_features=256, bias=True)
        (norm1): LayerNorm()
        (pwff): PositionWiseFeedForward(
          (fc1): Linear(in_features=256, out_features=512, bias=True)
          (fc2): Linear(in_features=512, out_features=256, bias=True)
        )
        (norm2): LayerNorm()
        (drop): Dropout(p=0, inplace=False)
      )
    )
    (out_net): Linear(in_features=256, out_features=1024, bias=True)
  )
  (2): Out_net(
    (mask_net): Linear(in_features=5120, out_features=48, bias=True)
    (output_set_net): Linear(in_features=5120, out_features=96, bias=True)
  )
)
Epoch 0 begin

Test set: Epoch: 0, Average loss: 0.00234464

save
min_loss: 0.0023446422876835017
Epoch 1 begin

Test set: Epoch: 1, Average loss: 0.00212751

save
min_loss: 0.0021275094635827344
Epoch 2 begin

Test set: Epoch: 2, Average loss: 0.00184335

save
min_loss: 0.001843346770781739
Epoch 3 begin

Test set: Epoch: 3, Average loss: 0.00195740

min_loss: 0.001843346770781739
Epoch 4 begin

Test set: Epoch: 4, Average loss: 0.00181191

save
min_loss: 0.0018119121304918328
Epoch 5 begin

Test set: Epoch: 5, Average loss: 0.00162301

save
min_loss: 0.0016230137603792175
Epoch 6 begin

Test set: Epoch: 6, Average loss: 0.00164224

min_loss: 0.0016230137603792175
Epoch 7 begin

Test set: Epoch: 7, Average loss: 0.00159927

save
min_loss: 0.001599274070099125
Epoch 8 begin

Test set: Epoch: 8, Average loss: 0.00150554

save
min_loss: 0.0015055365517951396
Epoch 9 begin

Test set: Epoch: 9, Average loss: 0.00149449

save
min_loss: 0.0014944923992116224
Epoch 10 begin

Test set: Epoch: 10, Average loss: 0.00145104

save
min_loss: 0.001451041893119995
Epoch 11 begin

Test set: Epoch: 11, Average loss: 0.00138105

save
min_loss: 0.001381047075463077
Epoch 12 begin

Test set: Epoch: 12, Average loss: 0.00157428

min_loss: 0.001381047075463077
Epoch 13 begin

Test set: Epoch: 13, Average loss: 0.00144756

min_loss: 0.001381047075463077
Epoch 14 begin

Test set: Epoch: 14, Average loss: 0.00145676

min_loss: 0.001381047075463077
Epoch 15 begin

Test set: Epoch: 15, Average loss: 0.00143587

min_loss: 0.001381047075463077
Epoch 16 begin

Test set: Epoch: 16, Average loss: 0.00138279

min_loss: 0.001381047075463077
Epoch 17 begin

Test set: Epoch: 17, Average loss: 0.00134387

save
min_loss: 0.0013438728241407
Epoch 18 begin

Test set: Epoch: 18, Average loss: 0.00130183

save
min_loss: 0.0013018282308800183
Epoch 19 begin

Test set: Epoch: 19, Average loss: 0.00150965

min_loss: 0.0013018282308800183
Epoch 20 begin

Test set: Epoch: 20, Average loss: 0.00129261

save
min_loss: 0.0012926075529483042
Epoch 21 begin

Test set: Epoch: 21, Average loss: 0.00128081

save
min_loss: 0.0012808098300187043
Epoch 22 begin

Test set: Epoch: 22, Average loss: 0.00123859

save
min_loss: 0.0012385853867479624
Epoch 23 begin

Test set: Epoch: 23, Average loss: 0.00139994

min_loss: 0.0012385853867479624
Epoch 24 begin

Test set: Epoch: 24, Average loss: 0.00119043

save
min_loss: 0.0011904331161619712
Epoch 25 begin

Test set: Epoch: 25, Average loss: 0.00135754

min_loss: 0.0011904331161619712
Epoch 26 begin

Test set: Epoch: 26, Average loss: 0.00115673

save
min_loss: 0.0011567277970707206
Epoch 27 begin

Test set: Epoch: 27, Average loss: 0.00113086

save
min_loss: 0.0011308635395211695
Epoch 28 begin

Test set: Epoch: 28, Average loss: 0.00128725

min_loss: 0.0011308635395211695
Epoch 29 begin

Test set: Epoch: 29, Average loss: 0.00116015

min_loss: 0.0011308635395211695
Epoch 30 begin

Test set: Epoch: 30, Average loss: 0.00124596

min_loss: 0.0011308635395211695
Epoch 31 begin

Test set: Epoch: 31, Average loss: 0.00119287

min_loss: 0.0011308635395211695
Epoch 32 begin

Test set: Epoch: 32, Average loss: 0.00116433

min_loss: 0.0011308635395211695
Epoch 33 begin

Test set: Epoch: 33, Average loss: 0.00125023

min_loss: 0.0011308635395211695
Epoch 34 begin

Test set: Epoch: 34, Average loss: 0.00111922

save
min_loss: 0.001119220516523355
Epoch 35 begin

Test set: Epoch: 35, Average loss: 0.00143864

min_loss: 0.001119220516523355
Epoch 36 begin

Test set: Epoch: 36, Average loss: 0.00107622

save
min_loss: 0.0010762222846730167
Epoch 37 begin

Test set: Epoch: 37, Average loss: 0.00110101

min_loss: 0.0010762222846730167
Epoch 38 begin

Test set: Epoch: 38, Average loss: 0.00106765

save
min_loss: 0.0010676515966973811
Epoch 39 begin

Test set: Epoch: 39, Average loss: 0.00104427

save
min_loss: 0.0010442663460618871
Epoch 40 begin

Test set: Epoch: 40, Average loss: 0.00107968

min_loss: 0.0010442663460618871
Epoch 41 begin

Test set: Epoch: 41, Average loss: 0.00103093

save
min_loss: 0.0010309289718747922
Epoch 42 begin

Test set: Epoch: 42, Average loss: 0.00111990

min_loss: 0.0010309289718747922
Epoch 43 begin

Test set: Epoch: 43, Average loss: 0.00111986

min_loss: 0.0010309289718747922
Epoch 44 begin

Test set: Epoch: 44, Average loss: 0.00103668

min_loss: 0.0010309289718747922
Epoch 45 begin

Test set: Epoch: 45, Average loss: 0.00111672

min_loss: 0.0010309289718747922
Epoch 46 begin

Test set: Epoch: 46, Average loss: 0.00103183

min_loss: 0.0010309289718747922
Epoch 47 begin

Test set: Epoch: 47, Average loss: 0.00103950

min_loss: 0.0010309289718747922
Epoch 48 begin

Test set: Epoch: 48, Average loss: 0.00101066

save
min_loss: 0.001010661777957418
Epoch 49 begin

Test set: Epoch: 49, Average loss: 0.00107788

min_loss: 0.001010661777957418
Epoch 50 begin

Test set: Epoch: 50, Average loss: 0.00099479

save
min_loss: 0.0009947928692145554
Epoch 51 begin

Test set: Epoch: 51, Average loss: 0.00103021

min_loss: 0.0009947928692145554
Epoch 52 begin

Test set: Epoch: 52, Average loss: 0.00101758

min_loss: 0.0009947928692145554
Epoch 53 begin

Test set: Epoch: 53, Average loss: 0.00097497

save
min_loss: 0.0009749711024292714
Epoch 54 begin

Test set: Epoch: 54, Average loss: 0.00100542

min_loss: 0.0009749711024292714
Epoch 55 begin

Test set: Epoch: 55, Average loss: 0.00101035

min_loss: 0.0009749711024292714
Epoch 56 begin

Test set: Epoch: 56, Average loss: 0.00099874

min_loss: 0.0009749711024292714
Epoch 57 begin

Test set: Epoch: 57, Average loss: 0.00100725

min_loss: 0.0009749711024292714
Epoch 58 begin

Test set: Epoch: 58, Average loss: 0.00102738

min_loss: 0.0009749711024292714
Epoch 59 begin

Test set: Epoch: 59, Average loss: 0.00102450

min_loss: 0.0009749711024292714
Epoch 60 begin

Test set: Epoch: 60, Average loss: 0.00096104

save
min_loss: 0.0009610370123062046
Epoch 61 begin

Test set: Epoch: 61, Average loss: 0.00112513

min_loss: 0.0009610370123062046
Epoch 62 begin

Test set: Epoch: 62, Average loss: 0.00100290

min_loss: 0.0009610370123062046
Epoch 63 begin

Test set: Epoch: 63, Average loss: 0.00097412

min_loss: 0.0009610370123062046
Epoch 64 begin

Test set: Epoch: 64, Average loss: 0.00101664

min_loss: 0.0009610370123062046
Epoch 65 begin

Test set: Epoch: 65, Average loss: 0.00110386

min_loss: 0.0009610370123062046
Epoch 66 begin

Test set: Epoch: 66, Average loss: 0.00104726

min_loss: 0.0009610370123062046
Epoch 67 begin

Test set: Epoch: 67, Average loss: 0.00099514

min_loss: 0.0009610370123062046
Epoch 68 begin

Test set: Epoch: 68, Average loss: 0.00097556

min_loss: 0.0009610370123062046
Epoch 69 begin

Test set: Epoch: 69, Average loss: 0.00094500

save
min_loss: 0.0009449978842422634
Epoch 70 begin

Test set: Epoch: 70, Average loss: 0.00097420

min_loss: 0.0009449978842422634
Epoch 71 begin

Test set: Epoch: 71, Average loss: 0.00094031

save
min_loss: 0.0009403070746566162
Epoch 72 begin

Test set: Epoch: 72, Average loss: 0.00095039

min_loss: 0.0009403070746566162
Epoch 73 begin

Test set: Epoch: 73, Average loss: 0.00102839

min_loss: 0.0009403070746566162
Epoch 74 begin

Test set: Epoch: 74, Average loss: 0.00101272

min_loss: 0.0009403070746566162
Epoch 75 begin

Test set: Epoch: 75, Average loss: 0.00103325

min_loss: 0.0009403070746566162
Epoch 76 begin

Test set: Epoch: 76, Average loss: 0.00106373

min_loss: 0.0009403070746566162
Epoch 77 begin

Test set: Epoch: 77, Average loss: 0.00092663

save
min_loss: 0.0009266306077938165
Epoch 78 begin

Test set: Epoch: 78, Average loss: 0.00104566

min_loss: 0.0009266306077938165
Epoch 79 begin

Test set: Epoch: 79, Average loss: 0.00092505

save
min_loss: 0.0009250476782393756
Epoch 80 begin

Test set: Epoch: 80, Average loss: 0.00102072

min_loss: 0.0009250476782393756
Epoch 81 begin

Test set: Epoch: 81, Average loss: 0.00092187

save
min_loss: 0.0009218661218841221
Epoch 82 begin

Test set: Epoch: 82, Average loss: 0.00096214

min_loss: 0.0009218661218841221
Epoch 83 begin

Test set: Epoch: 83, Average loss: 0.00102192

min_loss: 0.0009218661218841221
Epoch 84 begin

Test set: Epoch: 84, Average loss: 0.00095275

min_loss: 0.0009218661218841221
Epoch 85 begin

Test set: Epoch: 85, Average loss: 0.00098860

min_loss: 0.0009218661218841221
Epoch 86 begin

Test set: Epoch: 86, Average loss: 0.00095358

min_loss: 0.0009218661218841221
Epoch 87 begin

Test set: Epoch: 87, Average loss: 0.00098911

min_loss: 0.0009218661218841221
Epoch 88 begin

Test set: Epoch: 88, Average loss: 0.00094238

min_loss: 0.0009218661218841221
Epoch 89 begin

Test set: Epoch: 89, Average loss: 0.00091619

save
min_loss: 0.0009161942705153225
Epoch 90 begin

Test set: Epoch: 90, Average loss: 0.00095201

min_loss: 0.0009161942705153225
Epoch 91 begin

Test set: Epoch: 91, Average loss: 0.00095071

min_loss: 0.0009161942705153225
Epoch 92 begin

Test set: Epoch: 92, Average loss: 0.00090716

save
min_loss: 0.0009071643415822559
Epoch 93 begin

Test set: Epoch: 93, Average loss: 0.00101585

min_loss: 0.0009071643415822559
Epoch 94 begin

Test set: Epoch: 94, Average loss: 0.00091312

min_loss: 0.0009071643415822559
Epoch 95 begin

Test set: Epoch: 95, Average loss: 0.00100102

min_loss: 0.0009071643415822559
Epoch 96 begin

Test set: Epoch: 96, Average loss: 0.00093572

min_loss: 0.0009071643415822559
Epoch 97 begin

Test set: Epoch: 97, Average loss: 0.00090570

save
min_loss: 0.0009057047120301776
Epoch 98 begin

Test set: Epoch: 98, Average loss: 0.00093874

min_loss: 0.0009057047120301776
Epoch 99 begin

Test set: Epoch: 99, Average loss: 0.00101174

min_loss: 0.0009057047120301776
Epoch 100 begin

Test set: Epoch: 100, Average loss: 0.00095527

min_loss: 0.0009057047120301776
Epoch 101 begin

Test set: Epoch: 101, Average loss: 0.00093127

min_loss: 0.0009057047120301776
Epoch 102 begin

Test set: Epoch: 102, Average loss: 0.00094562

min_loss: 0.0009057047120301776
Epoch 103 begin

Test set: Epoch: 103, Average loss: 0.00096754

min_loss: 0.0009057047120301776
Epoch 104 begin

Test set: Epoch: 104, Average loss: 0.00095364

min_loss: 0.0009057047120301776
Epoch 105 begin

Test set: Epoch: 105, Average loss: 0.00090128

save
min_loss: 0.0009012830079714026
Epoch 106 begin

Test set: Epoch: 106, Average loss: 0.00096592

min_loss: 0.0009012830079714026
Epoch 107 begin

Test set: Epoch: 107, Average loss: 0.00089544

save
min_loss: 0.0008954373770332754
Epoch 108 begin

Test set: Epoch: 108, Average loss: 0.00090327

min_loss: 0.0008954373770332754
Epoch 109 begin

Test set: Epoch: 109, Average loss: 0.00089546

min_loss: 0.0008954373770332754
Epoch 110 begin

Test set: Epoch: 110, Average loss: 0.00091387

min_loss: 0.0008954373770332754
Epoch 111 begin

Test set: Epoch: 111, Average loss: 0.00104939

min_loss: 0.0008954373770332754
Epoch 112 begin

Test set: Epoch: 112, Average loss: 0.00090112

min_loss: 0.0008954373770332754
Epoch 113 begin

Test set: Epoch: 113, Average loss: 0.00091835

min_loss: 0.0008954373770332754
Epoch 114 begin

Test set: Epoch: 114, Average loss: 0.00088624

save
min_loss: 0.0008862361577533152
Epoch 115 begin

Test set: Epoch: 115, Average loss: 0.00092951

min_loss: 0.0008862361577533152
Epoch 116 begin

Test set: Epoch: 116, Average loss: 0.00094664

min_loss: 0.0008862361577533152
Epoch 117 begin

Test set: Epoch: 117, Average loss: 0.00092389

min_loss: 0.0008862361577533152
Epoch 118 begin

Test set: Epoch: 118, Average loss: 0.00101392

min_loss: 0.0008862361577533152
Epoch 119 begin

Test set: Epoch: 119, Average loss: 0.00089397

min_loss: 0.0008862361577533152
Epoch 120 begin

Test set: Epoch: 120, Average loss: 0.00091921

min_loss: 0.0008862361577533152
Epoch 121 begin

Test set: Epoch: 121, Average loss: 0.00097904

min_loss: 0.0008862361577533152
Epoch 122 begin

Test set: Epoch: 122, Average loss: 0.00090906

min_loss: 0.0008862361577533152
Epoch 123 begin

Test set: Epoch: 123, Average loss: 0.00090630

min_loss: 0.0008862361577533152
Epoch 124 begin

Test set: Epoch: 124, Average loss: 0.00090486

min_loss: 0.0008862361577533152
Epoch 125 begin

Test set: Epoch: 125, Average loss: 0.00092442

min_loss: 0.0008862361577533152
Epoch 126 begin

Test set: Epoch: 126, Average loss: 0.00093729

min_loss: 0.0008862361577533152
Epoch 127 begin

Test set: Epoch: 127, Average loss: 0.00087415

save
min_loss: 0.0008741514558254287
Epoch 128 begin

Test set: Epoch: 128, Average loss: 0.00088692

min_loss: 0.0008741514558254287
Epoch 129 begin

Test set: Epoch: 129, Average loss: 0.00090214

min_loss: 0.0008741514558254287
Epoch 130 begin

Test set: Epoch: 130, Average loss: 0.00091281

min_loss: 0.0008741514558254287
Epoch 131 begin

Test set: Epoch: 131, Average loss: 0.00092453

min_loss: 0.0008741514558254287
Epoch 132 begin

Test set: Epoch: 132, Average loss: 0.00092904

min_loss: 0.0008741514558254287
Epoch 133 begin

Test set: Epoch: 133, Average loss: 0.00096935

min_loss: 0.0008741514558254287
Epoch 134 begin

Test set: Epoch: 134, Average loss: 0.00090797

min_loss: 0.0008741514558254287
Epoch 135 begin

Test set: Epoch: 135, Average loss: 0.00090993

min_loss: 0.0008741514558254287
Epoch 136 begin

Test set: Epoch: 136, Average loss: 0.00091496

min_loss: 0.0008741514558254287
Epoch 137 begin

Test set: Epoch: 137, Average loss: 0.00089525

min_loss: 0.0008741514558254287
Epoch 138 begin

Test set: Epoch: 138, Average loss: 0.00093236

min_loss: 0.0008741514558254287
Epoch 139 begin

Test set: Epoch: 139, Average loss: 0.00091717

min_loss: 0.0008741514558254287
Epoch 140 begin

Test set: Epoch: 140, Average loss: 0.00089378

min_loss: 0.0008741514558254287
Epoch 141 begin

Test set: Epoch: 141, Average loss: 0.00090931

min_loss: 0.0008741514558254287
Epoch 142 begin

Test set: Epoch: 142, Average loss: 0.00090808

min_loss: 0.0008741514558254287
Epoch 143 begin

Test set: Epoch: 143, Average loss: 0.00091620

min_loss: 0.0008741514558254287
Epoch 144 begin

Test set: Epoch: 144, Average loss: 0.00091825

min_loss: 0.0008741514558254287
Epoch 145 begin

Test set: Epoch: 145, Average loss: 0.00090268

min_loss: 0.0008741514558254287
Epoch 146 begin

Test set: Epoch: 146, Average loss: 0.00087977

min_loss: 0.0008741514558254287
Epoch 147 begin

Test set: Epoch: 147, Average loss: 0.00090201

min_loss: 0.0008741514558254287
Epoch 148 begin

Test set: Epoch: 148, Average loss: 0.00091529

min_loss: 0.0008741514558254287
Epoch 149 begin

Test set: Epoch: 149, Average loss: 0.00090145

min_loss: 0.0008741514558254287
Epoch 150 begin

Test set: Epoch: 150, Average loss: 0.00090948

min_loss: 0.0008741514558254287
Epoch 151 begin

Test set: Epoch: 151, Average loss: 0.00088017

min_loss: 0.0008741514558254287
Epoch 152 begin

Test set: Epoch: 152, Average loss: 0.00100681

min_loss: 0.0008741514558254287
Epoch 153 begin

Test set: Epoch: 153, Average loss: 0.00088936

min_loss: 0.0008741514558254287
Epoch 154 begin

Test set: Epoch: 154, Average loss: 0.00089250

min_loss: 0.0008741514558254287
Epoch 155 begin

Test set: Epoch: 155, Average loss: 0.00089081

min_loss: 0.0008741514558254287
Epoch 156 begin

Test set: Epoch: 156, Average loss: 0.00093810

min_loss: 0.0008741514558254287
Epoch 157 begin

Test set: Epoch: 157, Average loss: 0.00092487

min_loss: 0.0008741514558254287
Epoch 158 begin

Test set: Epoch: 158, Average loss: 0.00088887

min_loss: 0.0008741514558254287
Epoch 159 begin

Test set: Epoch: 159, Average loss: 0.00093902

min_loss: 0.0008741514558254287
Epoch 160 begin

Test set: Epoch: 160, Average loss: 0.00089314

min_loss: 0.0008741514558254287
Epoch 161 begin

Test set: Epoch: 161, Average loss: 0.00091029

min_loss: 0.0008741514558254287
Epoch 162 begin

Test set: Epoch: 162, Average loss: 0.00088643

min_loss: 0.0008741514558254287
Epoch 163 begin

Test set: Epoch: 163, Average loss: 0.00091497

min_loss: 0.0008741514558254287
Epoch 164 begin

Test set: Epoch: 164, Average loss: 0.00093257

min_loss: 0.0008741514558254287
Epoch 165 begin

Test set: Epoch: 165, Average loss: 0.00090911

min_loss: 0.0008741514558254287
Epoch 166 begin

Test set: Epoch: 166, Average loss: 0.00091793

min_loss: 0.0008741514558254287
Epoch 167 begin

Test set: Epoch: 167, Average loss: 0.00091023

min_loss: 0.0008741514558254287
Epoch 168 begin

Test set: Epoch: 168, Average loss: 0.00090049

min_loss: 0.0008741514558254287
Epoch 169 begin

Test set: Epoch: 169, Average loss: 0.00091701

min_loss: 0.0008741514558254287
Epoch 170 begin

Test set: Epoch: 170, Average loss: 0.00089717

min_loss: 0.0008741514558254287
Epoch 171 begin

Test set: Epoch: 171, Average loss: 0.00095610

min_loss: 0.0008741514558254287
Epoch 172 begin

Test set: Epoch: 172, Average loss: 0.00089750

min_loss: 0.0008741514558254287
Epoch 173 begin

Test set: Epoch: 173, Average loss: 0.00097426

min_loss: 0.0008741514558254287
Epoch 174 begin

Test set: Epoch: 174, Average loss: 0.00089119

min_loss: 0.0008741514558254287
Epoch 175 begin

Test set: Epoch: 175, Average loss: 0.00095970

min_loss: 0.0008741514558254287
Epoch 176 begin

Test set: Epoch: 176, Average loss: 0.00089649

min_loss: 0.0008741514558254287
Epoch 177 begin

Test set: Epoch: 177, Average loss: 0.00093826

min_loss: 0.0008741514558254287
Epoch 178 begin

Test set: Epoch: 178, Average loss: 0.00098841

min_loss: 0.0008741514558254287
Epoch 179 begin

Test set: Epoch: 179, Average loss: 0.00098327

min_loss: 0.0008741514558254287
Epoch 180 begin

Test set: Epoch: 180, Average loss: 0.00090060

min_loss: 0.0008741514558254287
Epoch 181 begin

Test set: Epoch: 181, Average loss: 0.00089972

min_loss: 0.0008741514558254287
Epoch 182 begin

Test set: Epoch: 182, Average loss: 0.00092756

min_loss: 0.0008741514558254287
Epoch 183 begin

Test set: Epoch: 183, Average loss: 0.00089192

min_loss: 0.0008741514558254287
Epoch 184 begin

Test set: Epoch: 184, Average loss: 0.00091982

min_loss: 0.0008741514558254287
Epoch 185 begin

Test set: Epoch: 185, Average loss: 0.00091981

min_loss: 0.0008741514558254287
Epoch 186 begin

Test set: Epoch: 186, Average loss: 0.00089593

min_loss: 0.0008741514558254287
Epoch 187 begin

Test set: Epoch: 187, Average loss: 0.00087963

min_loss: 0.0008741514558254287
Epoch 188 begin

Test set: Epoch: 188, Average loss: 0.00089983

min_loss: 0.0008741514558254287
Epoch 189 begin

Test set: Epoch: 189, Average loss: 0.00090431

min_loss: 0.0008741514558254287
Epoch 190 begin

Test set: Epoch: 190, Average loss: 0.00092098

min_loss: 0.0008741514558254287
Epoch 191 begin

Test set: Epoch: 191, Average loss: 0.00094919

min_loss: 0.0008741514558254287
Epoch 192 begin

Test set: Epoch: 192, Average loss: 0.00088809

min_loss: 0.0008741514558254287
Epoch 193 begin

Test set: Epoch: 193, Average loss: 0.00089322

min_loss: 0.0008741514558254287
Epoch 194 begin

Test set: Epoch: 194, Average loss: 0.00088740

min_loss: 0.0008741514558254287
Epoch 195 begin

Test set: Epoch: 195, Average loss: 0.00088922

min_loss: 0.0008741514558254287
Epoch 196 begin

Test set: Epoch: 196, Average loss: 0.00088649

min_loss: 0.0008741514558254287
Epoch 197 begin

Test set: Epoch: 197, Average loss: 0.00094108

min_loss: 0.0008741514558254287
Epoch 198 begin

Test set: Epoch: 198, Average loss: 0.00089822

min_loss: 0.0008741514558254287
Epoch 199 begin

Test set: Epoch: 199, Average loss: 0.00145584

min_loss: 0.0008741514558254287
Epoch 200 begin

Test set: Epoch: 200, Average loss: 0.00088712

min_loss: 0.0008741514558254287
Epoch 201 begin

Test set: Epoch: 201, Average loss: 0.00090634

min_loss: 0.0008741514558254287
Epoch 202 begin

Test set: Epoch: 202, Average loss: 0.00089923

min_loss: 0.0008741514558254287
Epoch 203 begin

Test set: Epoch: 203, Average loss: 0.00091464

min_loss: 0.0008741514558254287
Epoch 204 begin

Test set: Epoch: 204, Average loss: 0.00091292

min_loss: 0.0008741514558254287
Epoch 205 begin

Test set: Epoch: 205, Average loss: 0.00096200

min_loss: 0.0008741514558254287
Epoch 206 begin

Test set: Epoch: 206, Average loss: 0.00090970

min_loss: 0.0008741514558254287
Epoch 207 begin

Test set: Epoch: 207, Average loss: 0.00124695

min_loss: 0.0008741514558254287
Epoch 208 begin

Test set: Epoch: 208, Average loss: 0.00091303

min_loss: 0.0008741514558254287
Epoch 209 begin

Test set: Epoch: 209, Average loss: 0.00090562

min_loss: 0.0008741514558254287
Epoch 210 begin

Test set: Epoch: 210, Average loss: 0.00098090

min_loss: 0.0008741514558254287
Epoch 211 begin

Test set: Epoch: 211, Average loss: 0.00089065

min_loss: 0.0008741514558254287
Epoch 212 begin

Test set: Epoch: 212, Average loss: 0.00097161

min_loss: 0.0008741514558254287
Epoch 213 begin

Test set: Epoch: 213, Average loss: 0.00090716

min_loss: 0.0008741514558254287
Epoch 214 begin

Test set: Epoch: 214, Average loss: 0.00090541

min_loss: 0.0008741514558254287
Epoch 215 begin

Test set: Epoch: 215, Average loss: 0.00089422

min_loss: 0.0008741514558254287
Epoch 216 begin

Test set: Epoch: 216, Average loss: 0.00092552

min_loss: 0.0008741514558254287
Epoch 217 begin

Test set: Epoch: 217, Average loss: 0.00090627

min_loss: 0.0008741514558254287
Epoch 218 begin

Test set: Epoch: 218, Average loss: 0.00090985

min_loss: 0.0008741514558254287
Epoch 219 begin

Test set: Epoch: 219, Average loss: 0.00091407

min_loss: 0.0008741514558254287
Epoch 220 begin

Test set: Epoch: 220, Average loss: 0.00096480

min_loss: 0.0008741514558254287
Epoch 221 begin

Test set: Epoch: 221, Average loss: 0.00093080

min_loss: 0.0008741514558254287
Epoch 222 begin

Test set: Epoch: 222, Average loss: 0.00092365

min_loss: 0.0008741514558254287
Epoch 223 begin

Test set: Epoch: 223, Average loss: 0.00093707

min_loss: 0.0008741514558254287
Epoch 224 begin

Test set: Epoch: 224, Average loss: 0.00092776

min_loss: 0.0008741514558254287
Epoch 225 begin

Test set: Epoch: 225, Average loss: 0.00090454

min_loss: 0.0008741514558254287
Epoch 226 begin

Test set: Epoch: 226, Average loss: 0.00093277

min_loss: 0.0008741514558254287
Epoch 227 begin

Test set: Epoch: 227, Average loss: 0.00089613

min_loss: 0.0008741514558254287
Epoch 228 begin

Test set: Epoch: 228, Average loss: 0.00089862

min_loss: 0.0008741514558254287
Epoch 229 begin

Test set: Epoch: 229, Average loss: 0.00105113

min_loss: 0.0008741514558254287
Epoch 230 begin

Test set: Epoch: 230, Average loss: 0.00094280

min_loss: 0.0008741514558254287
Epoch 231 begin

Test set: Epoch: 231, Average loss: 0.00089853

min_loss: 0.0008741514558254287
Epoch 232 begin

Test set: Epoch: 232, Average loss: 0.00091600

min_loss: 0.0008741514558254287
Epoch 233 begin

Test set: Epoch: 233, Average loss: 0.00089764

min_loss: 0.0008741514558254287
Epoch 234 begin

Test set: Epoch: 234, Average loss: 0.00089691

min_loss: 0.0008741514558254287
Epoch 235 begin

Test set: Epoch: 235, Average loss: 0.00094064

min_loss: 0.0008741514558254287
Epoch 236 begin

Test set: Epoch: 236, Average loss: 0.00094068

min_loss: 0.0008741514558254287
Epoch 237 begin

Test set: Epoch: 237, Average loss: 0.00091560

min_loss: 0.0008741514558254287
Epoch 238 begin

Test set: Epoch: 238, Average loss: 0.00089419

min_loss: 0.0008741514558254287
Epoch 239 begin

Test set: Epoch: 239, Average loss: 0.00091628

min_loss: 0.0008741514558254287
Epoch 240 begin

Test set: Epoch: 240, Average loss: 0.00093902

min_loss: 0.0008741514558254287
Epoch 241 begin

Test set: Epoch: 241, Average loss: 0.00092067

min_loss: 0.0008741514558254287
Epoch 242 begin

Test set: Epoch: 242, Average loss: 0.00091414

min_loss: 0.0008741514558254287
Epoch 243 begin

Test set: Epoch: 243, Average loss: 0.00095537

min_loss: 0.0008741514558254287
Epoch 244 begin

Test set: Epoch: 244, Average loss: 0.00096006

min_loss: 0.0008741514558254287
Epoch 245 begin

Test set: Epoch: 245, Average loss: 0.00092867

min_loss: 0.0008741514558254287
Epoch 246 begin

Test set: Epoch: 246, Average loss: 0.00091298

min_loss: 0.0008741514558254287
Epoch 247 begin

Test set: Epoch: 247, Average loss: 0.00091935

min_loss: 0.0008741514558254287
Epoch 248 begin

Test set: Epoch: 248, Average loss: 0.00093676

min_loss: 0.0008741514558254287
Epoch 249 begin

Test set: Epoch: 249, Average loss: 0.00096955

min_loss: 0.0008741514558254287
Epoch 250 begin

Test set: Epoch: 250, Average loss: 0.00091443

min_loss: 0.0008741514558254287
Epoch 251 begin

Test set: Epoch: 251, Average loss: 0.00092884

min_loss: 0.0008741514558254287
Epoch 252 begin

Test set: Epoch: 252, Average loss: 0.00089685

min_loss: 0.0008741514558254287
Epoch 253 begin

Test set: Epoch: 253, Average loss: 0.00090956

min_loss: 0.0008741514558254287
Epoch 254 begin

Test set: Epoch: 254, Average loss: 0.00089926

min_loss: 0.0008741514558254287
Epoch 255 begin

Test set: Epoch: 255, Average loss: 0.00091071

min_loss: 0.0008741514558254287
Epoch 256 begin

Test set: Epoch: 256, Average loss: 0.00091735

min_loss: 0.0008741514558254287
Epoch 257 begin

Test set: Epoch: 257, Average loss: 0.00092249

min_loss: 0.0008741514558254287
Epoch 258 begin

Test set: Epoch: 258, Average loss: 0.00091944

min_loss: 0.0008741514558254287
Epoch 259 begin

Test set: Epoch: 259, Average loss: 0.00091970

min_loss: 0.0008741514558254287
Epoch 260 begin

Test set: Epoch: 260, Average loss: 0.00091232

min_loss: 0.0008741514558254287
Epoch 261 begin

Test set: Epoch: 261, Average loss: 0.00091971

min_loss: 0.0008741514558254287
Epoch 262 begin

Test set: Epoch: 262, Average loss: 0.00093506

min_loss: 0.0008741514558254287
Epoch 263 begin

Test set: Epoch: 263, Average loss: 0.00093610

min_loss: 0.0008741514558254287
Epoch 264 begin

Test set: Epoch: 264, Average loss: 0.00095901

min_loss: 0.0008741514558254287
Epoch 265 begin

Test set: Epoch: 265, Average loss: 0.00093287

min_loss: 0.0008741514558254287
Epoch 266 begin

Test set: Epoch: 266, Average loss: 0.00094033

min_loss: 0.0008741514558254287
Epoch 267 begin

Test set: Epoch: 267, Average loss: 0.00090085

min_loss: 0.0008741514558254287
Epoch 268 begin

Test set: Epoch: 268, Average loss: 0.00094824

min_loss: 0.0008741514558254287
Epoch 269 begin

Test set: Epoch: 269, Average loss: 0.00094222

min_loss: 0.0008741514558254287
Epoch 270 begin

Test set: Epoch: 270, Average loss: 0.00092515

min_loss: 0.0008741514558254287
Epoch 271 begin

Test set: Epoch: 271, Average loss: 0.00092559

min_loss: 0.0008741514558254287
Epoch 272 begin

Test set: Epoch: 272, Average loss: 0.00092825

min_loss: 0.0008741514558254287
Epoch 273 begin

Test set: Epoch: 273, Average loss: 0.00091291

min_loss: 0.0008741514558254287
Epoch 274 begin

Test set: Epoch: 274, Average loss: 0.00098810

min_loss: 0.0008741514558254287
Epoch 275 begin

Test set: Epoch: 275, Average loss: 0.00092153

min_loss: 0.0008741514558254287
Epoch 276 begin

Test set: Epoch: 276, Average loss: 0.00091014

min_loss: 0.0008741514558254287
Epoch 277 begin

Test set: Epoch: 277, Average loss: 0.00091674

min_loss: 0.0008741514558254287
Epoch 278 begin

Test set: Epoch: 278, Average loss: 0.00094804

min_loss: 0.0008741514558254287
Epoch 279 begin

Test set: Epoch: 279, Average loss: 0.00092739

min_loss: 0.0008741514558254287
Epoch 280 begin

Test set: Epoch: 280, Average loss: 0.00091876

min_loss: 0.0008741514558254287
Epoch 281 begin

Test set: Epoch: 281, Average loss: 0.00091110

min_loss: 0.0008741514558254287
Epoch 282 begin

Test set: Epoch: 282, Average loss: 0.00093689

min_loss: 0.0008741514558254287
Epoch 283 begin

Test set: Epoch: 283, Average loss: 0.00091702

min_loss: 0.0008741514558254287
Epoch 284 begin

Test set: Epoch: 284, Average loss: 0.00093041

min_loss: 0.0008741514558254287
Epoch 285 begin

Test set: Epoch: 285, Average loss: 0.00093287

min_loss: 0.0008741514558254287
Epoch 286 begin

Test set: Epoch: 286, Average loss: 0.00093470

min_loss: 0.0008741514558254287
Epoch 287 begin

Test set: Epoch: 287, Average loss: 0.00092751

min_loss: 0.0008741514558254287
Epoch 288 begin

Test set: Epoch: 288, Average loss: 0.00092427

min_loss: 0.0008741514558254287
Epoch 289 begin

Test set: Epoch: 289, Average loss: 0.00093661

min_loss: 0.0008741514558254287
Epoch 290 begin

Test set: Epoch: 290, Average loss: 0.00092363

min_loss: 0.0008741514558254287
Epoch 291 begin

Test set: Epoch: 291, Average loss: 0.00095091

min_loss: 0.0008741514558254287
Epoch 292 begin

Test set: Epoch: 292, Average loss: 0.00096451

min_loss: 0.0008741514558254287
Epoch 293 begin

Test set: Epoch: 293, Average loss: 0.00095188

min_loss: 0.0008741514558254287
Epoch 294 begin

Test set: Epoch: 294, Average loss: 0.00091341

min_loss: 0.0008741514558254287
Epoch 295 begin

Test set: Epoch: 295, Average loss: 0.00095360

min_loss: 0.0008741514558254287
Epoch 296 begin

Test set: Epoch: 296, Average loss: 0.00095549

min_loss: 0.0008741514558254287
Epoch 297 begin

Test set: Epoch: 297, Average loss: 0.00095598

min_loss: 0.0008741514558254287
Epoch 298 begin

Test set: Epoch: 298, Average loss: 0.00094541

min_loss: 0.0008741514558254287
Epoch 299 begin

Test set: Epoch: 299, Average loss: 0.00092925

min_loss: 0.0008741514558254287
Epoch 300 begin

Test set: Epoch: 300, Average loss: 0.00088602

min_loss: 0.0008741514558254287
Epoch 301 begin

Test set: Epoch: 301, Average loss: 0.00089087

min_loss: 0.0008741514558254287
Epoch 302 begin

Test set: Epoch: 302, Average loss: 0.00089616

min_loss: 0.0008741514558254287
Epoch 303 begin

Test set: Epoch: 303, Average loss: 0.00089714

min_loss: 0.0008741514558254287
Epoch 304 begin

Test set: Epoch: 304, Average loss: 0.00089757

min_loss: 0.0008741514558254287
Epoch 305 begin

Test set: Epoch: 305, Average loss: 0.00090546

min_loss: 0.0008741514558254287
Epoch 306 begin

Test set: Epoch: 306, Average loss: 0.00090666

min_loss: 0.0008741514558254287
Epoch 307 begin

Test set: Epoch: 307, Average loss: 0.00090526

min_loss: 0.0008741514558254287
Epoch 308 begin

Test set: Epoch: 308, Average loss: 0.00091079

min_loss: 0.0008741514558254287
Epoch 309 begin

Test set: Epoch: 309, Average loss: 0.00091120

min_loss: 0.0008741514558254287
Epoch 310 begin

Test set: Epoch: 310, Average loss: 0.00091436

min_loss: 0.0008741514558254287
Epoch 311 begin

Test set: Epoch: 311, Average loss: 0.00091443

min_loss: 0.0008741514558254287
Epoch 312 begin

Test set: Epoch: 312, Average loss: 0.00091792

min_loss: 0.0008741514558254287
Epoch 313 begin

Test set: Epoch: 313, Average loss: 0.00091988

min_loss: 0.0008741514558254287
Epoch 314 begin

Test set: Epoch: 314, Average loss: 0.00091750

min_loss: 0.0008741514558254287
Epoch 315 begin

Test set: Epoch: 315, Average loss: 0.00091678

min_loss: 0.0008741514558254287
Epoch 316 begin

Test set: Epoch: 316, Average loss: 0.00092360

min_loss: 0.0008741514558254287
Epoch 317 begin

Test set: Epoch: 317, Average loss: 0.00091915

min_loss: 0.0008741514558254287
Epoch 318 begin

Test set: Epoch: 318, Average loss: 0.00092542

min_loss: 0.0008741514558254287
Epoch 319 begin

Test set: Epoch: 319, Average loss: 0.00092817

min_loss: 0.0008741514558254287
Epoch 320 begin

Test set: Epoch: 320, Average loss: 0.00092221

min_loss: 0.0008741514558254287
Epoch 321 begin

Test set: Epoch: 321, Average loss: 0.00093465

min_loss: 0.0008741514558254287
Epoch 322 begin

Test set: Epoch: 322, Average loss: 0.00092717

min_loss: 0.0008741514558254287
Epoch 323 begin

Test set: Epoch: 323, Average loss: 0.00093036

min_loss: 0.0008741514558254287
Epoch 324 begin

Test set: Epoch: 324, Average loss: 0.00093546

min_loss: 0.0008741514558254287
Epoch 325 begin

Test set: Epoch: 325, Average loss: 0.00093184

min_loss: 0.0008741514558254287
Epoch 326 begin

Test set: Epoch: 326, Average loss: 0.00093407

min_loss: 0.0008741514558254287
Epoch 327 begin

Test set: Epoch: 327, Average loss: 0.00093443

min_loss: 0.0008741514558254287
Epoch 328 begin

Test set: Epoch: 328, Average loss: 0.00093709

min_loss: 0.0008741514558254287
Epoch 329 begin

Test set: Epoch: 329, Average loss: 0.00093545

min_loss: 0.0008741514558254287
Epoch 330 begin

Test set: Epoch: 330, Average loss: 0.00093774

min_loss: 0.0008741514558254287
Epoch 331 begin

Test set: Epoch: 331, Average loss: 0.00094038

min_loss: 0.0008741514558254287
Epoch 332 begin

Test set: Epoch: 332, Average loss: 0.00093678

min_loss: 0.0008741514558254287
Epoch 333 begin

Test set: Epoch: 333, Average loss: 0.00094193

min_loss: 0.0008741514558254287
Epoch 334 begin

Test set: Epoch: 334, Average loss: 0.00094225

min_loss: 0.0008741514558254287
Epoch 335 begin

Test set: Epoch: 335, Average loss: 0.00094436

min_loss: 0.0008741514558254287
Epoch 336 begin

Test set: Epoch: 336, Average loss: 0.00094254

min_loss: 0.0008741514558254287
Epoch 337 begin

Test set: Epoch: 337, Average loss: 0.00094303

min_loss: 0.0008741514558254287
Epoch 338 begin

Test set: Epoch: 338, Average loss: 0.00094561

min_loss: 0.0008741514558254287
Epoch 339 begin

Test set: Epoch: 339, Average loss: 0.00094858

min_loss: 0.0008741514558254287
Epoch 340 begin

Test set: Epoch: 340, Average loss: 0.00094322

min_loss: 0.0008741514558254287
Epoch 341 begin

Test set: Epoch: 341, Average loss: 0.00095020

min_loss: 0.0008741514558254287
Epoch 342 begin

Test set: Epoch: 342, Average loss: 0.00094665

min_loss: 0.0008741514558254287
Epoch 343 begin

Test set: Epoch: 343, Average loss: 0.00095241

min_loss: 0.0008741514558254287
Epoch 344 begin

Test set: Epoch: 344, Average loss: 0.00095895

min_loss: 0.0008741514558254287
Epoch 345 begin

Test set: Epoch: 345, Average loss: 0.00095127

min_loss: 0.0008741514558254287
Epoch 346 begin

Test set: Epoch: 346, Average loss: 0.00095646

min_loss: 0.0008741514558254287
Epoch 347 begin

Test set: Epoch: 347, Average loss: 0.00095423

min_loss: 0.0008741514558254287
Epoch 348 begin

Test set: Epoch: 348, Average loss: 0.00096076

min_loss: 0.0008741514558254287
Epoch 349 begin

Test set: Epoch: 349, Average loss: 0.00095910

min_loss: 0.0008741514558254287
Epoch 350 begin

Test set: Epoch: 350, Average loss: 0.00095833

min_loss: 0.0008741514558254287
Epoch 351 begin

Test set: Epoch: 351, Average loss: 0.00095343

min_loss: 0.0008741514558254287
Epoch 352 begin

Test set: Epoch: 352, Average loss: 0.00095993

min_loss: 0.0008741514558254287
Epoch 353 begin

Test set: Epoch: 353, Average loss: 0.00095698

min_loss: 0.0008741514558254287
Epoch 354 begin

Test set: Epoch: 354, Average loss: 0.00096204

min_loss: 0.0008741514558254287
Epoch 355 begin

Test set: Epoch: 355, Average loss: 0.00095787

min_loss: 0.0008741514558254287
Epoch 356 begin

Test set: Epoch: 356, Average loss: 0.00095625

min_loss: 0.0008741514558254287
Epoch 357 begin

Test set: Epoch: 357, Average loss: 0.00096084

min_loss: 0.0008741514558254287
Epoch 358 begin

Test set: Epoch: 358, Average loss: 0.00096639

min_loss: 0.0008741514558254287
Epoch 359 begin

Test set: Epoch: 359, Average loss: 0.00096496

min_loss: 0.0008741514558254287
Epoch 360 begin

Test set: Epoch: 360, Average loss: 0.00096117

min_loss: 0.0008741514558254287
Epoch 361 begin

Test set: Epoch: 361, Average loss: 0.00096028

min_loss: 0.0008741514558254287
Epoch 362 begin

Test set: Epoch: 362, Average loss: 0.00097226

min_loss: 0.0008741514558254287
Epoch 363 begin

Test set: Epoch: 363, Average loss: 0.00096633

min_loss: 0.0008741514558254287
Epoch 364 begin

Test set: Epoch: 364, Average loss: 0.00096359

min_loss: 0.0008741514558254287
Epoch 365 begin

Test set: Epoch: 365, Average loss: 0.00096824

min_loss: 0.0008741514558254287
Epoch 366 begin

Test set: Epoch: 366, Average loss: 0.00096912

min_loss: 0.0008741514558254287
Epoch 367 begin

Test set: Epoch: 367, Average loss: 0.00097458

min_loss: 0.0008741514558254287
Epoch 368 begin

Test set: Epoch: 368, Average loss: 0.00096771

min_loss: 0.0008741514558254287
Epoch 369 begin

Test set: Epoch: 369, Average loss: 0.00097527

min_loss: 0.0008741514558254287
Epoch 370 begin

Test set: Epoch: 370, Average loss: 0.00098074

min_loss: 0.0008741514558254287
Epoch 371 begin

Test set: Epoch: 371, Average loss: 0.00096987

min_loss: 0.0008741514558254287
Epoch 372 begin

Test set: Epoch: 372, Average loss: 0.00097304

min_loss: 0.0008741514558254287
Epoch 373 begin

Test set: Epoch: 373, Average loss: 0.00098226

min_loss: 0.0008741514558254287
Epoch 374 begin

Test set: Epoch: 374, Average loss: 0.00097218

min_loss: 0.0008741514558254287
Epoch 375 begin

Test set: Epoch: 375, Average loss: 0.00096986

min_loss: 0.0008741514558254287
Epoch 376 begin

Test set: Epoch: 376, Average loss: 0.00097731

min_loss: 0.0008741514558254287
Epoch 377 begin

Test set: Epoch: 377, Average loss: 0.00097684

min_loss: 0.0008741514558254287
Epoch 378 begin

Test set: Epoch: 378, Average loss: 0.00097926

min_loss: 0.0008741514558254287
Epoch 379 begin

Test set: Epoch: 379, Average loss: 0.00097950

min_loss: 0.0008741514558254287
Epoch 380 begin

Test set: Epoch: 380, Average loss: 0.00098080

min_loss: 0.0008741514558254287
Epoch 381 begin

Test set: Epoch: 381, Average loss: 0.00097782

min_loss: 0.0008741514558254287
Epoch 382 begin

Test set: Epoch: 382, Average loss: 0.00097603

min_loss: 0.0008741514558254287
Epoch 383 begin

Test set: Epoch: 383, Average loss: 0.00097478

min_loss: 0.0008741514558254287
Epoch 384 begin

Test set: Epoch: 384, Average loss: 0.00098147

min_loss: 0.0008741514558254287
Epoch 385 begin

Test set: Epoch: 385, Average loss: 0.00097952

min_loss: 0.0008741514558254287
Epoch 386 begin

Test set: Epoch: 386, Average loss: 0.00097684

min_loss: 0.0008741514558254287
Epoch 387 begin

Test set: Epoch: 387, Average loss: 0.00098769

min_loss: 0.0008741514558254287
Epoch 388 begin

Test set: Epoch: 388, Average loss: 0.00098418

min_loss: 0.0008741514558254287
Epoch 389 begin

Test set: Epoch: 389, Average loss: 0.00099030

min_loss: 0.0008741514558254287
Epoch 390 begin

Test set: Epoch: 390, Average loss: 0.00098201

min_loss: 0.0008741514558254287
Epoch 391 begin

Test set: Epoch: 391, Average loss: 0.00098345

min_loss: 0.0008741514558254287
Epoch 392 begin

Test set: Epoch: 392, Average loss: 0.00098109

min_loss: 0.0008741514558254287
Epoch 393 begin

Test set: Epoch: 393, Average loss: 0.00099006

min_loss: 0.0008741514558254287
Epoch 394 begin

Test set: Epoch: 394, Average loss: 0.00098529

min_loss: 0.0008741514558254287
Epoch 395 begin

Test set: Epoch: 395, Average loss: 0.00098896

min_loss: 0.0008741514558254287
Epoch 396 begin

Test set: Epoch: 396, Average loss: 0.00098437

min_loss: 0.0008741514558254287
Epoch 397 begin

Test set: Epoch: 397, Average loss: 0.00099069

min_loss: 0.0008741514558254287
Epoch 398 begin

Test set: Epoch: 398, Average loss: 0.00099153

min_loss: 0.0008741514558254287
Epoch 399 begin

Test set: Epoch: 399, Average loss: 0.00099366

min_loss: 0.0008741514558254287
Epoch 400 begin

Test set: Epoch: 400, Average loss: 0.00099627

min_loss: 0.0008741514558254287
Epoch 401 begin

Test set: Epoch: 401, Average loss: 0.00098925

min_loss: 0.0008741514558254287
Epoch 402 begin

Test set: Epoch: 402, Average loss: 0.00098993

min_loss: 0.0008741514558254287
Epoch 403 begin

Test set: Epoch: 403, Average loss: 0.00099241

min_loss: 0.0008741514558254287
Epoch 404 begin

Test set: Epoch: 404, Average loss: 0.00098960

min_loss: 0.0008741514558254287
Epoch 405 begin

Test set: Epoch: 405, Average loss: 0.00098883

min_loss: 0.0008741514558254287
Epoch 406 begin

Test set: Epoch: 406, Average loss: 0.00100149

min_loss: 0.0008741514558254287
Epoch 407 begin

Test set: Epoch: 407, Average loss: 0.00099831

min_loss: 0.0008741514558254287
Epoch 408 begin

Test set: Epoch: 408, Average loss: 0.00099367

min_loss: 0.0008741514558254287
Epoch 409 begin

Test set: Epoch: 409, Average loss: 0.00099768

min_loss: 0.0008741514558254287
Epoch 410 begin

Test set: Epoch: 410, Average loss: 0.00099012

min_loss: 0.0008741514558254287
Epoch 411 begin

Test set: Epoch: 411, Average loss: 0.00099529

min_loss: 0.0008741514558254287
Epoch 412 begin

Test set: Epoch: 412, Average loss: 0.00099675

min_loss: 0.0008741514558254287
Epoch 413 begin

Test set: Epoch: 413, Average loss: 0.00099848

min_loss: 0.0008741514558254287
Epoch 414 begin

Test set: Epoch: 414, Average loss: 0.00099384

min_loss: 0.0008741514558254287
Epoch 415 begin

Test set: Epoch: 415, Average loss: 0.00099725

min_loss: 0.0008741514558254287
Epoch 416 begin

Test set: Epoch: 416, Average loss: 0.00099913

min_loss: 0.0008741514558254287
Epoch 417 begin

Test set: Epoch: 417, Average loss: 0.00100376

min_loss: 0.0008741514558254287
Epoch 418 begin

Test set: Epoch: 418, Average loss: 0.00099647

min_loss: 0.0008741514558254287
Epoch 419 begin

Test set: Epoch: 419, Average loss: 0.00100452

min_loss: 0.0008741514558254287
Epoch 420 begin

Test set: Epoch: 420, Average loss: 0.00100177

min_loss: 0.0008741514558254287
Epoch 421 begin

Test set: Epoch: 421, Average loss: 0.00100868

min_loss: 0.0008741514558254287
Epoch 422 begin

Test set: Epoch: 422, Average loss: 0.00100011

min_loss: 0.0008741514558254287
Epoch 423 begin

Test set: Epoch: 423, Average loss: 0.00099712

min_loss: 0.0008741514558254287
Epoch 424 begin

Test set: Epoch: 424, Average loss: 0.00100208

min_loss: 0.0008741514558254287
Epoch 425 begin

Test set: Epoch: 425, Average loss: 0.00101735

min_loss: 0.0008741514558254287
Epoch 426 begin

Test set: Epoch: 426, Average loss: 0.00100571

min_loss: 0.0008741514558254287
Epoch 427 begin

Test set: Epoch: 427, Average loss: 0.00100801

min_loss: 0.0008741514558254287
Epoch 428 begin

Test set: Epoch: 428, Average loss: 0.00100752

min_loss: 0.0008741514558254287
Epoch 429 begin

Test set: Epoch: 429, Average loss: 0.00100055

min_loss: 0.0008741514558254287
Epoch 430 begin

Test set: Epoch: 430, Average loss: 0.00100113

min_loss: 0.0008741514558254287
Epoch 431 begin

Test set: Epoch: 431, Average loss: 0.00101073

min_loss: 0.0008741514558254287
Epoch 432 begin

Test set: Epoch: 432, Average loss: 0.00100987

min_loss: 0.0008741514558254287
Epoch 433 begin

Test set: Epoch: 433, Average loss: 0.00100369

min_loss: 0.0008741514558254287
Epoch 434 begin

Test set: Epoch: 434, Average loss: 0.00100601

min_loss: 0.0008741514558254287
Epoch 435 begin

Test set: Epoch: 435, Average loss: 0.00099917

min_loss: 0.0008741514558254287
Epoch 436 begin

Test set: Epoch: 436, Average loss: 0.00101275

min_loss: 0.0008741514558254287
Epoch 437 begin

Test set: Epoch: 437, Average loss: 0.00100648

min_loss: 0.0008741514558254287
Epoch 438 begin

Test set: Epoch: 438, Average loss: 0.00101343

min_loss: 0.0008741514558254287
Epoch 439 begin

Test set: Epoch: 439, Average loss: 0.00101585

min_loss: 0.0008741514558254287
Epoch 440 begin

Test set: Epoch: 440, Average loss: 0.00100966

min_loss: 0.0008741514558254287
Epoch 441 begin

Test set: Epoch: 441, Average loss: 0.00101073

min_loss: 0.0008741514558254287
Epoch 442 begin

Test set: Epoch: 442, Average loss: 0.00101254

min_loss: 0.0008741514558254287
Epoch 443 begin

Test set: Epoch: 443, Average loss: 0.00101488

min_loss: 0.0008741514558254287
Epoch 444 begin

Test set: Epoch: 444, Average loss: 0.00102162

min_loss: 0.0008741514558254287
Epoch 445 begin

Test set: Epoch: 445, Average loss: 0.00101502

min_loss: 0.0008741514558254287
Epoch 446 begin

Test set: Epoch: 446, Average loss: 0.00101128

min_loss: 0.0008741514558254287
Epoch 447 begin

Test set: Epoch: 447, Average loss: 0.00101028

min_loss: 0.0008741514558254287
Epoch 448 begin

Test set: Epoch: 448, Average loss: 0.00102004

min_loss: 0.0008741514558254287
Epoch 449 begin

Test set: Epoch: 449, Average loss: 0.00101817

min_loss: 0.0008741514558254287
Epoch 450 begin

Test set: Epoch: 450, Average loss: 0.00101651

min_loss: 0.0008741514558254287
Epoch 451 begin

Test set: Epoch: 451, Average loss: 0.00101812

min_loss: 0.0008741514558254287
Epoch 452 begin

Test set: Epoch: 452, Average loss: 0.00101110

min_loss: 0.0008741514558254287
Epoch 453 begin

Test set: Epoch: 453, Average loss: 0.00101454

min_loss: 0.0008741514558254287
Epoch 454 begin

Test set: Epoch: 454, Average loss: 0.00101373

min_loss: 0.0008741514558254287
Epoch 455 begin

Test set: Epoch: 455, Average loss: 0.00101797

min_loss: 0.0008741514558254287
Epoch 456 begin

Test set: Epoch: 456, Average loss: 0.00101481

min_loss: 0.0008741514558254287
Epoch 457 begin

Test set: Epoch: 457, Average loss: 0.00102321

min_loss: 0.0008741514558254287
Epoch 458 begin

Test set: Epoch: 458, Average loss: 0.00101785

min_loss: 0.0008741514558254287
Epoch 459 begin

Test set: Epoch: 459, Average loss: 0.00101922

min_loss: 0.0008741514558254287
Epoch 460 begin

Test set: Epoch: 460, Average loss: 0.00102211

min_loss: 0.0008741514558254287
Epoch 461 begin

Test set: Epoch: 461, Average loss: 0.00102220

min_loss: 0.0008741514558254287
Epoch 462 begin

Test set: Epoch: 462, Average loss: 0.00102230

min_loss: 0.0008741514558254287
Epoch 463 begin

Test set: Epoch: 463, Average loss: 0.00102004

min_loss: 0.0008741514558254287
Epoch 464 begin

Test set: Epoch: 464, Average loss: 0.00102023

min_loss: 0.0008741514558254287
Epoch 465 begin

Test set: Epoch: 465, Average loss: 0.00102168

min_loss: 0.0008741514558254287
Epoch 466 begin

Test set: Epoch: 466, Average loss: 0.00102458

min_loss: 0.0008741514558254287
Epoch 467 begin

Test set: Epoch: 467, Average loss: 0.00102236

min_loss: 0.0008741514558254287
Epoch 468 begin

Test set: Epoch: 468, Average loss: 0.00102256

min_loss: 0.0008741514558254287
Epoch 469 begin

Test set: Epoch: 469, Average loss: 0.00102046

min_loss: 0.0008741514558254287
Epoch 470 begin

Test set: Epoch: 470, Average loss: 0.00102507

min_loss: 0.0008741514558254287
Epoch 471 begin

Test set: Epoch: 471, Average loss: 0.00102788

min_loss: 0.0008741514558254287
Epoch 472 begin

Test set: Epoch: 472, Average loss: 0.00101977

min_loss: 0.0008741514558254287
Epoch 473 begin

Test set: Epoch: 473, Average loss: 0.00102715

min_loss: 0.0008741514558254287
Epoch 474 begin

Test set: Epoch: 474, Average loss: 0.00102495

min_loss: 0.0008741514558254287
Epoch 475 begin

Test set: Epoch: 475, Average loss: 0.00103299

min_loss: 0.0008741514558254287
Epoch 476 begin

Test set: Epoch: 476, Average loss: 0.00102009

min_loss: 0.0008741514558254287
Epoch 477 begin

Test set: Epoch: 477, Average loss: 0.00103291

min_loss: 0.0008741514558254287
Epoch 478 begin

Test set: Epoch: 478, Average loss: 0.00102846

min_loss: 0.0008741514558254287
Epoch 479 begin

Test set: Epoch: 479, Average loss: 0.00102091

min_loss: 0.0008741514558254287
Epoch 480 begin

Test set: Epoch: 480, Average loss: 0.00102201

min_loss: 0.0008741514558254287
Epoch 481 begin

Test set: Epoch: 481, Average loss: 0.00102104

min_loss: 0.0008741514558254287
Epoch 482 begin

Test set: Epoch: 482, Average loss: 0.00102694

min_loss: 0.0008741514558254287
Epoch 483 begin

Test set: Epoch: 483, Average loss: 0.00102802

min_loss: 0.0008741514558254287
Epoch 484 begin

Test set: Epoch: 484, Average loss: 0.00102620

min_loss: 0.0008741514558254287
Epoch 485 begin

Test set: Epoch: 485, Average loss: 0.00102341

min_loss: 0.0008741514558254287
Epoch 486 begin

Test set: Epoch: 486, Average loss: 0.00102866

min_loss: 0.0008741514558254287
Epoch 487 begin

Test set: Epoch: 487, Average loss: 0.00102820

min_loss: 0.0008741514558254287
Epoch 488 begin

Test set: Epoch: 488, Average loss: 0.00103376

min_loss: 0.0008741514558254287
Epoch 489 begin

Test set: Epoch: 489, Average loss: 0.00103189

min_loss: 0.0008741514558254287
Epoch 490 begin

Test set: Epoch: 490, Average loss: 0.00103301

min_loss: 0.0008741514558254287
Epoch 491 begin

Test set: Epoch: 491, Average loss: 0.00103566

min_loss: 0.0008741514558254287
Epoch 492 begin

Test set: Epoch: 492, Average loss: 0.00103229

min_loss: 0.0008741514558254287
Epoch 493 begin

Test set: Epoch: 493, Average loss: 0.00102970

min_loss: 0.0008741514558254287
Epoch 494 begin

Test set: Epoch: 494, Average loss: 0.00102659

min_loss: 0.0008741514558254287
Epoch 495 begin

Test set: Epoch: 495, Average loss: 0.00103479

min_loss: 0.0008741514558254287
Epoch 496 begin

Test set: Epoch: 496, Average loss: 0.00103176

min_loss: 0.0008741514558254287
Epoch 497 begin

Test set: Epoch: 497, Average loss: 0.00103283

min_loss: 0.0008741514558254287
Epoch 498 begin

Test set: Epoch: 498, Average loss: 0.00102795

min_loss: 0.0008741514558254287
Epoch 499 begin

Test set: Epoch: 499, Average loss: 0.00103298

min_loss: 0.0008741514558254287
Epoch 500 begin

Test set: Epoch: 500, Average loss: 0.00102646

min_loss: 0.0008741514558254287
Epoch 501 begin

Test set: Epoch: 501, Average loss: 0.00103835

min_loss: 0.0008741514558254287
Epoch 502 begin

Test set: Epoch: 502, Average loss: 0.00104732

min_loss: 0.0008741514558254287
Epoch 503 begin

Test set: Epoch: 503, Average loss: 0.00103771

min_loss: 0.0008741514558254287
Epoch 504 begin

Test set: Epoch: 504, Average loss: 0.00103394

min_loss: 0.0008741514558254287
Epoch 505 begin

Test set: Epoch: 505, Average loss: 0.00103323

min_loss: 0.0008741514558254287
Epoch 506 begin

Test set: Epoch: 506, Average loss: 0.00103679

min_loss: 0.0008741514558254287
Epoch 507 begin

Test set: Epoch: 507, Average loss: 0.00103596

min_loss: 0.0008741514558254287
Epoch 508 begin

Test set: Epoch: 508, Average loss: 0.00103025

min_loss: 0.0008741514558254287
Epoch 509 begin

Test set: Epoch: 509, Average loss: 0.00104353

min_loss: 0.0008741514558254287
Epoch 510 begin

Test set: Epoch: 510, Average loss: 0.00104278

min_loss: 0.0008741514558254287
Epoch 511 begin

Test set: Epoch: 511, Average loss: 0.00103344

min_loss: 0.0008741514558254287
Epoch 512 begin

Test set: Epoch: 512, Average loss: 0.00103515

min_loss: 0.0008741514558254287
Epoch 513 begin

Test set: Epoch: 513, Average loss: 0.00104590

min_loss: 0.0008741514558254287
Epoch 514 begin

Test set: Epoch: 514, Average loss: 0.00103659

min_loss: 0.0008741514558254287
Epoch 515 begin

Test set: Epoch: 515, Average loss: 0.00103626

min_loss: 0.0008741514558254287
Epoch 516 begin

Test set: Epoch: 516, Average loss: 0.00104083

min_loss: 0.0008741514558254287
Epoch 517 begin

Test set: Epoch: 517, Average loss: 0.00104186

min_loss: 0.0008741514558254287
Epoch 518 begin

Test set: Epoch: 518, Average loss: 0.00104939

min_loss: 0.0008741514558254287
Epoch 519 begin

Test set: Epoch: 519, Average loss: 0.00103209

min_loss: 0.0008741514558254287
Epoch 520 begin

Test set: Epoch: 520, Average loss: 0.00104021

min_loss: 0.0008741514558254287
Epoch 521 begin

Test set: Epoch: 521, Average loss: 0.00104650

min_loss: 0.0008741514558254287
Epoch 522 begin

Test set: Epoch: 522, Average loss: 0.00104322

min_loss: 0.0008741514558254287
Epoch 523 begin

Test set: Epoch: 523, Average loss: 0.00103476

min_loss: 0.0008741514558254287
Epoch 524 begin

Test set: Epoch: 524, Average loss: 0.00103908

min_loss: 0.0008741514558254287
Epoch 525 begin

Test set: Epoch: 525, Average loss: 0.00104153

min_loss: 0.0008741514558254287
Epoch 526 begin

Test set: Epoch: 526, Average loss: 0.00103763

min_loss: 0.0008741514558254287
Epoch 527 begin

Test set: Epoch: 527, Average loss: 0.00104038

min_loss: 0.0008741514558254287
Epoch 528 begin

Test set: Epoch: 528, Average loss: 0.00104408

min_loss: 0.0008741514558254287
Epoch 529 begin

Test set: Epoch: 529, Average loss: 0.00103778

min_loss: 0.0008741514558254287
Epoch 530 begin

Test set: Epoch: 530, Average loss: 0.00104346

min_loss: 0.0008741514558254287
Epoch 531 begin

Test set: Epoch: 531, Average loss: 0.00105314

min_loss: 0.0008741514558254287
Epoch 532 begin

Test set: Epoch: 532, Average loss: 0.00104386

min_loss: 0.0008741514558254287
Epoch 533 begin

Test set: Epoch: 533, Average loss: 0.00103711

min_loss: 0.0008741514558254287
Epoch 534 begin

Test set: Epoch: 534, Average loss: 0.00104119

min_loss: 0.0008741514558254287
Epoch 535 begin

Test set: Epoch: 535, Average loss: 0.00104217

min_loss: 0.0008741514558254287
Epoch 536 begin

Test set: Epoch: 536, Average loss: 0.00104196

min_loss: 0.0008741514558254287
Epoch 537 begin

Test set: Epoch: 537, Average loss: 0.00104323

min_loss: 0.0008741514558254287
Epoch 538 begin

Test set: Epoch: 538, Average loss: 0.00104172

min_loss: 0.0008741514558254287
Epoch 539 begin

Test set: Epoch: 539, Average loss: 0.00104525

min_loss: 0.0008741514558254287
Epoch 540 begin

Test set: Epoch: 540, Average loss: 0.00105442

min_loss: 0.0008741514558254287
Epoch 541 begin

Test set: Epoch: 541, Average loss: 0.00104613

min_loss: 0.0008741514558254287
Epoch 542 begin

Test set: Epoch: 542, Average loss: 0.00104433

min_loss: 0.0008741514558254287
Epoch 543 begin

Test set: Epoch: 543, Average loss: 0.00105255

min_loss: 0.0008741514558254287
Epoch 544 begin

Test set: Epoch: 544, Average loss: 0.00104287

min_loss: 0.0008741514558254287
Epoch 545 begin

Test set: Epoch: 545, Average loss: 0.00103861

min_loss: 0.0008741514558254287
Epoch 546 begin

Test set: Epoch: 546, Average loss: 0.00104104

min_loss: 0.0008741514558254287
Epoch 547 begin

Test set: Epoch: 547, Average loss: 0.00104512

min_loss: 0.0008741514558254287
Epoch 548 begin

Test set: Epoch: 548, Average loss: 0.00105190

min_loss: 0.0008741514558254287
Epoch 549 begin

Test set: Epoch: 549, Average loss: 0.00104096

min_loss: 0.0008741514558254287
Epoch 550 begin

Test set: Epoch: 550, Average loss: 0.00104680

min_loss: 0.0008741514558254287
Epoch 551 begin

Test set: Epoch: 551, Average loss: 0.00105352

min_loss: 0.0008741514558254287
Epoch 552 begin

Test set: Epoch: 552, Average loss: 0.00105248

min_loss: 0.0008741514558254287
Epoch 553 begin

Test set: Epoch: 553, Average loss: 0.00104564

min_loss: 0.0008741514558254287
Epoch 554 begin

Test set: Epoch: 554, Average loss: 0.00104512

min_loss: 0.0008741514558254287
Epoch 555 begin

Test set: Epoch: 555, Average loss: 0.00106260

min_loss: 0.0008741514558254287
Epoch 556 begin

Test set: Epoch: 556, Average loss: 0.00104027

min_loss: 0.0008741514558254287
Epoch 557 begin

Test set: Epoch: 557, Average loss: 0.00104908

min_loss: 0.0008741514558254287
Epoch 558 begin

Test set: Epoch: 558, Average loss: 0.00105379

min_loss: 0.0008741514558254287
Epoch 559 begin

Test set: Epoch: 559, Average loss: 0.00104726

min_loss: 0.0008741514558254287
Epoch 560 begin

Test set: Epoch: 560, Average loss: 0.00105059

min_loss: 0.0008741514558254287
Epoch 561 begin

Test set: Epoch: 561, Average loss: 0.00104947

min_loss: 0.0008741514558254287
Epoch 562 begin

Test set: Epoch: 562, Average loss: 0.00104925

min_loss: 0.0008741514558254287
Epoch 563 begin

Test set: Epoch: 563, Average loss: 0.00106479

min_loss: 0.0008741514558254287
Epoch 564 begin

Test set: Epoch: 564, Average loss: 0.00104780

min_loss: 0.0008741514558254287
Epoch 565 begin

Test set: Epoch: 565, Average loss: 0.00104931

min_loss: 0.0008741514558254287
Epoch 566 begin

Test set: Epoch: 566, Average loss: 0.00104618

min_loss: 0.0008741514558254287
Epoch 567 begin

Test set: Epoch: 567, Average loss: 0.00105786

min_loss: 0.0008741514558254287
Epoch 568 begin

Test set: Epoch: 568, Average loss: 0.00106141

min_loss: 0.0008741514558254287
Epoch 569 begin

Test set: Epoch: 569, Average loss: 0.00106238

min_loss: 0.0008741514558254287
Epoch 570 begin

Test set: Epoch: 570, Average loss: 0.00104701

min_loss: 0.0008741514558254287
Epoch 571 begin

Test set: Epoch: 571, Average loss: 0.00105372

min_loss: 0.0008741514558254287
Epoch 572 begin

Test set: Epoch: 572, Average loss: 0.00105033

min_loss: 0.0008741514558254287
Epoch 573 begin

Test set: Epoch: 573, Average loss: 0.00105330

min_loss: 0.0008741514558254287
Epoch 574 begin

Test set: Epoch: 574, Average loss: 0.00106178

min_loss: 0.0008741514558254287
Epoch 575 begin

Test set: Epoch: 575, Average loss: 0.00105377

min_loss: 0.0008741514558254287
Epoch 576 begin

Test set: Epoch: 576, Average loss: 0.00104503

min_loss: 0.0008741514558254287
Epoch 577 begin

Test set: Epoch: 577, Average loss: 0.00105239

min_loss: 0.0008741514558254287
Epoch 578 begin

Test set: Epoch: 578, Average loss: 0.00105850

min_loss: 0.0008741514558254287
Epoch 579 begin

Test set: Epoch: 579, Average loss: 0.00105136

min_loss: 0.0008741514558254287
Epoch 580 begin

Test set: Epoch: 580, Average loss: 0.00106041

min_loss: 0.0008741514558254287
Epoch 581 begin

Test set: Epoch: 581, Average loss: 0.00105831

min_loss: 0.0008741514558254287
Epoch 582 begin

Test set: Epoch: 582, Average loss: 0.00106888

min_loss: 0.0008741514558254287
Epoch 583 begin

Test set: Epoch: 583, Average loss: 0.00106234

min_loss: 0.0008741514558254287
Epoch 584 begin

Test set: Epoch: 584, Average loss: 0.00105611

min_loss: 0.0008741514558254287
Epoch 585 begin

Test set: Epoch: 585, Average loss: 0.00105284

min_loss: 0.0008741514558254287
Epoch 586 begin

Test set: Epoch: 586, Average loss: 0.00105588

min_loss: 0.0008741514558254287
Epoch 587 begin

Test set: Epoch: 587, Average loss: 0.00105021

min_loss: 0.0008741514558254287
Epoch 588 begin

Test set: Epoch: 588, Average loss: 0.00105255

min_loss: 0.0008741514558254287
Epoch 589 begin

Test set: Epoch: 589, Average loss: 0.00106674

min_loss: 0.0008741514558254287
Epoch 590 begin

Test set: Epoch: 590, Average loss: 0.00106906

min_loss: 0.0008741514558254287
Epoch 591 begin

Test set: Epoch: 591, Average loss: 0.00105545

min_loss: 0.0008741514558254287
Epoch 592 begin

Test set: Epoch: 592, Average loss: 0.00106054

min_loss: 0.0008741514558254287
Epoch 593 begin

Test set: Epoch: 593, Average loss: 0.00104910

min_loss: 0.0008741514558254287
Epoch 594 begin

Test set: Epoch: 594, Average loss: 0.00106328

min_loss: 0.0008741514558254287
Epoch 595 begin

Test set: Epoch: 595, Average loss: 0.00108381

min_loss: 0.0008741514558254287
Epoch 596 begin

Test set: Epoch: 596, Average loss: 0.00105802

min_loss: 0.0008741514558254287
Epoch 597 begin

Test set: Epoch: 597, Average loss: 0.00106183

min_loss: 0.0008741514558254287
Epoch 598 begin

Test set: Epoch: 598, Average loss: 0.00105674

min_loss: 0.0008741514558254287
Epoch 599 begin

Test set: Epoch: 599, Average loss: 0.00107218

min_loss: 0.0008741514558254287
Epoch 600 begin

Test set: Epoch: 600, Average loss: 0.00105629

min_loss: 0.0008741514558254287
Epoch 601 begin

Test set: Epoch: 601, Average loss: 0.00105548

min_loss: 0.0008741514558254287
Epoch 602 begin

Test set: Epoch: 602, Average loss: 0.00105834

min_loss: 0.0008741514558254287
Epoch 603 begin

Test set: Epoch: 603, Average loss: 0.00105986

min_loss: 0.0008741514558254287
Epoch 604 begin

Test set: Epoch: 604, Average loss: 0.00105925

min_loss: 0.0008741514558254287
Epoch 605 begin

Test set: Epoch: 605, Average loss: 0.00106266

min_loss: 0.0008741514558254287
Epoch 606 begin

Test set: Epoch: 606, Average loss: 0.00106260

min_loss: 0.0008741514558254287
Epoch 607 begin

Test set: Epoch: 607, Average loss: 0.00106476

min_loss: 0.0008741514558254287
Epoch 608 begin

Test set: Epoch: 608, Average loss: 0.00106371

min_loss: 0.0008741514558254287
Epoch 609 begin

Test set: Epoch: 609, Average loss: 0.00106498

min_loss: 0.0008741514558254287
Epoch 610 begin

Test set: Epoch: 610, Average loss: 0.00106418

min_loss: 0.0008741514558254287
Epoch 611 begin

Test set: Epoch: 611, Average loss: 0.00106579

min_loss: 0.0008741514558254287
Epoch 612 begin

Test set: Epoch: 612, Average loss: 0.00106673

min_loss: 0.0008741514558254287
Epoch 613 begin

Test set: Epoch: 613, Average loss: 0.00106648

min_loss: 0.0008741514558254287
Epoch 614 begin

Test set: Epoch: 614, Average loss: 0.00106789

min_loss: 0.0008741514558254287
Epoch 615 begin

Test set: Epoch: 615, Average loss: 0.00106828

min_loss: 0.0008741514558254287
Epoch 616 begin

Test set: Epoch: 616, Average loss: 0.00106872

min_loss: 0.0008741514558254287
Epoch 617 begin

Test set: Epoch: 617, Average loss: 0.00106858

min_loss: 0.0008741514558254287
Epoch 618 begin

Test set: Epoch: 618, Average loss: 0.00106700

min_loss: 0.0008741514558254287
Epoch 619 begin

Test set: Epoch: 619, Average loss: 0.00107061

min_loss: 0.0008741514558254287
Epoch 620 begin

Test set: Epoch: 620, Average loss: 0.00107235

min_loss: 0.0008741514558254287
Epoch 621 begin

Test set: Epoch: 621, Average loss: 0.00107195

min_loss: 0.0008741514558254287
Epoch 622 begin

Test set: Epoch: 622, Average loss: 0.00107031

min_loss: 0.0008741514558254287
Epoch 623 begin

Test set: Epoch: 623, Average loss: 0.00107157

min_loss: 0.0008741514558254287
Epoch 624 begin

Test set: Epoch: 624, Average loss: 0.00107162

min_loss: 0.0008741514558254287
Epoch 625 begin

Test set: Epoch: 625, Average loss: 0.00107029

min_loss: 0.0008741514558254287
Epoch 626 begin

Test set: Epoch: 626, Average loss: 0.00107165

min_loss: 0.0008741514558254287
Epoch 627 begin

Test set: Epoch: 627, Average loss: 0.00107063

min_loss: 0.0008741514558254287
Epoch 628 begin

Test set: Epoch: 628, Average loss: 0.00107181

min_loss: 0.0008741514558254287
Epoch 629 begin

Test set: Epoch: 629, Average loss: 0.00107160

min_loss: 0.0008741514558254287
Epoch 630 begin

Test set: Epoch: 630, Average loss: 0.00107338

min_loss: 0.0008741514558254287
Epoch 631 begin

Test set: Epoch: 631, Average loss: 0.00107381

min_loss: 0.0008741514558254287
Epoch 632 begin

Test set: Epoch: 632, Average loss: 0.00107148

min_loss: 0.0008741514558254287
Epoch 633 begin

Test set: Epoch: 633, Average loss: 0.00107488

min_loss: 0.0008741514558254287
Epoch 634 begin

Test set: Epoch: 634, Average loss: 0.00107322

min_loss: 0.0008741514558254287
Epoch 635 begin

Test set: Epoch: 635, Average loss: 0.00107347

min_loss: 0.0008741514558254287
Epoch 636 begin

Test set: Epoch: 636, Average loss: 0.00107624

min_loss: 0.0008741514558254287
Epoch 637 begin

Test set: Epoch: 637, Average loss: 0.00107658

min_loss: 0.0008741514558254287
Epoch 638 begin

Test set: Epoch: 638, Average loss: 0.00107509

min_loss: 0.0008741514558254287
Epoch 639 begin

Test set: Epoch: 639, Average loss: 0.00107642

min_loss: 0.0008741514558254287
Epoch 640 begin

Test set: Epoch: 640, Average loss: 0.00107482

min_loss: 0.0008741514558254287
Epoch 641 begin

Test set: Epoch: 641, Average loss: 0.00107871

min_loss: 0.0008741514558254287
Epoch 642 begin

Test set: Epoch: 642, Average loss: 0.00107663

min_loss: 0.0008741514558254287
Epoch 643 begin

Test set: Epoch: 643, Average loss: 0.00107855

min_loss: 0.0008741514558254287
Epoch 644 begin

Test set: Epoch: 644, Average loss: 0.00107697

min_loss: 0.0008741514558254287
Epoch 645 begin

Test set: Epoch: 645, Average loss: 0.00107756

min_loss: 0.0008741514558254287
Epoch 646 begin

Test set: Epoch: 646, Average loss: 0.00107785

min_loss: 0.0008741514558254287
Epoch 647 begin

Test set: Epoch: 647, Average loss: 0.00107737

min_loss: 0.0008741514558254287
Epoch 648 begin

Test set: Epoch: 648, Average loss: 0.00107771

min_loss: 0.0008741514558254287
Epoch 649 begin

Test set: Epoch: 649, Average loss: 0.00107866

min_loss: 0.0008741514558254287
Epoch 650 begin

Test set: Epoch: 650, Average loss: 0.00107725

min_loss: 0.0008741514558254287
Epoch 651 begin

Test set: Epoch: 651, Average loss: 0.00107898

min_loss: 0.0008741514558254287
Epoch 652 begin

Test set: Epoch: 652, Average loss: 0.00107819

min_loss: 0.0008741514558254287
Epoch 653 begin

Test set: Epoch: 653, Average loss: 0.00107991

min_loss: 0.0008741514558254287
Epoch 654 begin

Test set: Epoch: 654, Average loss: 0.00107794

min_loss: 0.0008741514558254287
Epoch 655 begin

Test set: Epoch: 655, Average loss: 0.00107906

min_loss: 0.0008741514558254287
Epoch 656 begin

Test set: Epoch: 656, Average loss: 0.00108066

min_loss: 0.0008741514558254287
Epoch 657 begin

Test set: Epoch: 657, Average loss: 0.00107792

min_loss: 0.0008741514558254287
Epoch 658 begin

Test set: Epoch: 658, Average loss: 0.00108040

min_loss: 0.0008741514558254287
Epoch 659 begin

Test set: Epoch: 659, Average loss: 0.00108027

min_loss: 0.0008741514558254287
Epoch 660 begin

Test set: Epoch: 660, Average loss: 0.00108126

min_loss: 0.0008741514558254287
Epoch 661 begin

Test set: Epoch: 661, Average loss: 0.00108155

min_loss: 0.0008741514558254287
Epoch 662 begin

Test set: Epoch: 662, Average loss: 0.00108048

min_loss: 0.0008741514558254287
Epoch 663 begin

Test set: Epoch: 663, Average loss: 0.00108155

min_loss: 0.0008741514558254287
Epoch 664 begin

Test set: Epoch: 664, Average loss: 0.00108168

min_loss: 0.0008741514558254287
Epoch 665 begin

Test set: Epoch: 665, Average loss: 0.00108165

min_loss: 0.0008741514558254287
Epoch 666 begin

Test set: Epoch: 666, Average loss: 0.00108394

min_loss: 0.0008741514558254287
Epoch 667 begin

Test set: Epoch: 667, Average loss: 0.00108209

min_loss: 0.0008741514558254287
Epoch 668 begin

Test set: Epoch: 668, Average loss: 0.00108185

min_loss: 0.0008741514558254287
Epoch 669 begin

Test set: Epoch: 669, Average loss: 0.00108237

min_loss: 0.0008741514558254287
Epoch 670 begin

Test set: Epoch: 670, Average loss: 0.00108141

min_loss: 0.0008741514558254287
Epoch 671 begin

Test set: Epoch: 671, Average loss: 0.00108500

min_loss: 0.0008741514558254287
Epoch 672 begin

Test set: Epoch: 672, Average loss: 0.00108278

min_loss: 0.0008741514558254287
Epoch 673 begin

Test set: Epoch: 673, Average loss: 0.00108532

min_loss: 0.0008741514558254287
Epoch 674 begin

Test set: Epoch: 674, Average loss: 0.00108446

min_loss: 0.0008741514558254287
Epoch 675 begin

Test set: Epoch: 675, Average loss: 0.00108052

min_loss: 0.0008741514558254287
Epoch 676 begin

Test set: Epoch: 676, Average loss: 0.00108497

min_loss: 0.0008741514558254287
Epoch 677 begin

Test set: Epoch: 677, Average loss: 0.00108550

min_loss: 0.0008741514558254287
Epoch 678 begin

Test set: Epoch: 678, Average loss: 0.00108501

min_loss: 0.0008741514558254287
Epoch 679 begin

Test set: Epoch: 679, Average loss: 0.00108548

min_loss: 0.0008741514558254287
Epoch 680 begin

Test set: Epoch: 680, Average loss: 0.00108194

min_loss: 0.0008741514558254287
Epoch 681 begin

Test set: Epoch: 681, Average loss: 0.00108343

min_loss: 0.0008741514558254287
Epoch 682 begin

Test set: Epoch: 682, Average loss: 0.00108350

min_loss: 0.0008741514558254287
Epoch 683 begin

Test set: Epoch: 683, Average loss: 0.00108453

min_loss: 0.0008741514558254287
Epoch 684 begin

Test set: Epoch: 684, Average loss: 0.00108555

min_loss: 0.0008741514558254287
Epoch 685 begin

Test set: Epoch: 685, Average loss: 0.00108696

min_loss: 0.0008741514558254287
Epoch 686 begin

Test set: Epoch: 686, Average loss: 0.00108407

min_loss: 0.0008741514558254287
Epoch 687 begin

Test set: Epoch: 687, Average loss: 0.00108916

min_loss: 0.0008741514558254287
Epoch 688 begin

Test set: Epoch: 688, Average loss: 0.00108409

min_loss: 0.0008741514558254287
Epoch 689 begin

Test set: Epoch: 689, Average loss: 0.00108650

min_loss: 0.0008741514558254287
Epoch 690 begin

Test set: Epoch: 690, Average loss: 0.00108547

min_loss: 0.0008741514558254287
Epoch 691 begin

Test set: Epoch: 691, Average loss: 0.00108837

min_loss: 0.0008741514558254287
Epoch 692 begin

Test set: Epoch: 692, Average loss: 0.00108741

min_loss: 0.0008741514558254287
Epoch 693 begin

Test set: Epoch: 693, Average loss: 0.00108901

min_loss: 0.0008741514558254287
Epoch 694 begin

Test set: Epoch: 694, Average loss: 0.00108779

min_loss: 0.0008741514558254287
Epoch 695 begin

Test set: Epoch: 695, Average loss: 0.00108657

min_loss: 0.0008741514558254287
Epoch 696 begin

Test set: Epoch: 696, Average loss: 0.00108942

min_loss: 0.0008741514558254287
Epoch 697 begin

Test set: Epoch: 697, Average loss: 0.00108560

min_loss: 0.0008741514558254287
Epoch 698 begin

Test set: Epoch: 698, Average loss: 0.00108605

min_loss: 0.0008741514558254287
Epoch 699 begin

Test set: Epoch: 699, Average loss: 0.00108744

min_loss: 0.0008741514558254287
Epoch 700 begin

Test set: Epoch: 700, Average loss: 0.00108851

min_loss: 0.0008741514558254287
Epoch 701 begin

Test set: Epoch: 701, Average loss: 0.00108757

min_loss: 0.0008741514558254287
Epoch 702 begin

Test set: Epoch: 702, Average loss: 0.00108910

min_loss: 0.0008741514558254287
Epoch 703 begin

Test set: Epoch: 703, Average loss: 0.00108968

min_loss: 0.0008741514558254287
Epoch 704 begin

Test set: Epoch: 704, Average loss: 0.00108691

min_loss: 0.0008741514558254287
Epoch 705 begin

Test set: Epoch: 705, Average loss: 0.00109164

min_loss: 0.0008741514558254287
Epoch 706 begin

Test set: Epoch: 706, Average loss: 0.00109237

min_loss: 0.0008741514558254287
Epoch 707 begin

Test set: Epoch: 707, Average loss: 0.00109039

min_loss: 0.0008741514558254287
Epoch 708 begin

Test set: Epoch: 708, Average loss: 0.00108887

min_loss: 0.0008741514558254287
Epoch 709 begin

Test set: Epoch: 709, Average loss: 0.00108956

min_loss: 0.0008741514558254287
Epoch 710 begin

Test set: Epoch: 710, Average loss: 0.00108995

min_loss: 0.0008741514558254287
Epoch 711 begin

Test set: Epoch: 711, Average loss: 0.00108885

min_loss: 0.0008741514558254287
Epoch 712 begin

Test set: Epoch: 712, Average loss: 0.00108976

min_loss: 0.0008741514558254287
Epoch 713 begin

Test set: Epoch: 713, Average loss: 0.00108987

min_loss: 0.0008741514558254287
Epoch 714 begin

Test set: Epoch: 714, Average loss: 0.00109211

min_loss: 0.0008741514558254287
Epoch 715 begin

Test set: Epoch: 715, Average loss: 0.00109139

min_loss: 0.0008741514558254287
Epoch 716 begin

Test set: Epoch: 716, Average loss: 0.00109157

min_loss: 0.0008741514558254287
Epoch 717 begin

Test set: Epoch: 717, Average loss: 0.00109181

min_loss: 0.0008741514558254287
Epoch 718 begin

Test set: Epoch: 718, Average loss: 0.00109163

min_loss: 0.0008741514558254287
Epoch 719 begin

Test set: Epoch: 719, Average loss: 0.00109192

min_loss: 0.0008741514558254287
Epoch 720 begin

Test set: Epoch: 720, Average loss: 0.00109067

min_loss: 0.0008741514558254287
Epoch 721 begin

Test set: Epoch: 721, Average loss: 0.00109281

min_loss: 0.0008741514558254287
Epoch 722 begin

Test set: Epoch: 722, Average loss: 0.00109210

min_loss: 0.0008741514558254287
Epoch 723 begin

Test set: Epoch: 723, Average loss: 0.00109249

min_loss: 0.0008741514558254287
Epoch 724 begin

Test set: Epoch: 724, Average loss: 0.00109440

min_loss: 0.0008741514558254287
Epoch 725 begin

Test set: Epoch: 725, Average loss: 0.00109223

min_loss: 0.0008741514558254287
Epoch 726 begin

Test set: Epoch: 726, Average loss: 0.00109277

min_loss: 0.0008741514558254287
Epoch 727 begin

Test set: Epoch: 727, Average loss: 0.00109455

min_loss: 0.0008741514558254287
Epoch 728 begin

Test set: Epoch: 728, Average loss: 0.00109120

min_loss: 0.0008741514558254287
Epoch 729 begin

Test set: Epoch: 729, Average loss: 0.00109245

min_loss: 0.0008741514558254287
Epoch 730 begin

Test set: Epoch: 730, Average loss: 0.00109395

min_loss: 0.0008741514558254287
Epoch 731 begin

Test set: Epoch: 731, Average loss: 0.00109575

min_loss: 0.0008741514558254287
Epoch 732 begin

Test set: Epoch: 732, Average loss: 0.00109493

min_loss: 0.0008741514558254287
Epoch 733 begin

Test set: Epoch: 733, Average loss: 0.00109429

min_loss: 0.0008741514558254287
Epoch 734 begin

Test set: Epoch: 734, Average loss: 0.00109669

min_loss: 0.0008741514558254287
Epoch 735 begin

Test set: Epoch: 735, Average loss: 0.00109507

min_loss: 0.0008741514558254287
Epoch 736 begin

Test set: Epoch: 736, Average loss: 0.00109348

min_loss: 0.0008741514558254287
Epoch 737 begin

Test set: Epoch: 737, Average loss: 0.00109447

min_loss: 0.0008741514558254287
Epoch 738 begin

Test set: Epoch: 738, Average loss: 0.00109381

min_loss: 0.0008741514558254287
Epoch 739 begin

Test set: Epoch: 739, Average loss: 0.00109447

min_loss: 0.0008741514558254287
Epoch 740 begin

Test set: Epoch: 740, Average loss: 0.00109729

min_loss: 0.0008741514558254287
Epoch 741 begin

Test set: Epoch: 741, Average loss: 0.00109596

min_loss: 0.0008741514558254287
Epoch 742 begin

Test set: Epoch: 742, Average loss: 0.00109729

min_loss: 0.0008741514558254287
Epoch 743 begin

Test set: Epoch: 743, Average loss: 0.00109582

min_loss: 0.0008741514558254287
Epoch 744 begin

Test set: Epoch: 744, Average loss: 0.00109485

min_loss: 0.0008741514558254287
Epoch 745 begin

Test set: Epoch: 745, Average loss: 0.00109758

min_loss: 0.0008741514558254287
Epoch 746 begin

Test set: Epoch: 746, Average loss: 0.00109850

min_loss: 0.0008741514558254287
Epoch 747 begin

Test set: Epoch: 747, Average loss: 0.00109853

min_loss: 0.0008741514558254287
Epoch 748 begin

Test set: Epoch: 748, Average loss: 0.00109709

min_loss: 0.0008741514558254287
Epoch 749 begin

Test set: Epoch: 749, Average loss: 0.00109663

min_loss: 0.0008741514558254287
Epoch 750 begin

Test set: Epoch: 750, Average loss: 0.00109391

min_loss: 0.0008741514558254287
Epoch 751 begin

Test set: Epoch: 751, Average loss: 0.00109618

min_loss: 0.0008741514558254287
Epoch 752 begin

Test set: Epoch: 752, Average loss: 0.00109684

min_loss: 0.0008741514558254287
Epoch 753 begin

Test set: Epoch: 753, Average loss: 0.00110028

min_loss: 0.0008741514558254287
Epoch 754 begin

Test set: Epoch: 754, Average loss: 0.00109717

min_loss: 0.0008741514558254287
Epoch 755 begin

Test set: Epoch: 755, Average loss: 0.00109687

min_loss: 0.0008741514558254287
Epoch 756 begin

Test set: Epoch: 756, Average loss: 0.00110040

min_loss: 0.0008741514558254287
Epoch 757 begin

Test set: Epoch: 757, Average loss: 0.00109761

min_loss: 0.0008741514558254287
Epoch 758 begin

Test set: Epoch: 758, Average loss: 0.00109736

min_loss: 0.0008741514558254287
Epoch 759 begin

Test set: Epoch: 759, Average loss: 0.00109951

min_loss: 0.0008741514558254287
Epoch 760 begin

Test set: Epoch: 760, Average loss: 0.00109955

min_loss: 0.0008741514558254287
Epoch 761 begin

Test set: Epoch: 761, Average loss: 0.00109964

min_loss: 0.0008741514558254287
Epoch 762 begin

Test set: Epoch: 762, Average loss: 0.00109699

min_loss: 0.0008741514558254287
Epoch 763 begin

Test set: Epoch: 763, Average loss: 0.00110090

min_loss: 0.0008741514558254287
Epoch 764 begin

Test set: Epoch: 764, Average loss: 0.00109921

min_loss: 0.0008741514558254287
Epoch 765 begin

Test set: Epoch: 765, Average loss: 0.00109874

min_loss: 0.0008741514558254287
Epoch 766 begin

Test set: Epoch: 766, Average loss: 0.00110075

min_loss: 0.0008741514558254287
Epoch 767 begin

Test set: Epoch: 767, Average loss: 0.00109999

min_loss: 0.0008741514558254287
Epoch 768 begin

Test set: Epoch: 768, Average loss: 0.00109913

min_loss: 0.0008741514558254287
Epoch 769 begin

Test set: Epoch: 769, Average loss: 0.00109985

min_loss: 0.0008741514558254287
Epoch 770 begin

Test set: Epoch: 770, Average loss: 0.00110145

min_loss: 0.0008741514558254287
Epoch 771 begin

Test set: Epoch: 771, Average loss: 0.00110098

min_loss: 0.0008741514558254287
Epoch 772 begin

Test set: Epoch: 772, Average loss: 0.00109832

min_loss: 0.0008741514558254287
Epoch 773 begin

Test set: Epoch: 773, Average loss: 0.00110026

min_loss: 0.0008741514558254287
Epoch 774 begin

Test set: Epoch: 774, Average loss: 0.00109914

min_loss: 0.0008741514558254287
Epoch 775 begin

Test set: Epoch: 775, Average loss: 0.00109860

min_loss: 0.0008741514558254287
Epoch 776 begin

Test set: Epoch: 776, Average loss: 0.00110302

min_loss: 0.0008741514558254287
Epoch 777 begin

Test set: Epoch: 777, Average loss: 0.00110125

min_loss: 0.0008741514558254287
Epoch 778 begin

Test set: Epoch: 778, Average loss: 0.00109834

min_loss: 0.0008741514558254287
Epoch 779 begin

Test set: Epoch: 779, Average loss: 0.00110075

min_loss: 0.0008741514558254287
Epoch 780 begin

Test set: Epoch: 780, Average loss: 0.00110243

min_loss: 0.0008741514558254287
Epoch 781 begin

Test set: Epoch: 781, Average loss: 0.00110292

min_loss: 0.0008741514558254287
Epoch 782 begin

Test set: Epoch: 782, Average loss: 0.00110540

min_loss: 0.0008741514558254287
Epoch 783 begin

Test set: Epoch: 783, Average loss: 0.00110288

min_loss: 0.0008741514558254287
Epoch 784 begin

Test set: Epoch: 784, Average loss: 0.00110343

min_loss: 0.0008741514558254287
Epoch 785 begin

Test set: Epoch: 785, Average loss: 0.00110127

min_loss: 0.0008741514558254287
Epoch 786 begin

Test set: Epoch: 786, Average loss: 0.00110211

min_loss: 0.0008741514558254287
Epoch 787 begin

Test set: Epoch: 787, Average loss: 0.00110232

min_loss: 0.0008741514558254287
Epoch 788 begin

Test set: Epoch: 788, Average loss: 0.00110110

min_loss: 0.0008741514558254287
Epoch 789 begin

Test set: Epoch: 789, Average loss: 0.00110273

min_loss: 0.0008741514558254287
Epoch 790 begin

Test set: Epoch: 790, Average loss: 0.00110448

min_loss: 0.0008741514558254287
Epoch 791 begin

Test set: Epoch: 791, Average loss: 0.00110157

min_loss: 0.0008741514558254287
Epoch 792 begin

Test set: Epoch: 792, Average loss: 0.00110391

min_loss: 0.0008741514558254287
Epoch 793 begin

Test set: Epoch: 793, Average loss: 0.00110429

min_loss: 0.0008741514558254287
Epoch 794 begin

Test set: Epoch: 794, Average loss: 0.00110514

min_loss: 0.0008741514558254287
Epoch 795 begin

Test set: Epoch: 795, Average loss: 0.00110315

min_loss: 0.0008741514558254287
Epoch 796 begin

Test set: Epoch: 796, Average loss: 0.00110353

min_loss: 0.0008741514558254287
Epoch 797 begin

Test set: Epoch: 797, Average loss: 0.00110337

min_loss: 0.0008741514558254287
Epoch 798 begin

Test set: Epoch: 798, Average loss: 0.00110426

min_loss: 0.0008741514558254287
Epoch 799 begin

Test set: Epoch: 799, Average loss: 0.00110307

min_loss: 0.0008741514558254287
Epoch 800 begin

Test set: Epoch: 800, Average loss: 0.00110255

min_loss: 0.0008741514558254287
Epoch 801 begin

Test set: Epoch: 801, Average loss: 0.00110237

min_loss: 0.0008741514558254287
Epoch 802 begin

Test set: Epoch: 802, Average loss: 0.00110272

min_loss: 0.0008741514558254287
Epoch 803 begin

Test set: Epoch: 803, Average loss: 0.00110515

min_loss: 0.0008741514558254287
Epoch 804 begin

Test set: Epoch: 804, Average loss: 0.00110227

min_loss: 0.0008741514558254287
Epoch 805 begin

Test set: Epoch: 805, Average loss: 0.00110643

min_loss: 0.0008741514558254287
Epoch 806 begin

Test set: Epoch: 806, Average loss: 0.00110287

min_loss: 0.0008741514558254287
Epoch 807 begin

Test set: Epoch: 807, Average loss: 0.00110651

min_loss: 0.0008741514558254287
Epoch 808 begin

Test set: Epoch: 808, Average loss: 0.00110434

min_loss: 0.0008741514558254287
Epoch 809 begin

Test set: Epoch: 809, Average loss: 0.00110329

min_loss: 0.0008741514558254287
Epoch 810 begin

Test set: Epoch: 810, Average loss: 0.00110461

min_loss: 0.0008741514558254287
Epoch 811 begin

Test set: Epoch: 811, Average loss: 0.00110694

min_loss: 0.0008741514558254287
Epoch 812 begin

Test set: Epoch: 812, Average loss: 0.00110548

min_loss: 0.0008741514558254287
Epoch 813 begin

Test set: Epoch: 813, Average loss: 0.00110324

min_loss: 0.0008741514558254287
Epoch 814 begin

Test set: Epoch: 814, Average loss: 0.00110769

min_loss: 0.0008741514558254287
Epoch 815 begin

Test set: Epoch: 815, Average loss: 0.00111002

min_loss: 0.0008741514558254287
Epoch 816 begin

Test set: Epoch: 816, Average loss: 0.00110629

min_loss: 0.0008741514558254287
Epoch 817 begin

Test set: Epoch: 817, Average loss: 0.00110717

min_loss: 0.0008741514558254287
Epoch 818 begin

Test set: Epoch: 818, Average loss: 0.00110762

min_loss: 0.0008741514558254287
Epoch 819 begin

Test set: Epoch: 819, Average loss: 0.00110593

min_loss: 0.0008741514558254287
Epoch 820 begin

Test set: Epoch: 820, Average loss: 0.00110612

min_loss: 0.0008741514558254287
Epoch 821 begin

Test set: Epoch: 821, Average loss: 0.00110704

min_loss: 0.0008741514558254287
Epoch 822 begin

Test set: Epoch: 822, Average loss: 0.00111049

min_loss: 0.0008741514558254287
Epoch 823 begin

Test set: Epoch: 823, Average loss: 0.00110874

min_loss: 0.0008741514558254287
Epoch 824 begin

Test set: Epoch: 824, Average loss: 0.00111102

min_loss: 0.0008741514558254287
Epoch 825 begin

Test set: Epoch: 825, Average loss: 0.00110674

min_loss: 0.0008741514558254287
Epoch 826 begin

Test set: Epoch: 826, Average loss: 0.00110641

min_loss: 0.0008741514558254287
Epoch 827 begin

Test set: Epoch: 827, Average loss: 0.00110880

min_loss: 0.0008741514558254287
Epoch 828 begin

Test set: Epoch: 828, Average loss: 0.00110806

min_loss: 0.0008741514558254287
Epoch 829 begin

Test set: Epoch: 829, Average loss: 0.00110794

min_loss: 0.0008741514558254287
Epoch 830 begin

Test set: Epoch: 830, Average loss: 0.00110720

min_loss: 0.0008741514558254287
Epoch 831 begin

Test set: Epoch: 831, Average loss: 0.00110928

min_loss: 0.0008741514558254287
Epoch 832 begin

Test set: Epoch: 832, Average loss: 0.00110864

min_loss: 0.0008741514558254287
Epoch 833 begin

Test set: Epoch: 833, Average loss: 0.00110886

min_loss: 0.0008741514558254287
Epoch 834 begin

Test set: Epoch: 834, Average loss: 0.00111003

min_loss: 0.0008741514558254287
Epoch 835 begin

Test set: Epoch: 835, Average loss: 0.00110997

min_loss: 0.0008741514558254287
Epoch 836 begin

Test set: Epoch: 836, Average loss: 0.00110868

min_loss: 0.0008741514558254287
Epoch 837 begin

Test set: Epoch: 837, Average loss: 0.00111094

min_loss: 0.0008741514558254287
Epoch 838 begin

Test set: Epoch: 838, Average loss: 0.00110909

min_loss: 0.0008741514558254287
Epoch 839 begin

Test set: Epoch: 839, Average loss: 0.00111033

min_loss: 0.0008741514558254287
Epoch 840 begin

Test set: Epoch: 840, Average loss: 0.00111031

min_loss: 0.0008741514558254287
Epoch 841 begin

Test set: Epoch: 841, Average loss: 0.00111054

min_loss: 0.0008741514558254287
Epoch 842 begin

Test set: Epoch: 842, Average loss: 0.00110861

min_loss: 0.0008741514558254287
Epoch 843 begin

Test set: Epoch: 843, Average loss: 0.00111297

min_loss: 0.0008741514558254287
Epoch 844 begin

Test set: Epoch: 844, Average loss: 0.00111031

min_loss: 0.0008741514558254287
Epoch 845 begin

Test set: Epoch: 845, Average loss: 0.00111007

min_loss: 0.0008741514558254287
Epoch 846 begin

Test set: Epoch: 846, Average loss: 0.00111076

min_loss: 0.0008741514558254287
Epoch 847 begin

Test set: Epoch: 847, Average loss: 0.00111009

min_loss: 0.0008741514558254287
Epoch 848 begin

Test set: Epoch: 848, Average loss: 0.00110787

min_loss: 0.0008741514558254287
Epoch 849 begin

Test set: Epoch: 849, Average loss: 0.00111277

min_loss: 0.0008741514558254287
Epoch 850 begin

Test set: Epoch: 850, Average loss: 0.00111095

min_loss: 0.0008741514558254287
Epoch 851 begin

Test set: Epoch: 851, Average loss: 0.00111027

min_loss: 0.0008741514558254287
Epoch 852 begin

Test set: Epoch: 852, Average loss: 0.00111111

min_loss: 0.0008741514558254287
Epoch 853 begin

Test set: Epoch: 853, Average loss: 0.00110990

min_loss: 0.0008741514558254287
Epoch 854 begin

Test set: Epoch: 854, Average loss: 0.00110998

min_loss: 0.0008741514558254287
Epoch 855 begin

Test set: Epoch: 855, Average loss: 0.00111166

min_loss: 0.0008741514558254287
Epoch 856 begin

Test set: Epoch: 856, Average loss: 0.00111036

min_loss: 0.0008741514558254287
Epoch 857 begin

Test set: Epoch: 857, Average loss: 0.00111116

min_loss: 0.0008741514558254287
Epoch 858 begin

Test set: Epoch: 858, Average loss: 0.00111141

min_loss: 0.0008741514558254287
Epoch 859 begin

Test set: Epoch: 859, Average loss: 0.00111414

min_loss: 0.0008741514558254287
Epoch 860 begin

Test set: Epoch: 860, Average loss: 0.00111271

min_loss: 0.0008741514558254287
Epoch 861 begin

Test set: Epoch: 861, Average loss: 0.00110981

min_loss: 0.0008741514558254287
Epoch 862 begin

Test set: Epoch: 862, Average loss: 0.00111324

min_loss: 0.0008741514558254287
Epoch 863 begin

Test set: Epoch: 863, Average loss: 0.00111182

min_loss: 0.0008741514558254287
Epoch 864 begin

Test set: Epoch: 864, Average loss: 0.00111363

min_loss: 0.0008741514558254287
Epoch 865 begin

Test set: Epoch: 865, Average loss: 0.00111247

min_loss: 0.0008741514558254287
Epoch 866 begin

Test set: Epoch: 866, Average loss: 0.00111436

min_loss: 0.0008741514558254287
Epoch 867 begin

Test set: Epoch: 867, Average loss: 0.00111217

min_loss: 0.0008741514558254287
Epoch 868 begin

Test set: Epoch: 868, Average loss: 0.00111318

min_loss: 0.0008741514558254287
Epoch 869 begin

Test set: Epoch: 869, Average loss: 0.00111209

min_loss: 0.0008741514558254287
Epoch 870 begin

Test set: Epoch: 870, Average loss: 0.00111496

min_loss: 0.0008741514558254287
Epoch 871 begin

Test set: Epoch: 871, Average loss: 0.00111453

min_loss: 0.0008741514558254287
Epoch 872 begin

Test set: Epoch: 872, Average loss: 0.00111331

min_loss: 0.0008741514558254287
Epoch 873 begin

Test set: Epoch: 873, Average loss: 0.00111271

min_loss: 0.0008741514558254287
Epoch 874 begin

Test set: Epoch: 874, Average loss: 0.00111352

min_loss: 0.0008741514558254287
Epoch 875 begin

Test set: Epoch: 875, Average loss: 0.00111542

min_loss: 0.0008741514558254287
Epoch 876 begin

Test set: Epoch: 876, Average loss: 0.00111533

min_loss: 0.0008741514558254287
Epoch 877 begin

Test set: Epoch: 877, Average loss: 0.00111347

min_loss: 0.0008741514558254287
Epoch 878 begin

Test set: Epoch: 878, Average loss: 0.00111480

min_loss: 0.0008741514558254287
Epoch 879 begin

Test set: Epoch: 879, Average loss: 0.00111370

min_loss: 0.0008741514558254287
Epoch 880 begin

Test set: Epoch: 880, Average loss: 0.00111553

min_loss: 0.0008741514558254287
Epoch 881 begin

Test set: Epoch: 881, Average loss: 0.00111455

min_loss: 0.0008741514558254287
Epoch 882 begin

Test set: Epoch: 882, Average loss: 0.00111477

min_loss: 0.0008741514558254287
Epoch 883 begin

Test set: Epoch: 883, Average loss: 0.00111536

min_loss: 0.0008741514558254287
Epoch 884 begin

Test set: Epoch: 884, Average loss: 0.00111610

min_loss: 0.0008741514558254287
Epoch 885 begin

Test set: Epoch: 885, Average loss: 0.00111380

min_loss: 0.0008741514558254287
Epoch 886 begin

Test set: Epoch: 886, Average loss: 0.00111299

min_loss: 0.0008741514558254287
Epoch 887 begin

Test set: Epoch: 887, Average loss: 0.00111238

min_loss: 0.0008741514558254287
Epoch 888 begin

Test set: Epoch: 888, Average loss: 0.00111467

min_loss: 0.0008741514558254287
Epoch 889 begin

Test set: Epoch: 889, Average loss: 0.00111880

min_loss: 0.0008741514558254287
Epoch 890 begin

Test set: Epoch: 890, Average loss: 0.00111485

min_loss: 0.0008741514558254287
Epoch 891 begin

Test set: Epoch: 891, Average loss: 0.00111665

min_loss: 0.0008741514558254287
Epoch 892 begin

Test set: Epoch: 892, Average loss: 0.00111530

min_loss: 0.0008741514558254287
Epoch 893 begin

Test set: Epoch: 893, Average loss: 0.00111663

min_loss: 0.0008741514558254287
Epoch 894 begin

Test set: Epoch: 894, Average loss: 0.00111427

min_loss: 0.0008741514558254287
Epoch 895 begin

Test set: Epoch: 895, Average loss: 0.00111499

min_loss: 0.0008741514558254287
Epoch 896 begin

Test set: Epoch: 896, Average loss: 0.00111583

min_loss: 0.0008741514558254287
Epoch 897 begin

Test set: Epoch: 897, Average loss: 0.00111620

min_loss: 0.0008741514558254287
Epoch 898 begin

Test set: Epoch: 898, Average loss: 0.00111693

min_loss: 0.0008741514558254287
Epoch 899 begin

Test set: Epoch: 899, Average loss: 0.00111580

min_loss: 0.0008741514558254287

Test set: Epoch: 1, Average loss: 0.00111291

final loss: 0.0011129092134535314
spend time: 15814.037664413452
