nohup: 忽略输入
model established
Sequential(
  (0): PositionalMapping()
  (1): Out_net(
    (mask_net): Transformer(
      (in_net): Linear(in_features=18, out_features=256, bias=True)
      (blocks): ModuleList(
        (0): Block(
          (attn): CrossAttention(
            (proj_q): Linear(in_features=256, out_features=256, bias=True)
            (proj_k): Linear(in_features=256, out_features=256, bias=True)
            (proj_v): Linear(in_features=256, out_features=256, bias=True)
            (drop): Dropout(p=0, inplace=False)
          )
          (proj_x): Linear(in_features=5, out_features=48, bias=True)
          (proj): Linear(in_features=256, out_features=256, bias=True)
          (norm1): LayerNorm()
          (pwff): PositionWiseFeedForward(
            (fc1): Linear(in_features=256, out_features=512, bias=True)
            (fc2): Linear(in_features=512, out_features=256, bias=True)
          )
          (norm2): LayerNorm()
          (drop): Dropout(p=0, inplace=False)
        )
        (1-3): 3 x Block(
          (attn): MultiHeadedSelfAttention(
            (proj_q): Linear(in_features=256, out_features=256, bias=True)
            (proj_k): Linear(in_features=256, out_features=256, bias=True)
            (proj_v): Linear(in_features=256, out_features=256, bias=True)
            (drop): Dropout(p=0, inplace=False)
          )
          (proj): Linear(in_features=256, out_features=256, bias=True)
          (norm1): LayerNorm()
          (pwff): PositionWiseFeedForward(
            (fc1): Linear(in_features=256, out_features=512, bias=True)
            (fc2): Linear(in_features=512, out_features=256, bias=True)
          )
          (norm2): LayerNorm()
          (drop): Dropout(p=0, inplace=False)
        )
      )
      (out_net): Linear(in_features=256, out_features=1, bias=True)
    )
    (output_set_net): Transformer(
      (in_net): Linear(in_features=18, out_features=256, bias=True)
      (blocks): ModuleList(
        (0): Block(
          (attn): CrossAttention(
            (proj_q): Linear(in_features=256, out_features=256, bias=True)
            (proj_k): Linear(in_features=256, out_features=256, bias=True)
            (proj_v): Linear(in_features=256, out_features=256, bias=True)
            (drop): Dropout(p=0, inplace=False)
          )
          (proj_x): Linear(in_features=5, out_features=48, bias=True)
          (proj): Linear(in_features=256, out_features=256, bias=True)
          (norm1): LayerNorm()
          (pwff): PositionWiseFeedForward(
            (fc1): Linear(in_features=256, out_features=512, bias=True)
            (fc2): Linear(in_features=512, out_features=256, bias=True)
          )
          (norm2): LayerNorm()
          (drop): Dropout(p=0, inplace=False)
        )
        (1-3): 3 x Block(
          (attn): MultiHeadedSelfAttention(
            (proj_q): Linear(in_features=256, out_features=256, bias=True)
            (proj_k): Linear(in_features=256, out_features=256, bias=True)
            (proj_v): Linear(in_features=256, out_features=256, bias=True)
            (drop): Dropout(p=0, inplace=False)
          )
          (proj): Linear(in_features=256, out_features=256, bias=True)
          (norm1): LayerNorm()
          (pwff): PositionWiseFeedForward(
            (fc1): Linear(in_features=256, out_features=512, bias=True)
            (fc2): Linear(in_features=512, out_features=256, bias=True)
          )
          (norm2): LayerNorm()
          (drop): Dropout(p=0, inplace=False)
        )
      )
      (out_net): Linear(in_features=256, out_features=2, bias=True)
    )
  )
)
Epoch 0 begin

Test set: Epoch: 0, Average loss: 0.00238350

save
min_loss: 0.002383500381094142
Epoch 1 begin

Test set: Epoch: 1, Average loss: 0.00242331

min_loss: 0.002383500381094142
Epoch 2 begin

Test set: Epoch: 2, Average loss: 0.00231834

save
min_loss: 0.0023183437963477964
Epoch 3 begin

Test set: Epoch: 3, Average loss: 0.00225087

save
min_loss: 0.00225086961891807
Epoch 4 begin

Test set: Epoch: 4, Average loss: 0.00217355

save
min_loss: 0.002173549387000915
Epoch 5 begin

Test set: Epoch: 5, Average loss: 0.00195628

save
min_loss: 0.001956279418782374
Epoch 6 begin

Test set: Epoch: 6, Average loss: 0.00168413

save
min_loss: 0.0016841300598438994
Epoch 7 begin

Test set: Epoch: 7, Average loss: 0.00167959

save
min_loss: 0.001679590426445206
Epoch 8 begin

Test set: Epoch: 8, Average loss: 0.00155369

save
min_loss: 0.0015536870841971033
Epoch 9 begin

Test set: Epoch: 9, Average loss: 0.00164955

min_loss: 0.0015536870841971033
Epoch 10 begin

Test set: Epoch: 10, Average loss: 0.00151162

save
min_loss: 0.0015116247549353259
Epoch 11 begin

Test set: Epoch: 11, Average loss: 0.00141296

save
min_loss: 0.0014129603547820282
Epoch 12 begin

Test set: Epoch: 12, Average loss: 0.00148546

min_loss: 0.0014129603547820282
Epoch 13 begin

Test set: Epoch: 13, Average loss: 0.00138734

save
min_loss: 0.0013873440812604092
Epoch 14 begin

Test set: Epoch: 14, Average loss: 0.00145487

min_loss: 0.0013873440812604092
Epoch 15 begin

Test set: Epoch: 15, Average loss: 0.00131746

save
min_loss: 0.0013174633049410675
Epoch 16 begin

Test set: Epoch: 16, Average loss: 0.00136651

min_loss: 0.0013174633049410675
Epoch 17 begin

Test set: Epoch: 17, Average loss: 0.00137065

min_loss: 0.0013174633049410675
Epoch 18 begin

Test set: Epoch: 18, Average loss: 0.00128831

save
min_loss: 0.0012883094028624804
Epoch 19 begin

Test set: Epoch: 19, Average loss: 0.00129448

min_loss: 0.0012883094028624804
Epoch 20 begin

Test set: Epoch: 20, Average loss: 0.00128809

save
min_loss: 0.0012880927589604993
Epoch 21 begin

Test set: Epoch: 21, Average loss: 0.00134976

min_loss: 0.0012880927589604993
Epoch 22 begin

Test set: Epoch: 22, Average loss: 0.00151376

min_loss: 0.0012880927589604993
Epoch 23 begin

Test set: Epoch: 23, Average loss: 0.00128654

save
min_loss: 0.001286535652079225
Epoch 24 begin

Test set: Epoch: 24, Average loss: 0.00121742

save
min_loss: 0.0012174234125073109
Epoch 25 begin

Test set: Epoch: 25, Average loss: 0.00126128

min_loss: 0.0012174234125073109
Epoch 26 begin

Test set: Epoch: 26, Average loss: 0.00126947

min_loss: 0.0012174234125073109
Epoch 27 begin

Test set: Epoch: 27, Average loss: 0.00120326

save
min_loss: 0.0012032577579043574
Epoch 28 begin

Test set: Epoch: 28, Average loss: 0.00120314

save
min_loss: 0.0012031433857060145
Epoch 29 begin

Test set: Epoch: 29, Average loss: 0.00124202

min_loss: 0.0012031433857060145
Epoch 30 begin

Test set: Epoch: 30, Average loss: 0.00119595

save
min_loss: 0.0011959525261508851
Epoch 31 begin

Test set: Epoch: 31, Average loss: 0.00117514

save
min_loss: 0.0011751410336523277
Epoch 32 begin

Test set: Epoch: 32, Average loss: 0.00115132

save
min_loss: 0.0011513150089055247
Epoch 33 begin

Test set: Epoch: 33, Average loss: 0.00112223

save
min_loss: 0.0011222294808353656
Epoch 34 begin

Test set: Epoch: 34, Average loss: 0.00106821

save
min_loss: 0.0010682111078838133
Epoch 35 begin

Test set: Epoch: 35, Average loss: 0.00109985

min_loss: 0.0010682111078838133
Epoch 36 begin

Test set: Epoch: 36, Average loss: 0.00116222

min_loss: 0.0010682111078838133
Epoch 37 begin

Test set: Epoch: 37, Average loss: 0.00113770

min_loss: 0.0010682111078838133
Epoch 38 begin

Test set: Epoch: 38, Average loss: 0.00110935

min_loss: 0.0010682111078838133
Epoch 39 begin

Test set: Epoch: 39, Average loss: 0.00119765

min_loss: 0.0010682111078838133
Epoch 40 begin

Test set: Epoch: 40, Average loss: 0.00107410

min_loss: 0.0010682111078838133
Epoch 41 begin

Test set: Epoch: 41, Average loss: 0.00109279

min_loss: 0.0010682111078838133
Epoch 42 begin

Test set: Epoch: 42, Average loss: 0.00109190

min_loss: 0.0010682111078838133
Epoch 43 begin

Test set: Epoch: 43, Average loss: 0.00105465

save
min_loss: 0.001054645004833402
Epoch 44 begin

Test set: Epoch: 44, Average loss: 0.00106117

min_loss: 0.001054645004833402
Epoch 45 begin

Test set: Epoch: 45, Average loss: 0.00107023

min_loss: 0.001054645004833402
Epoch 46 begin

Test set: Epoch: 46, Average loss: 0.00103928

save
min_loss: 0.0010392779357600085
Epoch 47 begin

Test set: Epoch: 47, Average loss: 0.00103087

save
min_loss: 0.0010308717842222837
Epoch 48 begin

Test set: Epoch: 48, Average loss: 0.00098486

save
min_loss: 0.0009848569277788519
Epoch 49 begin

Test set: Epoch: 49, Average loss: 0.00099309

min_loss: 0.0009848569277788519
Epoch 50 begin

Test set: Epoch: 50, Average loss: 0.00104814

min_loss: 0.0009848569277788519
Epoch 51 begin

Test set: Epoch: 51, Average loss: 0.00101984

min_loss: 0.0009848569277788519
Epoch 52 begin

Test set: Epoch: 52, Average loss: 0.00097235

save
min_loss: 0.0009723466542482152
Epoch 53 begin

Test set: Epoch: 53, Average loss: 0.00098743

min_loss: 0.0009723466542482152
Epoch 54 begin

Test set: Epoch: 54, Average loss: 0.00102278

min_loss: 0.0009723466542482152
Epoch 55 begin

Test set: Epoch: 55, Average loss: 0.00099845

min_loss: 0.0009723466542482152
Epoch 56 begin

Test set: Epoch: 56, Average loss: 0.00100487

min_loss: 0.0009723466542482152
Epoch 57 begin

Test set: Epoch: 57, Average loss: 0.00099123

min_loss: 0.0009723466542482152
Epoch 58 begin

Test set: Epoch: 58, Average loss: 0.00108736

min_loss: 0.0009723466542482152
Epoch 59 begin

Test set: Epoch: 59, Average loss: 0.00096434

save
min_loss: 0.0009643428542561045
Epoch 60 begin

Test set: Epoch: 60, Average loss: 0.00096414

save
min_loss: 0.0009641421592410782
Epoch 61 begin

Test set: Epoch: 61, Average loss: 0.00099913

min_loss: 0.0009641421592410782
Epoch 62 begin

Test set: Epoch: 62, Average loss: 0.00096058

save
min_loss: 0.0009605770032236602
Epoch 63 begin

Test set: Epoch: 63, Average loss: 0.00099954

min_loss: 0.0009605770032236602
Epoch 64 begin

Test set: Epoch: 64, Average loss: 0.00098986

min_loss: 0.0009605770032236602
Epoch 65 begin

Test set: Epoch: 65, Average loss: 0.00106544

min_loss: 0.0009605770032236602
Epoch 66 begin

Test set: Epoch: 66, Average loss: 0.00099982

min_loss: 0.0009605770032236602
Epoch 67 begin

Test set: Epoch: 67, Average loss: 0.00094542

save
min_loss: 0.0009454176587915813
Epoch 68 begin

Test set: Epoch: 68, Average loss: 0.00096676

min_loss: 0.0009454176587915813
Epoch 69 begin

Test set: Epoch: 69, Average loss: 0.00093314

save
min_loss: 0.0009331441503128816
Epoch 70 begin

Test set: Epoch: 70, Average loss: 0.00093493

min_loss: 0.0009331441503128816
Epoch 71 begin

Test set: Epoch: 71, Average loss: 0.00097807

min_loss: 0.0009331441503128816
Epoch 72 begin

Test set: Epoch: 72, Average loss: 0.00099473

min_loss: 0.0009331441503128816
Epoch 73 begin

Test set: Epoch: 73, Average loss: 0.00110937

min_loss: 0.0009331441503128816
Epoch 74 begin

Test set: Epoch: 74, Average loss: 0.00093970

min_loss: 0.0009331441503128816
Epoch 75 begin

Test set: Epoch: 75, Average loss: 0.00098409

min_loss: 0.0009331441503128816
Epoch 76 begin

Test set: Epoch: 76, Average loss: 0.00089931

save
min_loss: 0.0008993077233711771
Epoch 77 begin

Test set: Epoch: 77, Average loss: 0.00092504

min_loss: 0.0008993077233711771
Epoch 78 begin

Test set: Epoch: 78, Average loss: 0.00102593

min_loss: 0.0008993077233711771
Epoch 79 begin

Test set: Epoch: 79, Average loss: 0.00092834

min_loss: 0.0008993077233711771
Epoch 80 begin

Test set: Epoch: 80, Average loss: 0.00095674

min_loss: 0.0008993077233711771
Epoch 81 begin

Test set: Epoch: 81, Average loss: 0.00092518

min_loss: 0.0008993077233711771
Epoch 82 begin

Test set: Epoch: 82, Average loss: 0.00104126

min_loss: 0.0008993077233711771
Epoch 83 begin

Test set: Epoch: 83, Average loss: 0.00089645

save
min_loss: 0.0008964545331234407
Epoch 84 begin

Test set: Epoch: 84, Average loss: 0.00093906

min_loss: 0.0008964545331234407
Epoch 85 begin

Test set: Epoch: 85, Average loss: 0.00095441

min_loss: 0.0008964545331234407
Epoch 86 begin

Test set: Epoch: 86, Average loss: 0.00095535

min_loss: 0.0008964545331234407
Epoch 87 begin

Test set: Epoch: 87, Average loss: 0.00092182

min_loss: 0.0008964545331234407
Epoch 88 begin

Test set: Epoch: 88, Average loss: 0.00092688

min_loss: 0.0008964545331234407
Epoch 89 begin

Test set: Epoch: 89, Average loss: 0.00094238

min_loss: 0.0008964545331234407
Epoch 90 begin

Test set: Epoch: 90, Average loss: 0.00102437

min_loss: 0.0008964545331234407
Epoch 91 begin

Test set: Epoch: 91, Average loss: 0.00095278

min_loss: 0.0008964545331234407
Epoch 92 begin

Test set: Epoch: 92, Average loss: 0.00092158

min_loss: 0.0008964545331234407
Epoch 93 begin

Test set: Epoch: 93, Average loss: 0.00095862

min_loss: 0.0008964545331234407
Epoch 94 begin

Test set: Epoch: 94, Average loss: 0.00096492

min_loss: 0.0008964545331234407
Epoch 95 begin

Test set: Epoch: 95, Average loss: 0.00096525

min_loss: 0.0008964545331234407
Epoch 96 begin

Test set: Epoch: 96, Average loss: 0.00092345

min_loss: 0.0008964545331234407
Epoch 97 begin

Test set: Epoch: 97, Average loss: 0.00095231

min_loss: 0.0008964545331234407
Epoch 98 begin

Test set: Epoch: 98, Average loss: 0.00093763

min_loss: 0.0008964545331234407
Epoch 99 begin

Test set: Epoch: 99, Average loss: 0.00094434

min_loss: 0.0008964545331234407
Epoch 100 begin

Test set: Epoch: 100, Average loss: 0.00090032

min_loss: 0.0008964545331234407
Epoch 101 begin

Test set: Epoch: 101, Average loss: 0.00095627

min_loss: 0.0008964545331234407
Epoch 102 begin

Test set: Epoch: 102, Average loss: 0.00093495

min_loss: 0.0008964545331234407
Epoch 103 begin

Test set: Epoch: 103, Average loss: 0.00092319

min_loss: 0.0008964545331234407
Epoch 104 begin

Test set: Epoch: 104, Average loss: 0.00091822

min_loss: 0.0008964545331234407
Epoch 105 begin

Test set: Epoch: 105, Average loss: 0.00095856

min_loss: 0.0008964545331234407
Epoch 106 begin

Test set: Epoch: 106, Average loss: 0.00093000

min_loss: 0.0008964545331234407
Epoch 107 begin

Test set: Epoch: 107, Average loss: 0.00091026

min_loss: 0.0008964545331234407
Epoch 108 begin

Test set: Epoch: 108, Average loss: 0.00092286

min_loss: 0.0008964545331234407
Epoch 109 begin

Test set: Epoch: 109, Average loss: 0.00092120

min_loss: 0.0008964545331234407
Epoch 110 begin

Test set: Epoch: 110, Average loss: 0.00092975

min_loss: 0.0008964545331234407
Epoch 111 begin

Test set: Epoch: 111, Average loss: 0.00092106

min_loss: 0.0008964545331234407
Epoch 112 begin

Test set: Epoch: 112, Average loss: 0.00090804

min_loss: 0.0008964545331234407
Epoch 113 begin

Test set: Epoch: 113, Average loss: 0.00088604

save
min_loss: 0.0008860406237002472
Epoch 114 begin

Test set: Epoch: 114, Average loss: 0.00093339

min_loss: 0.0008860406237002472
Epoch 115 begin

Test set: Epoch: 115, Average loss: 0.00098841

min_loss: 0.0008860406237002472
Epoch 116 begin

Test set: Epoch: 116, Average loss: 0.00092019

min_loss: 0.0008860406237002472
Epoch 117 begin

Test set: Epoch: 117, Average loss: 0.00087457

save
min_loss: 0.0008745700071219122
Epoch 118 begin

Test set: Epoch: 118, Average loss: 0.00093101

min_loss: 0.0008745700071219122
Epoch 119 begin

Test set: Epoch: 119, Average loss: 0.00090906

min_loss: 0.0008745700071219122
Epoch 120 begin

Test set: Epoch: 120, Average loss: 0.00090552

min_loss: 0.0008745700071219122
Epoch 121 begin

Test set: Epoch: 121, Average loss: 0.00090075

min_loss: 0.0008745700071219122
Epoch 122 begin

Test set: Epoch: 122, Average loss: 0.00088902

min_loss: 0.0008745700071219122
Epoch 123 begin

Test set: Epoch: 123, Average loss: 0.00092427

min_loss: 0.0008745700071219122
Epoch 124 begin

Test set: Epoch: 124, Average loss: 0.00093075

min_loss: 0.0008745700071219122
Epoch 125 begin

Test set: Epoch: 125, Average loss: 0.00092325

min_loss: 0.0008745700071219122
Epoch 126 begin

Test set: Epoch: 126, Average loss: 0.00090215

min_loss: 0.0008745700071219122
Epoch 127 begin

Test set: Epoch: 127, Average loss: 0.00091311

min_loss: 0.0008745700071219122
Epoch 128 begin

Test set: Epoch: 128, Average loss: 0.00090661

min_loss: 0.0008745700071219122
Epoch 129 begin

Test set: Epoch: 129, Average loss: 0.00090161

min_loss: 0.0008745700071219122
Epoch 130 begin

Test set: Epoch: 130, Average loss: 0.00094970

min_loss: 0.0008745700071219122
Epoch 131 begin

Test set: Epoch: 131, Average loss: 0.00091584

min_loss: 0.0008745700071219122
Epoch 132 begin

Test set: Epoch: 132, Average loss: 0.00089580

min_loss: 0.0008745700071219122
Epoch 133 begin

Test set: Epoch: 133, Average loss: 0.00091183

min_loss: 0.0008745700071219122
Epoch 134 begin

Test set: Epoch: 134, Average loss: 0.00087052

save
min_loss: 0.0008705163825593402
Epoch 135 begin

Test set: Epoch: 135, Average loss: 0.00089245

min_loss: 0.0008705163825593402
Epoch 136 begin

Test set: Epoch: 136, Average loss: 0.00089532

min_loss: 0.0008705163825593402
Epoch 137 begin

Test set: Epoch: 137, Average loss: 0.00092491

min_loss: 0.0008705163825593402
Epoch 138 begin

Test set: Epoch: 138, Average loss: 0.00092947

min_loss: 0.0008705163825593402
Epoch 139 begin

Test set: Epoch: 139, Average loss: 0.00091614

min_loss: 0.0008705163825593402
Epoch 140 begin

Test set: Epoch: 140, Average loss: 0.00089189

min_loss: 0.0008705163825593402
Epoch 141 begin

Test set: Epoch: 141, Average loss: 0.00092005

min_loss: 0.0008705163825593402
Epoch 142 begin

Test set: Epoch: 142, Average loss: 0.00091718

min_loss: 0.0008705163825593402
Epoch 143 begin

Test set: Epoch: 143, Average loss: 0.00090093

min_loss: 0.0008705163825593402
Epoch 144 begin

Test set: Epoch: 144, Average loss: 0.00091313

min_loss: 0.0008705163825593402
Epoch 145 begin

Test set: Epoch: 145, Average loss: 0.00093516

min_loss: 0.0008705163825593402
Epoch 146 begin

Test set: Epoch: 146, Average loss: 0.00090464

min_loss: 0.0008705163825593402
Epoch 147 begin

Test set: Epoch: 147, Average loss: 0.00090991

min_loss: 0.0008705163825593402
Epoch 148 begin

Test set: Epoch: 148, Average loss: 0.00088532

min_loss: 0.0008705163825593402
Epoch 149 begin

Test set: Epoch: 149, Average loss: 0.00096134

min_loss: 0.0008705163825593402
Epoch 150 begin

Test set: Epoch: 150, Average loss: 0.00091756

min_loss: 0.0008705163825593402
Epoch 151 begin

Test set: Epoch: 151, Average loss: 0.00090885

min_loss: 0.0008705163825593402
Epoch 152 begin

Test set: Epoch: 152, Average loss: 0.00095499

min_loss: 0.0008705163825593402
Epoch 153 begin

Test set: Epoch: 153, Average loss: 0.00092057

min_loss: 0.0008705163825593402
Epoch 154 begin

Test set: Epoch: 154, Average loss: 0.00091120

min_loss: 0.0008705163825593402
Epoch 155 begin

Test set: Epoch: 155, Average loss: 0.00093166

min_loss: 0.0008705163825593402
Epoch 156 begin

Test set: Epoch: 156, Average loss: 0.00092359

min_loss: 0.0008705163825593402
Epoch 157 begin

Test set: Epoch: 157, Average loss: 0.00090419

min_loss: 0.0008705163825593402
Epoch 158 begin

Test set: Epoch: 158, Average loss: 0.00091798

min_loss: 0.0008705163825593402
Epoch 159 begin

Test set: Epoch: 159, Average loss: 0.00093970

min_loss: 0.0008705163825593402
Epoch 160 begin

Test set: Epoch: 160, Average loss: 0.00090970

min_loss: 0.0008705163825593402
Epoch 161 begin

Test set: Epoch: 161, Average loss: 0.00093099

min_loss: 0.0008705163825593402
Epoch 162 begin

Test set: Epoch: 162, Average loss: 0.00091134

min_loss: 0.0008705163825593402
Epoch 163 begin

Test set: Epoch: 163, Average loss: 0.00090180

min_loss: 0.0008705163825593402
Epoch 164 begin

Test set: Epoch: 164, Average loss: 0.00091909

min_loss: 0.0008705163825593402
Epoch 165 begin

Test set: Epoch: 165, Average loss: 0.00093762

min_loss: 0.0008705163825593402
Epoch 166 begin

Test set: Epoch: 166, Average loss: 0.00093365

min_loss: 0.0008705163825593402
Epoch 167 begin

Test set: Epoch: 167, Average loss: 0.00091572

min_loss: 0.0008705163825593402
Epoch 168 begin

Test set: Epoch: 168, Average loss: 0.00095858

min_loss: 0.0008705163825593402
Epoch 169 begin

Test set: Epoch: 169, Average loss: 0.00094884

min_loss: 0.0008705163825593402
Epoch 170 begin

Test set: Epoch: 170, Average loss: 0.00092643

min_loss: 0.0008705163825593402
Epoch 171 begin

Test set: Epoch: 171, Average loss: 0.00089817

min_loss: 0.0008705163825593402
Epoch 172 begin

Test set: Epoch: 172, Average loss: 0.00092659

min_loss: 0.0008705163825593402
Epoch 173 begin

Test set: Epoch: 173, Average loss: 0.00093386

min_loss: 0.0008705163825593402
Epoch 174 begin

Test set: Epoch: 174, Average loss: 0.00095738

min_loss: 0.0008705163825593402
Epoch 175 begin

Test set: Epoch: 175, Average loss: 0.00092777

min_loss: 0.0008705163825593402
Epoch 176 begin

Test set: Epoch: 176, Average loss: 0.00092261

min_loss: 0.0008705163825593402
Epoch 177 begin

Test set: Epoch: 177, Average loss: 0.00092574

min_loss: 0.0008705163825593402
Epoch 178 begin

Test set: Epoch: 178, Average loss: 0.00093123

min_loss: 0.0008705163825593402
Epoch 179 begin

Test set: Epoch: 179, Average loss: 0.00095343

min_loss: 0.0008705163825593402
Epoch 180 begin

Test set: Epoch: 180, Average loss: 0.00100072

min_loss: 0.0008705163825593402
Epoch 181 begin

Test set: Epoch: 181, Average loss: 0.00090932

min_loss: 0.0008705163825593402
Epoch 182 begin

Test set: Epoch: 182, Average loss: 0.00092336

min_loss: 0.0008705163825593402
Epoch 183 begin

Test set: Epoch: 183, Average loss: 0.00092452

min_loss: 0.0008705163825593402
Epoch 184 begin

Test set: Epoch: 184, Average loss: 0.00094337

min_loss: 0.0008705163825593402
Epoch 185 begin

Test set: Epoch: 185, Average loss: 0.00091551

min_loss: 0.0008705163825593402
Epoch 186 begin

Test set: Epoch: 186, Average loss: 0.00096649

min_loss: 0.0008705163825593402
Epoch 187 begin

Test set: Epoch: 187, Average loss: 0.00092087

min_loss: 0.0008705163825593402
Epoch 188 begin

Test set: Epoch: 188, Average loss: 0.00095908

min_loss: 0.0008705163825593402
Epoch 189 begin

Test set: Epoch: 189, Average loss: 0.00097456

min_loss: 0.0008705163825593402
Epoch 190 begin

Test set: Epoch: 190, Average loss: 0.00093023

min_loss: 0.0008705163825593402
Epoch 191 begin

Test set: Epoch: 191, Average loss: 0.00093917

min_loss: 0.0008705163825593402
Epoch 192 begin

Test set: Epoch: 192, Average loss: 0.00093378

min_loss: 0.0008705163825593402
Epoch 193 begin

Test set: Epoch: 193, Average loss: 0.00093198

min_loss: 0.0008705163825593402
Epoch 194 begin

Test set: Epoch: 194, Average loss: 0.00095751

min_loss: 0.0008705163825593402
Epoch 195 begin

Test set: Epoch: 195, Average loss: 0.00094190

min_loss: 0.0008705163825593402
Epoch 196 begin

Test set: Epoch: 196, Average loss: 0.00095345

min_loss: 0.0008705163825593402
Epoch 197 begin

Test set: Epoch: 197, Average loss: 0.00094508

min_loss: 0.0008705163825593402
Epoch 198 begin

Test set: Epoch: 198, Average loss: 0.00091024

min_loss: 0.0008705163825593402
Epoch 199 begin

Test set: Epoch: 199, Average loss: 0.00094294

min_loss: 0.0008705163825593402
Epoch 200 begin

Test set: Epoch: 200, Average loss: 0.00099406

min_loss: 0.0008705163825593402
Epoch 201 begin

Test set: Epoch: 201, Average loss: 0.00094741

min_loss: 0.0008705163825593402
Epoch 202 begin

Test set: Epoch: 202, Average loss: 0.00093123

min_loss: 0.0008705163825593402
Epoch 203 begin

Test set: Epoch: 203, Average loss: 0.00094280

min_loss: 0.0008705163825593402
Epoch 204 begin

Test set: Epoch: 204, Average loss: 0.00094074

min_loss: 0.0008705163825593402
Epoch 205 begin

Test set: Epoch: 205, Average loss: 0.00095042

min_loss: 0.0008705163825593402
Epoch 206 begin

Test set: Epoch: 206, Average loss: 0.00105488

min_loss: 0.0008705163825593402
Epoch 207 begin

Test set: Epoch: 207, Average loss: 0.00093793

min_loss: 0.0008705163825593402
Epoch 208 begin

Test set: Epoch: 208, Average loss: 0.00092696

min_loss: 0.0008705163825593402
Epoch 209 begin

Test set: Epoch: 209, Average loss: 0.00096490

min_loss: 0.0008705163825593402
Epoch 210 begin

Test set: Epoch: 210, Average loss: 0.00092005

min_loss: 0.0008705163825593402
Epoch 211 begin

Test set: Epoch: 211, Average loss: 0.00092868

min_loss: 0.0008705163825593402
Epoch 212 begin

Test set: Epoch: 212, Average loss: 0.00097603

min_loss: 0.0008705163825593402
Epoch 213 begin

Test set: Epoch: 213, Average loss: 0.00095159

min_loss: 0.0008705163825593402
Epoch 214 begin

Test set: Epoch: 214, Average loss: 0.00093824

min_loss: 0.0008705163825593402
Epoch 215 begin

Test set: Epoch: 215, Average loss: 0.00094770

min_loss: 0.0008705163825593402
Epoch 216 begin

Test set: Epoch: 216, Average loss: 0.00096917

min_loss: 0.0008705163825593402
Epoch 217 begin

Test set: Epoch: 217, Average loss: 0.00094683

min_loss: 0.0008705163825593402
Epoch 218 begin

Test set: Epoch: 218, Average loss: 0.00094577

min_loss: 0.0008705163825593402
Epoch 219 begin

Test set: Epoch: 219, Average loss: 0.00098959

min_loss: 0.0008705163825593402
Epoch 220 begin

Test set: Epoch: 220, Average loss: 0.00095353

min_loss: 0.0008705163825593402
Epoch 221 begin

Test set: Epoch: 221, Average loss: 0.00098204

min_loss: 0.0008705163825593402
Epoch 222 begin

Test set: Epoch: 222, Average loss: 0.00097643

min_loss: 0.0008705163825593402
Epoch 223 begin

Test set: Epoch: 223, Average loss: 0.00094871

min_loss: 0.0008705163825593402
Epoch 224 begin

Test set: Epoch: 224, Average loss: 0.00095278

min_loss: 0.0008705163825593402
Epoch 225 begin

Test set: Epoch: 225, Average loss: 0.00100456

min_loss: 0.0008705163825593402
Epoch 226 begin

Test set: Epoch: 226, Average loss: 0.00093581

min_loss: 0.0008705163825593402
Epoch 227 begin

Test set: Epoch: 227, Average loss: 0.00095478

min_loss: 0.0008705163825593402
Epoch 228 begin

Test set: Epoch: 228, Average loss: 0.00092760

min_loss: 0.0008705163825593402
Epoch 229 begin

Test set: Epoch: 229, Average loss: 0.00095361

min_loss: 0.0008705163825593402
Epoch 230 begin

Test set: Epoch: 230, Average loss: 0.00096227

min_loss: 0.0008705163825593402
Epoch 231 begin

Test set: Epoch: 231, Average loss: 0.00094775

min_loss: 0.0008705163825593402
Epoch 232 begin

Test set: Epoch: 232, Average loss: 0.00101588

min_loss: 0.0008705163825593402
Epoch 233 begin

Test set: Epoch: 233, Average loss: 0.00096762

min_loss: 0.0008705163825593402
Epoch 234 begin

Test set: Epoch: 234, Average loss: 0.00096751

min_loss: 0.0008705163825593402
Epoch 235 begin

Test set: Epoch: 235, Average loss: 0.00094951

min_loss: 0.0008705163825593402
Epoch 236 begin

Test set: Epoch: 236, Average loss: 0.00095294

min_loss: 0.0008705163825593402
Epoch 237 begin

Test set: Epoch: 237, Average loss: 0.00095160

min_loss: 0.0008705163825593402
Epoch 238 begin

Test set: Epoch: 238, Average loss: 0.00096506

min_loss: 0.0008705163825593402
Epoch 239 begin

Test set: Epoch: 239, Average loss: 0.00096322

min_loss: 0.0008705163825593402
Epoch 240 begin

Test set: Epoch: 240, Average loss: 0.00095850

min_loss: 0.0008705163825593402
Epoch 241 begin

Test set: Epoch: 241, Average loss: 0.00095891

min_loss: 0.0008705163825593402
Epoch 242 begin

Test set: Epoch: 242, Average loss: 0.00096162

min_loss: 0.0008705163825593402
Epoch 243 begin

Test set: Epoch: 243, Average loss: 0.00099473

min_loss: 0.0008705163825593402
Epoch 244 begin

Test set: Epoch: 244, Average loss: 0.00095091

min_loss: 0.0008705163825593402
Epoch 245 begin

Test set: Epoch: 245, Average loss: 0.00096992

min_loss: 0.0008705163825593402
Epoch 246 begin

Test set: Epoch: 246, Average loss: 0.00095712

min_loss: 0.0008705163825593402
Epoch 247 begin

Test set: Epoch: 247, Average loss: 0.00096872

min_loss: 0.0008705163825593402
Epoch 248 begin

Test set: Epoch: 248, Average loss: 0.00096135

min_loss: 0.0008705163825593402
Epoch 249 begin

Test set: Epoch: 249, Average loss: 0.00098878

min_loss: 0.0008705163825593402
Epoch 250 begin

Test set: Epoch: 250, Average loss: 0.00095428

min_loss: 0.0008705163825593402
Epoch 251 begin

Test set: Epoch: 251, Average loss: 0.00097244

min_loss: 0.0008705163825593402
Epoch 252 begin

Test set: Epoch: 252, Average loss: 0.00097016

min_loss: 0.0008705163825593402
Epoch 253 begin

Test set: Epoch: 253, Average loss: 0.00095630

min_loss: 0.0008705163825593402
Epoch 254 begin

Test set: Epoch: 254, Average loss: 0.00096283

min_loss: 0.0008705163825593402
Epoch 255 begin

Test set: Epoch: 255, Average loss: 0.00098240

min_loss: 0.0008705163825593402
Epoch 256 begin

Test set: Epoch: 256, Average loss: 0.00098760

min_loss: 0.0008705163825593402
Epoch 257 begin

Test set: Epoch: 257, Average loss: 0.00096262

min_loss: 0.0008705163825593402
Epoch 258 begin

Test set: Epoch: 258, Average loss: 0.00097943

min_loss: 0.0008705163825593402
Epoch 259 begin

Test set: Epoch: 259, Average loss: 0.00095156

min_loss: 0.0008705163825593402
Epoch 260 begin

Test set: Epoch: 260, Average loss: 0.00097573

min_loss: 0.0008705163825593402
Epoch 261 begin

Test set: Epoch: 261, Average loss: 0.00105046

min_loss: 0.0008705163825593402
Epoch 262 begin

Test set: Epoch: 262, Average loss: 0.00096823

min_loss: 0.0008705163825593402
Epoch 263 begin

Test set: Epoch: 263, Average loss: 0.00094858

min_loss: 0.0008705163825593402
Epoch 264 begin

Test set: Epoch: 264, Average loss: 0.00097826

min_loss: 0.0008705163825593402
Epoch 265 begin

Test set: Epoch: 265, Average loss: 0.00094883

min_loss: 0.0008705163825593402
Epoch 266 begin

Test set: Epoch: 266, Average loss: 0.00100534

min_loss: 0.0008705163825593402
Epoch 267 begin

Test set: Epoch: 267, Average loss: 0.00096697

min_loss: 0.0008705163825593402
Epoch 268 begin

Test set: Epoch: 268, Average loss: 0.00097555

min_loss: 0.0008705163825593402
Epoch 269 begin

Test set: Epoch: 269, Average loss: 0.00094506

min_loss: 0.0008705163825593402
Epoch 270 begin

Test set: Epoch: 270, Average loss: 0.00096464

min_loss: 0.0008705163825593402
Epoch 271 begin

Test set: Epoch: 271, Average loss: 0.00096824

min_loss: 0.0008705163825593402
Epoch 272 begin

Test set: Epoch: 272, Average loss: 0.00098771

min_loss: 0.0008705163825593402
Epoch 273 begin

Test set: Epoch: 273, Average loss: 0.00098201

min_loss: 0.0008705163825593402
Epoch 274 begin

Test set: Epoch: 274, Average loss: 0.00097274

min_loss: 0.0008705163825593402
Epoch 275 begin

Test set: Epoch: 275, Average loss: 0.00096466

min_loss: 0.0008705163825593402
Epoch 276 begin

Test set: Epoch: 276, Average loss: 0.00097517

min_loss: 0.0008705163825593402
Epoch 277 begin

Test set: Epoch: 277, Average loss: 0.00097674

min_loss: 0.0008705163825593402
Epoch 278 begin

Test set: Epoch: 278, Average loss: 0.00097077

min_loss: 0.0008705163825593402
Epoch 279 begin

Test set: Epoch: 279, Average loss: 0.00096763

min_loss: 0.0008705163825593402
Epoch 280 begin

Test set: Epoch: 280, Average loss: 0.00098112

min_loss: 0.0008705163825593402
Epoch 281 begin

Test set: Epoch: 281, Average loss: 0.00100447

min_loss: 0.0008705163825593402
Epoch 282 begin

Test set: Epoch: 282, Average loss: 0.00100283

min_loss: 0.0008705163825593402
Epoch 283 begin

Test set: Epoch: 283, Average loss: 0.00095187

min_loss: 0.0008705163825593402
Epoch 284 begin

Test set: Epoch: 284, Average loss: 0.00099020

min_loss: 0.0008705163825593402
Epoch 285 begin

Test set: Epoch: 285, Average loss: 0.00097325

min_loss: 0.0008705163825593402
Epoch 286 begin

Test set: Epoch: 286, Average loss: 0.00100363

min_loss: 0.0008705163825593402
Epoch 287 begin

Test set: Epoch: 287, Average loss: 0.00100408

min_loss: 0.0008705163825593402
Epoch 288 begin

Test set: Epoch: 288, Average loss: 0.00098520

min_loss: 0.0008705163825593402
Epoch 289 begin

Test set: Epoch: 289, Average loss: 0.00098769

min_loss: 0.0008705163825593402
Epoch 290 begin

Test set: Epoch: 290, Average loss: 0.00098239

min_loss: 0.0008705163825593402
Epoch 291 begin

Test set: Epoch: 291, Average loss: 0.00098663

min_loss: 0.0008705163825593402
Epoch 292 begin

Test set: Epoch: 292, Average loss: 0.00101397

min_loss: 0.0008705163825593402
Epoch 293 begin

Test set: Epoch: 293, Average loss: 0.00098737

min_loss: 0.0008705163825593402
Epoch 294 begin

Test set: Epoch: 294, Average loss: 0.00097240

min_loss: 0.0008705163825593402
Epoch 295 begin

Test set: Epoch: 295, Average loss: 0.00101517

min_loss: 0.0008705163825593402
Epoch 296 begin

Test set: Epoch: 296, Average loss: 0.00099687

min_loss: 0.0008705163825593402
Epoch 297 begin

Test set: Epoch: 297, Average loss: 0.00096535

min_loss: 0.0008705163825593402
Epoch 298 begin

Test set: Epoch: 298, Average loss: 0.00100889

min_loss: 0.0008705163825593402
Epoch 299 begin

Test set: Epoch: 299, Average loss: 0.00097176

min_loss: 0.0008705163825593402
Epoch 300 begin

Test set: Epoch: 300, Average loss: 0.00095277

min_loss: 0.0008705163825593402
Epoch 301 begin

Test set: Epoch: 301, Average loss: 0.00096399

min_loss: 0.0008705163825593402
Epoch 302 begin

Test set: Epoch: 302, Average loss: 0.00096449

min_loss: 0.0008705163825593402
Epoch 303 begin

Test set: Epoch: 303, Average loss: 0.00097564

min_loss: 0.0008705163825593402
Epoch 304 begin

Test set: Epoch: 304, Average loss: 0.00097929

min_loss: 0.0008705163825593402
Epoch 305 begin

Test set: Epoch: 305, Average loss: 0.00098385

min_loss: 0.0008705163825593402
Epoch 306 begin

Test set: Epoch: 306, Average loss: 0.00098140

min_loss: 0.0008705163825593402
Epoch 307 begin

Test set: Epoch: 307, Average loss: 0.00098414

min_loss: 0.0008705163825593402
Epoch 308 begin

Test set: Epoch: 308, Average loss: 0.00099723

min_loss: 0.0008705163825593402
Epoch 309 begin

Test set: Epoch: 309, Average loss: 0.00099417

min_loss: 0.0008705163825593402
Epoch 310 begin

Test set: Epoch: 310, Average loss: 0.00099167

min_loss: 0.0008705163825593402
Epoch 311 begin

Test set: Epoch: 311, Average loss: 0.00100041

min_loss: 0.0008705163825593402
Epoch 312 begin

Test set: Epoch: 312, Average loss: 0.00099797

min_loss: 0.0008705163825593402
Epoch 313 begin

Test set: Epoch: 313, Average loss: 0.00100301

min_loss: 0.0008705163825593402
Epoch 314 begin

Test set: Epoch: 314, Average loss: 0.00100730

min_loss: 0.0008705163825593402
Epoch 315 begin

Test set: Epoch: 315, Average loss: 0.00100525

min_loss: 0.0008705163825593402
Epoch 316 begin

Test set: Epoch: 316, Average loss: 0.00100838

min_loss: 0.0008705163825593402
Epoch 317 begin

Test set: Epoch: 317, Average loss: 0.00101629

min_loss: 0.0008705163825593402
Epoch 318 begin

Test set: Epoch: 318, Average loss: 0.00102090

min_loss: 0.0008705163825593402
Epoch 319 begin

Test set: Epoch: 319, Average loss: 0.00101527

min_loss: 0.0008705163825593402
Epoch 320 begin

Test set: Epoch: 320, Average loss: 0.00102490

min_loss: 0.0008705163825593402
Epoch 321 begin

Test set: Epoch: 321, Average loss: 0.00101443

min_loss: 0.0008705163825593402
Epoch 322 begin

Test set: Epoch: 322, Average loss: 0.00102154

min_loss: 0.0008705163825593402
Epoch 323 begin

Test set: Epoch: 323, Average loss: 0.00102416

min_loss: 0.0008705163825593402
Epoch 324 begin

Test set: Epoch: 324, Average loss: 0.00102608

min_loss: 0.0008705163825593402
Epoch 325 begin

Test set: Epoch: 325, Average loss: 0.00102211

min_loss: 0.0008705163825593402
Epoch 326 begin

Test set: Epoch: 326, Average loss: 0.00102802

min_loss: 0.0008705163825593402
Epoch 327 begin

Test set: Epoch: 327, Average loss: 0.00102880

min_loss: 0.0008705163825593402
Epoch 328 begin

Test set: Epoch: 328, Average loss: 0.00102871

min_loss: 0.0008705163825593402
Epoch 329 begin

Test set: Epoch: 329, Average loss: 0.00102754

min_loss: 0.0008705163825593402
Epoch 330 begin

Test set: Epoch: 330, Average loss: 0.00103379

min_loss: 0.0008705163825593402
Epoch 331 begin

Test set: Epoch: 331, Average loss: 0.00102885

min_loss: 0.0008705163825593402
Epoch 332 begin

Test set: Epoch: 332, Average loss: 0.00103064

min_loss: 0.0008705163825593402
Epoch 333 begin

Test set: Epoch: 333, Average loss: 0.00103148

min_loss: 0.0008705163825593402
Epoch 334 begin

Test set: Epoch: 334, Average loss: 0.00103935

min_loss: 0.0008705163825593402
Epoch 335 begin

Test set: Epoch: 335, Average loss: 0.00103760

min_loss: 0.0008705163825593402
Epoch 336 begin

Test set: Epoch: 336, Average loss: 0.00103803

min_loss: 0.0008705163825593402
Epoch 337 begin

Test set: Epoch: 337, Average loss: 0.00103040

min_loss: 0.0008705163825593402
Epoch 338 begin

Test set: Epoch: 338, Average loss: 0.00103497

min_loss: 0.0008705163825593402
Epoch 339 begin

Test set: Epoch: 339, Average loss: 0.00104475

min_loss: 0.0008705163825593402
Epoch 340 begin

Test set: Epoch: 340, Average loss: 0.00104288

min_loss: 0.0008705163825593402
Epoch 341 begin

Test set: Epoch: 341, Average loss: 0.00104012

min_loss: 0.0008705163825593402
Epoch 342 begin

Test set: Epoch: 342, Average loss: 0.00103815

min_loss: 0.0008705163825593402
Epoch 343 begin

Test set: Epoch: 343, Average loss: 0.00104247

min_loss: 0.0008705163825593402
Epoch 344 begin

Test set: Epoch: 344, Average loss: 0.00104357

min_loss: 0.0008705163825593402
Epoch 345 begin

Test set: Epoch: 345, Average loss: 0.00104731

min_loss: 0.0008705163825593402
Epoch 346 begin

Test set: Epoch: 346, Average loss: 0.00105030

min_loss: 0.0008705163825593402
Epoch 347 begin

Test set: Epoch: 347, Average loss: 0.00104481

min_loss: 0.0008705163825593402
Epoch 348 begin

Test set: Epoch: 348, Average loss: 0.00104914

min_loss: 0.0008705163825593402
Epoch 349 begin

Test set: Epoch: 349, Average loss: 0.00104385

min_loss: 0.0008705163825593402
Epoch 350 begin

Test set: Epoch: 350, Average loss: 0.00104563

min_loss: 0.0008705163825593402
Epoch 351 begin

Test set: Epoch: 351, Average loss: 0.00104533

min_loss: 0.0008705163825593402
Epoch 352 begin

Test set: Epoch: 352, Average loss: 0.00104679

min_loss: 0.0008705163825593402
Epoch 353 begin

Test set: Epoch: 353, Average loss: 0.00104843

min_loss: 0.0008705163825593402
Epoch 354 begin

Test set: Epoch: 354, Average loss: 0.00104277

min_loss: 0.0008705163825593402
Epoch 355 begin

Test set: Epoch: 355, Average loss: 0.00104630

min_loss: 0.0008705163825593402
Epoch 356 begin

Test set: Epoch: 356, Average loss: 0.00105022

min_loss: 0.0008705163825593402
Epoch 357 begin

Test set: Epoch: 357, Average loss: 0.00105597

min_loss: 0.0008705163825593402
Epoch 358 begin

Test set: Epoch: 358, Average loss: 0.00104868

min_loss: 0.0008705163825593402
Epoch 359 begin

Test set: Epoch: 359, Average loss: 0.00105509

min_loss: 0.0008705163825593402
Epoch 360 begin

Test set: Epoch: 360, Average loss: 0.00105280

min_loss: 0.0008705163825593402
Epoch 361 begin

Test set: Epoch: 361, Average loss: 0.00105151

min_loss: 0.0008705163825593402
Epoch 362 begin

Test set: Epoch: 362, Average loss: 0.00105243

min_loss: 0.0008705163825593402
Epoch 363 begin

Test set: Epoch: 363, Average loss: 0.00105369

min_loss: 0.0008705163825593402
Epoch 364 begin

Test set: Epoch: 364, Average loss: 0.00105452

min_loss: 0.0008705163825593402
Epoch 365 begin

Test set: Epoch: 365, Average loss: 0.00105375

min_loss: 0.0008705163825593402
Epoch 366 begin

Test set: Epoch: 366, Average loss: 0.00106260

min_loss: 0.0008705163825593402
Epoch 367 begin

Test set: Epoch: 367, Average loss: 0.00105318

min_loss: 0.0008705163825593402
Epoch 368 begin

Test set: Epoch: 368, Average loss: 0.00105855

min_loss: 0.0008705163825593402
Epoch 369 begin

Test set: Epoch: 369, Average loss: 0.00105180

min_loss: 0.0008705163825593402
Epoch 370 begin

Test set: Epoch: 370, Average loss: 0.00106117

min_loss: 0.0008705163825593402
Epoch 371 begin

Test set: Epoch: 371, Average loss: 0.00105164

min_loss: 0.0008705163825593402
Epoch 372 begin

Test set: Epoch: 372, Average loss: 0.00105737

min_loss: 0.0008705163825593402
Epoch 373 begin

Test set: Epoch: 373, Average loss: 0.00105289

min_loss: 0.0008705163825593402
Epoch 374 begin

Test set: Epoch: 374, Average loss: 0.00106063

min_loss: 0.0008705163825593402
Epoch 375 begin

Test set: Epoch: 375, Average loss: 0.00106437

min_loss: 0.0008705163825593402
Epoch 376 begin

Test set: Epoch: 376, Average loss: 0.00106305

min_loss: 0.0008705163825593402
Epoch 377 begin

Test set: Epoch: 377, Average loss: 0.00106382

min_loss: 0.0008705163825593402
Epoch 378 begin

Test set: Epoch: 378, Average loss: 0.00106918

min_loss: 0.0008705163825593402
Epoch 379 begin

Test set: Epoch: 379, Average loss: 0.00106472

min_loss: 0.0008705163825593402
Epoch 380 begin

Test set: Epoch: 380, Average loss: 0.00106223

min_loss: 0.0008705163825593402
Epoch 381 begin

Test set: Epoch: 381, Average loss: 0.00106567

min_loss: 0.0008705163825593402
Epoch 382 begin

Test set: Epoch: 382, Average loss: 0.00106209

min_loss: 0.0008705163825593402
Epoch 383 begin

Test set: Epoch: 383, Average loss: 0.00105458

min_loss: 0.0008705163825593402
Epoch 384 begin

Test set: Epoch: 384, Average loss: 0.00106522

min_loss: 0.0008705163825593402
Epoch 385 begin

Test set: Epoch: 385, Average loss: 0.00106430

min_loss: 0.0008705163825593402
Epoch 386 begin

Test set: Epoch: 386, Average loss: 0.00106304

min_loss: 0.0008705163825593402
Epoch 387 begin

Test set: Epoch: 387, Average loss: 0.00106102

min_loss: 0.0008705163825593402
Epoch 388 begin

Test set: Epoch: 388, Average loss: 0.00105967

min_loss: 0.0008705163825593402
Epoch 389 begin

Test set: Epoch: 389, Average loss: 0.00107211

min_loss: 0.0008705163825593402
Epoch 390 begin

Test set: Epoch: 390, Average loss: 0.00107307

min_loss: 0.0008705163825593402
Epoch 391 begin

Test set: Epoch: 391, Average loss: 0.00107088

min_loss: 0.0008705163825593402
Epoch 392 begin

Test set: Epoch: 392, Average loss: 0.00106148

min_loss: 0.0008705163825593402
Epoch 393 begin

Test set: Epoch: 393, Average loss: 0.00106518

min_loss: 0.0008705163825593402
Epoch 394 begin

Test set: Epoch: 394, Average loss: 0.00106116

min_loss: 0.0008705163825593402
Epoch 395 begin

Test set: Epoch: 395, Average loss: 0.00106228

min_loss: 0.0008705163825593402
Epoch 396 begin

Test set: Epoch: 396, Average loss: 0.00105654

min_loss: 0.0008705163825593402
Epoch 397 begin

Test set: Epoch: 397, Average loss: 0.00106630

min_loss: 0.0008705163825593402
Epoch 398 begin

Test set: Epoch: 398, Average loss: 0.00106283

min_loss: 0.0008705163825593402
Epoch 399 begin

Test set: Epoch: 399, Average loss: 0.00106402

min_loss: 0.0008705163825593402
Epoch 400 begin

Test set: Epoch: 400, Average loss: 0.00106809

min_loss: 0.0008705163825593402
Epoch 401 begin

Test set: Epoch: 401, Average loss: 0.00106503

min_loss: 0.0008705163825593402
Epoch 402 begin

Test set: Epoch: 402, Average loss: 0.00106383

min_loss: 0.0008705163825593402
Epoch 403 begin

Test set: Epoch: 403, Average loss: 0.00107310

min_loss: 0.0008705163825593402
Epoch 404 begin

Test set: Epoch: 404, Average loss: 0.00106938

min_loss: 0.0008705163825593402
Epoch 405 begin

Test set: Epoch: 405, Average loss: 0.00106717

min_loss: 0.0008705163825593402
Epoch 406 begin

Test set: Epoch: 406, Average loss: 0.00106953

min_loss: 0.0008705163825593402
Epoch 407 begin

Test set: Epoch: 407, Average loss: 0.00106128

min_loss: 0.0008705163825593402
Epoch 408 begin

Test set: Epoch: 408, Average loss: 0.00106645

min_loss: 0.0008705163825593402
Epoch 409 begin

Test set: Epoch: 409, Average loss: 0.00107174

min_loss: 0.0008705163825593402
Epoch 410 begin

Test set: Epoch: 410, Average loss: 0.00107230

min_loss: 0.0008705163825593402
Epoch 411 begin

Test set: Epoch: 411, Average loss: 0.00107580

min_loss: 0.0008705163825593402
Epoch 412 begin

Test set: Epoch: 412, Average loss: 0.00107064

min_loss: 0.0008705163825593402
Epoch 413 begin

Test set: Epoch: 413, Average loss: 0.00107111

min_loss: 0.0008705163825593402
Epoch 414 begin

Test set: Epoch: 414, Average loss: 0.00107366

min_loss: 0.0008705163825593402
Epoch 415 begin

Test set: Epoch: 415, Average loss: 0.00106733

min_loss: 0.0008705163825593402
Epoch 416 begin

Test set: Epoch: 416, Average loss: 0.00106792

min_loss: 0.0008705163825593402
Epoch 417 begin

Test set: Epoch: 417, Average loss: 0.00106699

min_loss: 0.0008705163825593402
Epoch 418 begin

Test set: Epoch: 418, Average loss: 0.00107298

min_loss: 0.0008705163825593402
Epoch 419 begin

Test set: Epoch: 419, Average loss: 0.00107329

min_loss: 0.0008705163825593402
Epoch 420 begin

Test set: Epoch: 420, Average loss: 0.00107276

min_loss: 0.0008705163825593402
Epoch 421 begin

Test set: Epoch: 421, Average loss: 0.00107272

min_loss: 0.0008705163825593402
Epoch 422 begin

Test set: Epoch: 422, Average loss: 0.00107130

min_loss: 0.0008705163825593402
Epoch 423 begin

Test set: Epoch: 423, Average loss: 0.00106585

min_loss: 0.0008705163825593402
Epoch 424 begin

Test set: Epoch: 424, Average loss: 0.00107392

min_loss: 0.0008705163825593402
Epoch 425 begin

Test set: Epoch: 425, Average loss: 0.00106487

min_loss: 0.0008705163825593402
Epoch 426 begin

Test set: Epoch: 426, Average loss: 0.00106970

min_loss: 0.0008705163825593402
Epoch 427 begin

Test set: Epoch: 427, Average loss: 0.00107627

min_loss: 0.0008705163825593402
Epoch 428 begin

Test set: Epoch: 428, Average loss: 0.00107404

min_loss: 0.0008705163825593402
Epoch 429 begin

Test set: Epoch: 429, Average loss: 0.00107006

min_loss: 0.0008705163825593402
Epoch 430 begin

Test set: Epoch: 430, Average loss: 0.00108237

min_loss: 0.0008705163825593402
Epoch 431 begin

Test set: Epoch: 431, Average loss: 0.00106775

min_loss: 0.0008705163825593402
Epoch 432 begin

Test set: Epoch: 432, Average loss: 0.00107653

min_loss: 0.0008705163825593402
Epoch 433 begin

Test set: Epoch: 433, Average loss: 0.00107191

min_loss: 0.0008705163825593402
Epoch 434 begin

Test set: Epoch: 434, Average loss: 0.00106695

min_loss: 0.0008705163825593402
Epoch 435 begin

Test set: Epoch: 435, Average loss: 0.00107572

min_loss: 0.0008705163825593402
Epoch 436 begin

Test set: Epoch: 436, Average loss: 0.00107229

min_loss: 0.0008705163825593402
Epoch 437 begin

Test set: Epoch: 437, Average loss: 0.00107408

min_loss: 0.0008705163825593402
Epoch 438 begin

Test set: Epoch: 438, Average loss: 0.00107646

min_loss: 0.0008705163825593402
Epoch 439 begin

Test set: Epoch: 439, Average loss: 0.00106869

min_loss: 0.0008705163825593402
Epoch 440 begin

Test set: Epoch: 440, Average loss: 0.00106841

min_loss: 0.0008705163825593402
Epoch 441 begin

Test set: Epoch: 441, Average loss: 0.00107557

min_loss: 0.0008705163825593402
Epoch 442 begin

Test set: Epoch: 442, Average loss: 0.00107320

min_loss: 0.0008705163825593402
Epoch 443 begin

Test set: Epoch: 443, Average loss: 0.00107214

min_loss: 0.0008705163825593402
Epoch 444 begin

Test set: Epoch: 444, Average loss: 0.00107231

min_loss: 0.0008705163825593402
Epoch 445 begin

Test set: Epoch: 445, Average loss: 0.00108035

min_loss: 0.0008705163825593402
Epoch 446 begin

Test set: Epoch: 446, Average loss: 0.00107471

min_loss: 0.0008705163825593402
Epoch 447 begin

Test set: Epoch: 447, Average loss: 0.00106824

min_loss: 0.0008705163825593402
Epoch 448 begin

Test set: Epoch: 448, Average loss: 0.00108031

min_loss: 0.0008705163825593402
Epoch 449 begin

Test set: Epoch: 449, Average loss: 0.00107343

min_loss: 0.0008705163825593402
Epoch 450 begin

Test set: Epoch: 450, Average loss: 0.00107741

min_loss: 0.0008705163825593402
Epoch 451 begin

Test set: Epoch: 451, Average loss: 0.00107408

min_loss: 0.0008705163825593402
Epoch 452 begin

Test set: Epoch: 452, Average loss: 0.00107605

min_loss: 0.0008705163825593402
Epoch 453 begin

Test set: Epoch: 453, Average loss: 0.00107591

min_loss: 0.0008705163825593402
Epoch 454 begin

Test set: Epoch: 454, Average loss: 0.00107163

min_loss: 0.0008705163825593402
Epoch 455 begin

Test set: Epoch: 455, Average loss: 0.00107889

min_loss: 0.0008705163825593402
Epoch 456 begin

Test set: Epoch: 456, Average loss: 0.00107130

min_loss: 0.0008705163825593402
Epoch 457 begin

Test set: Epoch: 457, Average loss: 0.00107443

min_loss: 0.0008705163825593402
Epoch 458 begin

Test set: Epoch: 458, Average loss: 0.00107814

min_loss: 0.0008705163825593402
Epoch 459 begin

Test set: Epoch: 459, Average loss: 0.00107709

min_loss: 0.0008705163825593402
Epoch 460 begin

Test set: Epoch: 460, Average loss: 0.00107775

min_loss: 0.0008705163825593402
Epoch 461 begin

Test set: Epoch: 461, Average loss: 0.00107408

min_loss: 0.0008705163825593402
Epoch 462 begin

Test set: Epoch: 462, Average loss: 0.00108217

min_loss: 0.0008705163825593402
Epoch 463 begin

Test set: Epoch: 463, Average loss: 0.00108062

min_loss: 0.0008705163825593402
Epoch 464 begin

Test set: Epoch: 464, Average loss: 0.00108042

min_loss: 0.0008705163825593402
Epoch 465 begin

Test set: Epoch: 465, Average loss: 0.00107739

min_loss: 0.0008705163825593402
Epoch 466 begin

Test set: Epoch: 466, Average loss: 0.00107451

min_loss: 0.0008705163825593402
Epoch 467 begin

Test set: Epoch: 467, Average loss: 0.00107489

min_loss: 0.0008705163825593402
Epoch 468 begin

Test set: Epoch: 468, Average loss: 0.00107243

min_loss: 0.0008705163825593402
Epoch 469 begin

Test set: Epoch: 469, Average loss: 0.00107387

min_loss: 0.0008705163825593402
Epoch 470 begin

Test set: Epoch: 470, Average loss: 0.00108113

min_loss: 0.0008705163825593402
Epoch 471 begin

Test set: Epoch: 471, Average loss: 0.00107077

min_loss: 0.0008705163825593402
Epoch 472 begin

Test set: Epoch: 472, Average loss: 0.00107407

min_loss: 0.0008705163825593402
Epoch 473 begin

Test set: Epoch: 473, Average loss: 0.00107575

min_loss: 0.0008705163825593402
Epoch 474 begin

Test set: Epoch: 474, Average loss: 0.00107948

min_loss: 0.0008705163825593402
Epoch 475 begin

Test set: Epoch: 475, Average loss: 0.00107219

min_loss: 0.0008705163825593402
Epoch 476 begin

Test set: Epoch: 476, Average loss: 0.00107492

min_loss: 0.0008705163825593402
Epoch 477 begin

Test set: Epoch: 477, Average loss: 0.00107540

min_loss: 0.0008705163825593402
Epoch 478 begin

Test set: Epoch: 478, Average loss: 0.00107310

min_loss: 0.0008705163825593402
Epoch 479 begin

Test set: Epoch: 479, Average loss: 0.00108402

min_loss: 0.0008705163825593402
Epoch 480 begin

Test set: Epoch: 480, Average loss: 0.00108318

min_loss: 0.0008705163825593402
Epoch 481 begin

Test set: Epoch: 481, Average loss: 0.00107742

min_loss: 0.0008705163825593402
Epoch 482 begin

Test set: Epoch: 482, Average loss: 0.00107861

min_loss: 0.0008705163825593402
Epoch 483 begin

Test set: Epoch: 483, Average loss: 0.00108085

min_loss: 0.0008705163825593402
Epoch 484 begin

Test set: Epoch: 484, Average loss: 0.00108345

min_loss: 0.0008705163825593402
Epoch 485 begin

Test set: Epoch: 485, Average loss: 0.00107997

min_loss: 0.0008705163825593402
Epoch 486 begin

Test set: Epoch: 486, Average loss: 0.00107720

min_loss: 0.0008705163825593402
Epoch 487 begin

Test set: Epoch: 487, Average loss: 0.00108061

min_loss: 0.0008705163825593402
Epoch 488 begin

Test set: Epoch: 488, Average loss: 0.00107904

min_loss: 0.0008705163825593402
Epoch 489 begin

Test set: Epoch: 489, Average loss: 0.00107350

min_loss: 0.0008705163825593402
Epoch 490 begin

Test set: Epoch: 490, Average loss: 0.00108031

min_loss: 0.0008705163825593402
Epoch 491 begin

Test set: Epoch: 491, Average loss: 0.00107897

min_loss: 0.0008705163825593402
Epoch 492 begin

Test set: Epoch: 492, Average loss: 0.00107963

min_loss: 0.0008705163825593402
Epoch 493 begin

Test set: Epoch: 493, Average loss: 0.00107990

min_loss: 0.0008705163825593402
Epoch 494 begin

Test set: Epoch: 494, Average loss: 0.00107757

min_loss: 0.0008705163825593402
Epoch 495 begin

Test set: Epoch: 495, Average loss: 0.00107352

min_loss: 0.0008705163825593402
Epoch 496 begin

Test set: Epoch: 496, Average loss: 0.00108183

min_loss: 0.0008705163825593402
Epoch 497 begin

Test set: Epoch: 497, Average loss: 0.00107359

min_loss: 0.0008705163825593402
Epoch 498 begin

Test set: Epoch: 498, Average loss: 0.00108161

min_loss: 0.0008705163825593402
Epoch 499 begin

Test set: Epoch: 499, Average loss: 0.00107708

min_loss: 0.0008705163825593402
Epoch 500 begin

Test set: Epoch: 500, Average loss: 0.00108948

min_loss: 0.0008705163825593402
Epoch 501 begin

Test set: Epoch: 501, Average loss: 0.00107750

min_loss: 0.0008705163825593402
Epoch 502 begin

Test set: Epoch: 502, Average loss: 0.00108269

min_loss: 0.0008705163825593402
Epoch 503 begin

Test set: Epoch: 503, Average loss: 0.00108084

min_loss: 0.0008705163825593402
Epoch 504 begin

Test set: Epoch: 504, Average loss: 0.00108509

min_loss: 0.0008705163825593402
Epoch 505 begin

Test set: Epoch: 505, Average loss: 0.00107073

min_loss: 0.0008705163825593402
Epoch 506 begin

Test set: Epoch: 506, Average loss: 0.00107577

min_loss: 0.0008705163825593402
Epoch 507 begin

Test set: Epoch: 507, Average loss: 0.00108219

min_loss: 0.0008705163825593402
Epoch 508 begin

Test set: Epoch: 508, Average loss: 0.00108188

min_loss: 0.0008705163825593402
Epoch 509 begin

Test set: Epoch: 509, Average loss: 0.00107207

min_loss: 0.0008705163825593402
Epoch 510 begin

Test set: Epoch: 510, Average loss: 0.00107633

min_loss: 0.0008705163825593402
Epoch 511 begin

Test set: Epoch: 511, Average loss: 0.00107968

min_loss: 0.0008705163825593402
Epoch 512 begin

Test set: Epoch: 512, Average loss: 0.00106895

min_loss: 0.0008705163825593402
Epoch 513 begin

Test set: Epoch: 513, Average loss: 0.00107767

min_loss: 0.0008705163825593402
Epoch 514 begin

Test set: Epoch: 514, Average loss: 0.00107962

min_loss: 0.0008705163825593402
Epoch 515 begin

Test set: Epoch: 515, Average loss: 0.00107949

min_loss: 0.0008705163825593402
Epoch 516 begin

Test set: Epoch: 516, Average loss: 0.00107868

min_loss: 0.0008705163825593402
Epoch 517 begin

Test set: Epoch: 517, Average loss: 0.00108000

min_loss: 0.0008705163825593402
Epoch 518 begin

Test set: Epoch: 518, Average loss: 0.00107715

min_loss: 0.0008705163825593402
Epoch 519 begin

Test set: Epoch: 519, Average loss: 0.00108225

min_loss: 0.0008705163825593402
Epoch 520 begin

Test set: Epoch: 520, Average loss: 0.00108130

min_loss: 0.0008705163825593402
Epoch 521 begin

Test set: Epoch: 521, Average loss: 0.00107952

min_loss: 0.0008705163825593402
Epoch 522 begin

Test set: Epoch: 522, Average loss: 0.00108229

min_loss: 0.0008705163825593402
Epoch 523 begin

Test set: Epoch: 523, Average loss: 0.00107678

min_loss: 0.0008705163825593402
Epoch 524 begin

Test set: Epoch: 524, Average loss: 0.00108295

min_loss: 0.0008705163825593402
Epoch 525 begin

Test set: Epoch: 525, Average loss: 0.00108009

min_loss: 0.0008705163825593402
Epoch 526 begin

Test set: Epoch: 526, Average loss: 0.00107581

min_loss: 0.0008705163825593402
Epoch 527 begin

Test set: Epoch: 527, Average loss: 0.00107437

min_loss: 0.0008705163825593402
Epoch 528 begin

Test set: Epoch: 528, Average loss: 0.00107254

min_loss: 0.0008705163825593402
Epoch 529 begin

Test set: Epoch: 529, Average loss: 0.00108022

min_loss: 0.0008705163825593402
Epoch 530 begin

Test set: Epoch: 530, Average loss: 0.00108304

min_loss: 0.0008705163825593402
Epoch 531 begin

Test set: Epoch: 531, Average loss: 0.00108194

min_loss: 0.0008705163825593402
Epoch 532 begin

Test set: Epoch: 532, Average loss: 0.00107422

min_loss: 0.0008705163825593402
Epoch 533 begin

Test set: Epoch: 533, Average loss: 0.00108551

min_loss: 0.0008705163825593402
Epoch 534 begin

Test set: Epoch: 534, Average loss: 0.00108116

min_loss: 0.0008705163825593402
Epoch 535 begin

Test set: Epoch: 535, Average loss: 0.00108157

min_loss: 0.0008705163825593402
Epoch 536 begin

Test set: Epoch: 536, Average loss: 0.00108347

min_loss: 0.0008705163825593402
Epoch 537 begin

Test set: Epoch: 537, Average loss: 0.00108353

min_loss: 0.0008705163825593402
Epoch 538 begin

Test set: Epoch: 538, Average loss: 0.00107700

min_loss: 0.0008705163825593402
Epoch 539 begin

Test set: Epoch: 539, Average loss: 0.00108353

min_loss: 0.0008705163825593402
Epoch 540 begin

Test set: Epoch: 540, Average loss: 0.00108936

min_loss: 0.0008705163825593402
Epoch 541 begin

Test set: Epoch: 541, Average loss: 0.00108265

min_loss: 0.0008705163825593402
Epoch 542 begin

Test set: Epoch: 542, Average loss: 0.00107719

min_loss: 0.0008705163825593402
Epoch 543 begin

Test set: Epoch: 543, Average loss: 0.00108507

min_loss: 0.0008705163825593402
Epoch 544 begin

Test set: Epoch: 544, Average loss: 0.00108437

min_loss: 0.0008705163825593402
Epoch 545 begin

Test set: Epoch: 545, Average loss: 0.00108453

min_loss: 0.0008705163825593402
Epoch 546 begin

Test set: Epoch: 546, Average loss: 0.00108022

min_loss: 0.0008705163825593402
Epoch 547 begin

Test set: Epoch: 547, Average loss: 0.00107941

min_loss: 0.0008705163825593402
Epoch 548 begin

Test set: Epoch: 548, Average loss: 0.00107742

min_loss: 0.0008705163825593402
Epoch 549 begin

Test set: Epoch: 549, Average loss: 0.00108215

min_loss: 0.0008705163825593402
Epoch 550 begin

Test set: Epoch: 550, Average loss: 0.00107610

min_loss: 0.0008705163825593402
Epoch 551 begin

Test set: Epoch: 551, Average loss: 0.00107790

min_loss: 0.0008705163825593402
Epoch 552 begin

Test set: Epoch: 552, Average loss: 0.00108065

min_loss: 0.0008705163825593402
Epoch 553 begin

Test set: Epoch: 553, Average loss: 0.00109417

min_loss: 0.0008705163825593402
Epoch 554 begin

Test set: Epoch: 554, Average loss: 0.00108585

min_loss: 0.0008705163825593402
Epoch 555 begin

Test set: Epoch: 555, Average loss: 0.00107310

min_loss: 0.0008705163825593402
Epoch 556 begin

Test set: Epoch: 556, Average loss: 0.00108486

min_loss: 0.0008705163825593402
Epoch 557 begin

Test set: Epoch: 557, Average loss: 0.00107986

min_loss: 0.0008705163825593402
Epoch 558 begin

Test set: Epoch: 558, Average loss: 0.00107664

min_loss: 0.0008705163825593402
Epoch 559 begin

Test set: Epoch: 559, Average loss: 0.00108123

min_loss: 0.0008705163825593402
Epoch 560 begin

Test set: Epoch: 560, Average loss: 0.00107801

min_loss: 0.0008705163825593402
Epoch 561 begin

Test set: Epoch: 561, Average loss: 0.00107831

min_loss: 0.0008705163825593402
Epoch 562 begin

Test set: Epoch: 562, Average loss: 0.00108043

min_loss: 0.0008705163825593402
Epoch 563 begin

Test set: Epoch: 563, Average loss: 0.00108410

min_loss: 0.0008705163825593402
Epoch 564 begin

Test set: Epoch: 564, Average loss: 0.00107541

min_loss: 0.0008705163825593402
Epoch 565 begin

Test set: Epoch: 565, Average loss: 0.00108175

min_loss: 0.0008705163825593402
Epoch 566 begin

Test set: Epoch: 566, Average loss: 0.00108419

min_loss: 0.0008705163825593402
Epoch 567 begin

Test set: Epoch: 567, Average loss: 0.00108377

min_loss: 0.0008705163825593402
Epoch 568 begin

Test set: Epoch: 568, Average loss: 0.00108179

min_loss: 0.0008705163825593402
Epoch 569 begin

Test set: Epoch: 569, Average loss: 0.00107798

min_loss: 0.0008705163825593402
Epoch 570 begin

Test set: Epoch: 570, Average loss: 0.00108178

min_loss: 0.0008705163825593402
Epoch 571 begin

Test set: Epoch: 571, Average loss: 0.00108167

min_loss: 0.0008705163825593402
Epoch 572 begin

Test set: Epoch: 572, Average loss: 0.00108595

min_loss: 0.0008705163825593402
Epoch 573 begin

Test set: Epoch: 573, Average loss: 0.00108315

min_loss: 0.0008705163825593402
Epoch 574 begin

Test set: Epoch: 574, Average loss: 0.00108703

min_loss: 0.0008705163825593402
Epoch 575 begin

Test set: Epoch: 575, Average loss: 0.00108073

min_loss: 0.0008705163825593402
Epoch 576 begin

Test set: Epoch: 576, Average loss: 0.00108358

min_loss: 0.0008705163825593402
Epoch 577 begin

Test set: Epoch: 577, Average loss: 0.00108298

min_loss: 0.0008705163825593402
Epoch 578 begin

Test set: Epoch: 578, Average loss: 0.00108176

min_loss: 0.0008705163825593402
Epoch 579 begin

Test set: Epoch: 579, Average loss: 0.00107669

min_loss: 0.0008705163825593402
Epoch 580 begin

Test set: Epoch: 580, Average loss: 0.00108583

min_loss: 0.0008705163825593402
Epoch 581 begin

Test set: Epoch: 581, Average loss: 0.00108637

min_loss: 0.0008705163825593402
Epoch 582 begin

Test set: Epoch: 582, Average loss: 0.00108834

min_loss: 0.0008705163825593402
Epoch 583 begin

Test set: Epoch: 583, Average loss: 0.00108162

min_loss: 0.0008705163825593402
Epoch 584 begin

Test set: Epoch: 584, Average loss: 0.00107930

min_loss: 0.0008705163825593402
Epoch 585 begin

Test set: Epoch: 585, Average loss: 0.00107622

min_loss: 0.0008705163825593402
Epoch 586 begin

Test set: Epoch: 586, Average loss: 0.00108142

min_loss: 0.0008705163825593402
Epoch 587 begin

Test set: Epoch: 587, Average loss: 0.00108365

min_loss: 0.0008705163825593402
Epoch 588 begin

Test set: Epoch: 588, Average loss: 0.00108068

min_loss: 0.0008705163825593402
Epoch 589 begin

Test set: Epoch: 589, Average loss: 0.00107735

min_loss: 0.0008705163825593402
Epoch 590 begin

Test set: Epoch: 590, Average loss: 0.00108429

min_loss: 0.0008705163825593402
Epoch 591 begin

Test set: Epoch: 591, Average loss: 0.00107832

min_loss: 0.0008705163825593402
Epoch 592 begin

Test set: Epoch: 592, Average loss: 0.00107897

min_loss: 0.0008705163825593402
Epoch 593 begin

Test set: Epoch: 593, Average loss: 0.00107938

min_loss: 0.0008705163825593402
Epoch 594 begin

Test set: Epoch: 594, Average loss: 0.00108553

min_loss: 0.0008705163825593402
Epoch 595 begin

Test set: Epoch: 595, Average loss: 0.00107866

min_loss: 0.0008705163825593402
Epoch 596 begin

Test set: Epoch: 596, Average loss: 0.00108499

min_loss: 0.0008705163825593402
Epoch 597 begin

Test set: Epoch: 597, Average loss: 0.00108254

min_loss: 0.0008705163825593402
Epoch 598 begin

Test set: Epoch: 598, Average loss: 0.00107449

min_loss: 0.0008705163825593402
Epoch 599 begin

Test set: Epoch: 599, Average loss: 0.00107215

min_loss: 0.0008705163825593402
Epoch 600 begin

Test set: Epoch: 600, Average loss: 0.00107141

min_loss: 0.0008705163825593402
Epoch 601 begin

Test set: Epoch: 601, Average loss: 0.00107149

min_loss: 0.0008705163825593402
Epoch 602 begin

Test set: Epoch: 602, Average loss: 0.00107061

min_loss: 0.0008705163825593402
Epoch 603 begin

Test set: Epoch: 603, Average loss: 0.00106899

min_loss: 0.0008705163825593402
Epoch 604 begin

Test set: Epoch: 604, Average loss: 0.00106971

min_loss: 0.0008705163825593402
Epoch 605 begin

Test set: Epoch: 605, Average loss: 0.00106822

min_loss: 0.0008705163825593402
Epoch 606 begin

Test set: Epoch: 606, Average loss: 0.00106990

min_loss: 0.0008705163825593402
Epoch 607 begin

Test set: Epoch: 607, Average loss: 0.00107027

min_loss: 0.0008705163825593402
Epoch 608 begin

Test set: Epoch: 608, Average loss: 0.00107004

min_loss: 0.0008705163825593402
Epoch 609 begin

Test set: Epoch: 609, Average loss: 0.00107001

min_loss: 0.0008705163825593402
Epoch 610 begin

Test set: Epoch: 610, Average loss: 0.00107101

min_loss: 0.0008705163825593402
Epoch 611 begin

Test set: Epoch: 611, Average loss: 0.00106917

min_loss: 0.0008705163825593402
Epoch 612 begin

Test set: Epoch: 612, Average loss: 0.00107156

min_loss: 0.0008705163825593402
Epoch 613 begin

Test set: Epoch: 613, Average loss: 0.00107222

min_loss: 0.0008705163825593402
Epoch 614 begin

Test set: Epoch: 614, Average loss: 0.00107175

min_loss: 0.0008705163825593402
Epoch 615 begin

Test set: Epoch: 615, Average loss: 0.00107060

min_loss: 0.0008705163825593402
Epoch 616 begin

Test set: Epoch: 616, Average loss: 0.00106725

min_loss: 0.0008705163825593402
Epoch 617 begin

Test set: Epoch: 617, Average loss: 0.00107534

min_loss: 0.0008705163825593402
Epoch 618 begin

Test set: Epoch: 618, Average loss: 0.00107154

min_loss: 0.0008705163825593402
Epoch 619 begin

Test set: Epoch: 619, Average loss: 0.00106967

min_loss: 0.0008705163825593402
Epoch 620 begin

Test set: Epoch: 620, Average loss: 0.00107058

min_loss: 0.0008705163825593402
Epoch 621 begin

Test set: Epoch: 621, Average loss: 0.00107304

min_loss: 0.0008705163825593402
Epoch 622 begin

Test set: Epoch: 622, Average loss: 0.00107143

min_loss: 0.0008705163825593402
Epoch 623 begin

Test set: Epoch: 623, Average loss: 0.00107129

min_loss: 0.0008705163825593402
Epoch 624 begin

Test set: Epoch: 624, Average loss: 0.00107125

min_loss: 0.0008705163825593402
Epoch 625 begin

Test set: Epoch: 625, Average loss: 0.00107328

min_loss: 0.0008705163825593402
Epoch 626 begin

Test set: Epoch: 626, Average loss: 0.00107415

min_loss: 0.0008705163825593402
Epoch 627 begin

Test set: Epoch: 627, Average loss: 0.00107295

min_loss: 0.0008705163825593402
Epoch 628 begin

Test set: Epoch: 628, Average loss: 0.00107245

min_loss: 0.0008705163825593402
Epoch 629 begin

Test set: Epoch: 629, Average loss: 0.00107409

min_loss: 0.0008705163825593402
Epoch 630 begin

Test set: Epoch: 630, Average loss: 0.00107435

min_loss: 0.0008705163825593402
Epoch 631 begin

Test set: Epoch: 631, Average loss: 0.00107353

min_loss: 0.0008705163825593402
Epoch 632 begin

Test set: Epoch: 632, Average loss: 0.00107596

min_loss: 0.0008705163825593402
Epoch 633 begin

Test set: Epoch: 633, Average loss: 0.00107395

min_loss: 0.0008705163825593402
Epoch 634 begin

Test set: Epoch: 634, Average loss: 0.00107689

min_loss: 0.0008705163825593402
Epoch 635 begin

Test set: Epoch: 635, Average loss: 0.00107453

min_loss: 0.0008705163825593402
Epoch 636 begin

Test set: Epoch: 636, Average loss: 0.00107470

min_loss: 0.0008705163825593402
Epoch 637 begin

Test set: Epoch: 637, Average loss: 0.00107434

min_loss: 0.0008705163825593402
Epoch 638 begin

Test set: Epoch: 638, Average loss: 0.00107512

min_loss: 0.0008705163825593402
Epoch 639 begin

Test set: Epoch: 639, Average loss: 0.00107615

min_loss: 0.0008705163825593402
Epoch 640 begin

Test set: Epoch: 640, Average loss: 0.00107422

min_loss: 0.0008705163825593402
Epoch 641 begin

Test set: Epoch: 641, Average loss: 0.00107659

min_loss: 0.0008705163825593402
Epoch 642 begin

Test set: Epoch: 642, Average loss: 0.00107588

min_loss: 0.0008705163825593402
Epoch 643 begin

Test set: Epoch: 643, Average loss: 0.00107543

min_loss: 0.0008705163825593402
Epoch 644 begin

Test set: Epoch: 644, Average loss: 0.00107750

min_loss: 0.0008705163825593402
Epoch 645 begin

Test set: Epoch: 645, Average loss: 0.00107442

min_loss: 0.0008705163825593402
Epoch 646 begin

Test set: Epoch: 646, Average loss: 0.00107603

min_loss: 0.0008705163825593402
Epoch 647 begin

Test set: Epoch: 647, Average loss: 0.00107452

min_loss: 0.0008705163825593402
Epoch 648 begin

Test set: Epoch: 648, Average loss: 0.00107636

min_loss: 0.0008705163825593402
Epoch 649 begin

Test set: Epoch: 649, Average loss: 0.00107422

min_loss: 0.0008705163825593402
Epoch 650 begin

Test set: Epoch: 650, Average loss: 0.00107573

min_loss: 0.0008705163825593402
Epoch 651 begin

Test set: Epoch: 651, Average loss: 0.00107586

min_loss: 0.0008705163825593402
Epoch 652 begin

Test set: Epoch: 652, Average loss: 0.00107698

min_loss: 0.0008705163825593402
Epoch 653 begin

Test set: Epoch: 653, Average loss: 0.00107215

min_loss: 0.0008705163825593402
Epoch 654 begin

Test set: Epoch: 654, Average loss: 0.00107419

min_loss: 0.0008705163825593402
Epoch 655 begin

Test set: Epoch: 655, Average loss: 0.00107676

min_loss: 0.0008705163825593402
Epoch 656 begin

Test set: Epoch: 656, Average loss: 0.00107775

min_loss: 0.0008705163825593402
Epoch 657 begin

Test set: Epoch: 657, Average loss: 0.00107678

min_loss: 0.0008705163825593402
Epoch 658 begin

Test set: Epoch: 658, Average loss: 0.00107649

min_loss: 0.0008705163825593402
Epoch 659 begin

Test set: Epoch: 659, Average loss: 0.00107683

min_loss: 0.0008705163825593402
Epoch 660 begin

Test set: Epoch: 660, Average loss: 0.00107744

min_loss: 0.0008705163825593402
Epoch 661 begin

Test set: Epoch: 661, Average loss: 0.00107754

min_loss: 0.0008705163825593402
Epoch 662 begin

Test set: Epoch: 662, Average loss: 0.00107793

min_loss: 0.0008705163825593402
Epoch 663 begin

Test set: Epoch: 663, Average loss: 0.00107880

min_loss: 0.0008705163825593402
Epoch 664 begin

Test set: Epoch: 664, Average loss: 0.00107659

min_loss: 0.0008705163825593402
Epoch 665 begin

Test set: Epoch: 665, Average loss: 0.00107715

min_loss: 0.0008705163825593402
Epoch 666 begin

Test set: Epoch: 666, Average loss: 0.00107789

min_loss: 0.0008705163825593402
Epoch 667 begin

Test set: Epoch: 667, Average loss: 0.00107866

min_loss: 0.0008705163825593402
Epoch 668 begin

Test set: Epoch: 668, Average loss: 0.00108020

min_loss: 0.0008705163825593402
Epoch 669 begin

Test set: Epoch: 669, Average loss: 0.00107854

min_loss: 0.0008705163825593402
Epoch 670 begin

Test set: Epoch: 670, Average loss: 0.00107670

min_loss: 0.0008705163825593402
Epoch 671 begin

Test set: Epoch: 671, Average loss: 0.00107878

min_loss: 0.0008705163825593402
Epoch 672 begin

Test set: Epoch: 672, Average loss: 0.00108010

min_loss: 0.0008705163825593402
Epoch 673 begin

Test set: Epoch: 673, Average loss: 0.00108136

min_loss: 0.0008705163825593402
Epoch 674 begin

Test set: Epoch: 674, Average loss: 0.00107943

min_loss: 0.0008705163825593402
Epoch 675 begin

Test set: Epoch: 675, Average loss: 0.00107986

min_loss: 0.0008705163825593402
Epoch 676 begin

Test set: Epoch: 676, Average loss: 0.00108049

min_loss: 0.0008705163825593402
Epoch 677 begin

Test set: Epoch: 677, Average loss: 0.00108003

min_loss: 0.0008705163825593402
Epoch 678 begin

Test set: Epoch: 678, Average loss: 0.00107818

min_loss: 0.0008705163825593402
Epoch 679 begin

Test set: Epoch: 679, Average loss: 0.00107851

min_loss: 0.0008705163825593402
Epoch 680 begin

Test set: Epoch: 680, Average loss: 0.00108013

min_loss: 0.0008705163825593402
Epoch 681 begin

Test set: Epoch: 681, Average loss: 0.00108057

min_loss: 0.0008705163825593402
Epoch 682 begin

Test set: Epoch: 682, Average loss: 0.00107984

min_loss: 0.0008705163825593402
Epoch 683 begin

Test set: Epoch: 683, Average loss: 0.00108054

min_loss: 0.0008705163825593402
Epoch 684 begin

Test set: Epoch: 684, Average loss: 0.00107876

min_loss: 0.0008705163825593402
Epoch 685 begin

Test set: Epoch: 685, Average loss: 0.00108070

min_loss: 0.0008705163825593402
Epoch 686 begin

Test set: Epoch: 686, Average loss: 0.00108138

min_loss: 0.0008705163825593402
Epoch 687 begin

Test set: Epoch: 687, Average loss: 0.00108301

min_loss: 0.0008705163825593402
Epoch 688 begin

Test set: Epoch: 688, Average loss: 0.00108102

min_loss: 0.0008705163825593402
Epoch 689 begin

Test set: Epoch: 689, Average loss: 0.00107897

min_loss: 0.0008705163825593402
Epoch 690 begin

Test set: Epoch: 690, Average loss: 0.00107838

min_loss: 0.0008705163825593402
Epoch 691 begin

Test set: Epoch: 691, Average loss: 0.00108008

min_loss: 0.0008705163825593402
Epoch 692 begin

Test set: Epoch: 692, Average loss: 0.00108089

min_loss: 0.0008705163825593402
Epoch 693 begin

Test set: Epoch: 693, Average loss: 0.00108012

min_loss: 0.0008705163825593402
Epoch 694 begin

Test set: Epoch: 694, Average loss: 0.00107987

min_loss: 0.0008705163825593402
Epoch 695 begin

Test set: Epoch: 695, Average loss: 0.00108080

min_loss: 0.0008705163825593402
Epoch 696 begin

Test set: Epoch: 696, Average loss: 0.00107988

min_loss: 0.0008705163825593402
Epoch 697 begin

Test set: Epoch: 697, Average loss: 0.00108147

min_loss: 0.0008705163825593402
Epoch 698 begin

Test set: Epoch: 698, Average loss: 0.00108100

min_loss: 0.0008705163825593402
Epoch 699 begin

Test set: Epoch: 699, Average loss: 0.00108162

min_loss: 0.0008705163825593402
Epoch 700 begin

Test set: Epoch: 700, Average loss: 0.00108141

min_loss: 0.0008705163825593402
Epoch 701 begin

Test set: Epoch: 701, Average loss: 0.00108049

min_loss: 0.0008705163825593402
Epoch 702 begin

Test set: Epoch: 702, Average loss: 0.00108333

min_loss: 0.0008705163825593402
Epoch 703 begin

Test set: Epoch: 703, Average loss: 0.00108080

min_loss: 0.0008705163825593402
Epoch 704 begin

Test set: Epoch: 704, Average loss: 0.00108243

min_loss: 0.0008705163825593402
Epoch 705 begin

Test set: Epoch: 705, Average loss: 0.00108180

min_loss: 0.0008705163825593402
Epoch 706 begin

Test set: Epoch: 706, Average loss: 0.00108086

min_loss: 0.0008705163825593402
Epoch 707 begin

Test set: Epoch: 707, Average loss: 0.00108354

min_loss: 0.0008705163825593402
Epoch 708 begin

Test set: Epoch: 708, Average loss: 0.00108154

min_loss: 0.0008705163825593402
Epoch 709 begin

Test set: Epoch: 709, Average loss: 0.00108235

min_loss: 0.0008705163825593402
Epoch 710 begin

Test set: Epoch: 710, Average loss: 0.00108145

min_loss: 0.0008705163825593402
Epoch 711 begin

Test set: Epoch: 711, Average loss: 0.00107997

min_loss: 0.0008705163825593402
Epoch 712 begin

Test set: Epoch: 712, Average loss: 0.00108209

min_loss: 0.0008705163825593402
Epoch 713 begin

Test set: Epoch: 713, Average loss: 0.00108184

min_loss: 0.0008705163825593402
Epoch 714 begin

Test set: Epoch: 714, Average loss: 0.00108227

min_loss: 0.0008705163825593402
Epoch 715 begin

Test set: Epoch: 715, Average loss: 0.00108329

min_loss: 0.0008705163825593402
Epoch 716 begin

Test set: Epoch: 716, Average loss: 0.00108461

min_loss: 0.0008705163825593402
Epoch 717 begin

Test set: Epoch: 717, Average loss: 0.00108244

min_loss: 0.0008705163825593402
Epoch 718 begin

Test set: Epoch: 718, Average loss: 0.00108308

min_loss: 0.0008705163825593402
Epoch 719 begin

Test set: Epoch: 719, Average loss: 0.00108335

min_loss: 0.0008705163825593402
Epoch 720 begin

Test set: Epoch: 720, Average loss: 0.00108337

min_loss: 0.0008705163825593402
Epoch 721 begin

Test set: Epoch: 721, Average loss: 0.00108540

min_loss: 0.0008705163825593402
Epoch 722 begin

Test set: Epoch: 722, Average loss: 0.00108439

min_loss: 0.0008705163825593402
Epoch 723 begin

Test set: Epoch: 723, Average loss: 0.00108577

min_loss: 0.0008705163825593402
Epoch 724 begin

Test set: Epoch: 724, Average loss: 0.00108563

min_loss: 0.0008705163825593402
Epoch 725 begin

Test set: Epoch: 725, Average loss: 0.00108449

min_loss: 0.0008705163825593402
Epoch 726 begin

Test set: Epoch: 726, Average loss: 0.00108471

min_loss: 0.0008705163825593402
Epoch 727 begin

Test set: Epoch: 727, Average loss: 0.00108565

min_loss: 0.0008705163825593402
Epoch 728 begin

Test set: Epoch: 728, Average loss: 0.00108523

min_loss: 0.0008705163825593402
Epoch 729 begin

Test set: Epoch: 729, Average loss: 0.00108540

min_loss: 0.0008705163825593402
Epoch 730 begin

Test set: Epoch: 730, Average loss: 0.00108117

min_loss: 0.0008705163825593402
Epoch 731 begin

Test set: Epoch: 731, Average loss: 0.00108502

min_loss: 0.0008705163825593402
Epoch 732 begin

Test set: Epoch: 732, Average loss: 0.00108531

min_loss: 0.0008705163825593402
Epoch 733 begin

Test set: Epoch: 733, Average loss: 0.00108740

min_loss: 0.0008705163825593402
Epoch 734 begin

Test set: Epoch: 734, Average loss: 0.00108435

min_loss: 0.0008705163825593402
Epoch 735 begin

Test set: Epoch: 735, Average loss: 0.00108585

min_loss: 0.0008705163825593402
Epoch 736 begin

Test set: Epoch: 736, Average loss: 0.00108555

min_loss: 0.0008705163825593402
Epoch 737 begin

Test set: Epoch: 737, Average loss: 0.00108609

min_loss: 0.0008705163825593402
Epoch 738 begin

Test set: Epoch: 738, Average loss: 0.00108526

min_loss: 0.0008705163825593402
Epoch 739 begin

Test set: Epoch: 739, Average loss: 0.00108431

min_loss: 0.0008705163825593402
Epoch 740 begin

Test set: Epoch: 740, Average loss: 0.00108484

min_loss: 0.0008705163825593402
Epoch 741 begin

Test set: Epoch: 741, Average loss: 0.00108586

min_loss: 0.0008705163825593402
Epoch 742 begin

Test set: Epoch: 742, Average loss: 0.00108655

min_loss: 0.0008705163825593402
Epoch 743 begin

Test set: Epoch: 743, Average loss: 0.00108484

min_loss: 0.0008705163825593402
Epoch 744 begin

Test set: Epoch: 744, Average loss: 0.00108325

min_loss: 0.0008705163825593402
Epoch 745 begin

Test set: Epoch: 745, Average loss: 0.00108822

min_loss: 0.0008705163825593402
Epoch 746 begin

Test set: Epoch: 746, Average loss: 0.00108789

min_loss: 0.0008705163825593402
Epoch 747 begin

Test set: Epoch: 747, Average loss: 0.00108651

min_loss: 0.0008705163825593402
Epoch 748 begin

Test set: Epoch: 748, Average loss: 0.00108692

min_loss: 0.0008705163825593402
Epoch 749 begin

Test set: Epoch: 749, Average loss: 0.00108466

min_loss: 0.0008705163825593402
Epoch 750 begin

Test set: Epoch: 750, Average loss: 0.00108530

min_loss: 0.0008705163825593402
Epoch 751 begin

Test set: Epoch: 751, Average loss: 0.00108652

min_loss: 0.0008705163825593402
Epoch 752 begin

Test set: Epoch: 752, Average loss: 0.00108810

min_loss: 0.0008705163825593402
Epoch 753 begin

Test set: Epoch: 753, Average loss: 0.00108636

min_loss: 0.0008705163825593402
Epoch 754 begin

Test set: Epoch: 754, Average loss: 0.00108558

min_loss: 0.0008705163825593402
Epoch 755 begin

Test set: Epoch: 755, Average loss: 0.00108668

min_loss: 0.0008705163825593402
Epoch 756 begin

Test set: Epoch: 756, Average loss: 0.00108947

min_loss: 0.0008705163825593402
Epoch 757 begin

Test set: Epoch: 757, Average loss: 0.00108673

min_loss: 0.0008705163825593402
Epoch 758 begin

Test set: Epoch: 758, Average loss: 0.00108691

min_loss: 0.0008705163825593402
Epoch 759 begin

Test set: Epoch: 759, Average loss: 0.00108637

min_loss: 0.0008705163825593402
Epoch 760 begin

Test set: Epoch: 760, Average loss: 0.00108533

min_loss: 0.0008705163825593402
Epoch 761 begin

Test set: Epoch: 761, Average loss: 0.00108717

min_loss: 0.0008705163825593402
Epoch 762 begin

Test set: Epoch: 762, Average loss: 0.00108466

min_loss: 0.0008705163825593402
Epoch 763 begin

Test set: Epoch: 763, Average loss: 0.00108913

min_loss: 0.0008705163825593402
Epoch 764 begin

Test set: Epoch: 764, Average loss: 0.00108740

min_loss: 0.0008705163825593402
Epoch 765 begin

Test set: Epoch: 765, Average loss: 0.00108761

min_loss: 0.0008705163825593402
Epoch 766 begin

Test set: Epoch: 766, Average loss: 0.00108767

min_loss: 0.0008705163825593402
Epoch 767 begin

Test set: Epoch: 767, Average loss: 0.00108753

min_loss: 0.0008705163825593402
Epoch 768 begin

Test set: Epoch: 768, Average loss: 0.00108765

min_loss: 0.0008705163825593402
Epoch 769 begin

Test set: Epoch: 769, Average loss: 0.00108909

min_loss: 0.0008705163825593402
Epoch 770 begin

Test set: Epoch: 770, Average loss: 0.00108644

min_loss: 0.0008705163825593402
Epoch 771 begin

Test set: Epoch: 771, Average loss: 0.00108633

min_loss: 0.0008705163825593402
Epoch 772 begin

Test set: Epoch: 772, Average loss: 0.00108777

min_loss: 0.0008705163825593402
Epoch 773 begin

Test set: Epoch: 773, Average loss: 0.00108687

min_loss: 0.0008705163825593402
Epoch 774 begin

Test set: Epoch: 774, Average loss: 0.00108756

min_loss: 0.0008705163825593402
Epoch 775 begin

Test set: Epoch: 775, Average loss: 0.00108870

min_loss: 0.0008705163825593402
Epoch 776 begin

Test set: Epoch: 776, Average loss: 0.00108889

min_loss: 0.0008705163825593402
Epoch 777 begin

Test set: Epoch: 777, Average loss: 0.00108784

min_loss: 0.0008705163825593402
Epoch 778 begin

Test set: Epoch: 778, Average loss: 0.00108861

min_loss: 0.0008705163825593402
Epoch 779 begin

Test set: Epoch: 779, Average loss: 0.00108871

min_loss: 0.0008705163825593402
Epoch 780 begin

Test set: Epoch: 780, Average loss: 0.00108736

min_loss: 0.0008705163825593402
Epoch 781 begin

Test set: Epoch: 781, Average loss: 0.00109108

min_loss: 0.0008705163825593402
Epoch 782 begin

Test set: Epoch: 782, Average loss: 0.00108897

min_loss: 0.0008705163825593402
Epoch 783 begin

Test set: Epoch: 783, Average loss: 0.00108974

min_loss: 0.0008705163825593402
Epoch 784 begin

Test set: Epoch: 784, Average loss: 0.00108869

min_loss: 0.0008705163825593402
Epoch 785 begin

Test set: Epoch: 785, Average loss: 0.00108976

min_loss: 0.0008705163825593402
Epoch 786 begin

Test set: Epoch: 786, Average loss: 0.00108937

min_loss: 0.0008705163825593402
Epoch 787 begin

Test set: Epoch: 787, Average loss: 0.00108943

min_loss: 0.0008705163825593402
Epoch 788 begin

Test set: Epoch: 788, Average loss: 0.00108923

min_loss: 0.0008705163825593402
Epoch 789 begin

Test set: Epoch: 789, Average loss: 0.00108951

min_loss: 0.0008705163825593402
Epoch 790 begin

Test set: Epoch: 790, Average loss: 0.00108700

min_loss: 0.0008705163825593402
Epoch 791 begin

Test set: Epoch: 791, Average loss: 0.00109135

min_loss: 0.0008705163825593402
Epoch 792 begin

Test set: Epoch: 792, Average loss: 0.00108844

min_loss: 0.0008705163825593402
Epoch 793 begin

Test set: Epoch: 793, Average loss: 0.00108889

min_loss: 0.0008705163825593402
Epoch 794 begin

Test set: Epoch: 794, Average loss: 0.00109110

min_loss: 0.0008705163825593402
Epoch 795 begin

Test set: Epoch: 795, Average loss: 0.00109100

min_loss: 0.0008705163825593402
Epoch 796 begin

Test set: Epoch: 796, Average loss: 0.00109122

min_loss: 0.0008705163825593402
Epoch 797 begin

Test set: Epoch: 797, Average loss: 0.00108804

min_loss: 0.0008705163825593402
Epoch 798 begin

Test set: Epoch: 798, Average loss: 0.00109041

min_loss: 0.0008705163825593402
Epoch 799 begin

Test set: Epoch: 799, Average loss: 0.00108780

min_loss: 0.0008705163825593402
Epoch 800 begin

Test set: Epoch: 800, Average loss: 0.00108908

min_loss: 0.0008705163825593402
Epoch 801 begin

Test set: Epoch: 801, Average loss: 0.00109016

min_loss: 0.0008705163825593402
Epoch 802 begin

Test set: Epoch: 802, Average loss: 0.00109212

min_loss: 0.0008705163825593402
Epoch 803 begin

Test set: Epoch: 803, Average loss: 0.00109098

min_loss: 0.0008705163825593402
Epoch 804 begin

Test set: Epoch: 804, Average loss: 0.00109135

min_loss: 0.0008705163825593402
Epoch 805 begin

Test set: Epoch: 805, Average loss: 0.00109103

min_loss: 0.0008705163825593402
Epoch 806 begin

Test set: Epoch: 806, Average loss: 0.00109106

min_loss: 0.0008705163825593402
Epoch 807 begin

Test set: Epoch: 807, Average loss: 0.00109090

min_loss: 0.0008705163825593402
Epoch 808 begin

Test set: Epoch: 808, Average loss: 0.00109052

min_loss: 0.0008705163825593402
Epoch 809 begin

Test set: Epoch: 809, Average loss: 0.00109337

min_loss: 0.0008705163825593402
Epoch 810 begin

Test set: Epoch: 810, Average loss: 0.00109232

min_loss: 0.0008705163825593402
Epoch 811 begin

Test set: Epoch: 811, Average loss: 0.00109130

min_loss: 0.0008705163825593402
Epoch 812 begin

Test set: Epoch: 812, Average loss: 0.00109273

min_loss: 0.0008705163825593402
Epoch 813 begin

Test set: Epoch: 813, Average loss: 0.00109077

min_loss: 0.0008705163825593402
Epoch 814 begin

Test set: Epoch: 814, Average loss: 0.00108934

min_loss: 0.0008705163825593402
Epoch 815 begin

Test set: Epoch: 815, Average loss: 0.00108928

min_loss: 0.0008705163825593402
Epoch 816 begin

Test set: Epoch: 816, Average loss: 0.00109094

min_loss: 0.0008705163825593402
Epoch 817 begin

Test set: Epoch: 817, Average loss: 0.00109276

min_loss: 0.0008705163825593402
Epoch 818 begin

Test set: Epoch: 818, Average loss: 0.00109093

min_loss: 0.0008705163825593402
Epoch 819 begin

Test set: Epoch: 819, Average loss: 0.00109078

min_loss: 0.0008705163825593402
Epoch 820 begin

Test set: Epoch: 820, Average loss: 0.00109279

min_loss: 0.0008705163825593402
Epoch 821 begin

Test set: Epoch: 821, Average loss: 0.00109167

min_loss: 0.0008705163825593402
Epoch 822 begin

Test set: Epoch: 822, Average loss: 0.00109354

min_loss: 0.0008705163825593402
Epoch 823 begin

Test set: Epoch: 823, Average loss: 0.00109221

min_loss: 0.0008705163825593402
Epoch 824 begin

Test set: Epoch: 824, Average loss: 0.00109211

min_loss: 0.0008705163825593402
Epoch 825 begin

Test set: Epoch: 825, Average loss: 0.00109387

min_loss: 0.0008705163825593402
Epoch 826 begin

Test set: Epoch: 826, Average loss: 0.00109150

min_loss: 0.0008705163825593402
Epoch 827 begin

Test set: Epoch: 827, Average loss: 0.00109089

min_loss: 0.0008705163825593402
Epoch 828 begin

Test set: Epoch: 828, Average loss: 0.00108967

min_loss: 0.0008705163825593402
Epoch 829 begin

Test set: Epoch: 829, Average loss: 0.00109288

min_loss: 0.0008705163825593402
Epoch 830 begin

Test set: Epoch: 830, Average loss: 0.00109360

min_loss: 0.0008705163825593402
Epoch 831 begin

Test set: Epoch: 831, Average loss: 0.00109198

min_loss: 0.0008705163825593402
Epoch 832 begin

Test set: Epoch: 832, Average loss: 0.00109492

min_loss: 0.0008705163825593402
Epoch 833 begin

Test set: Epoch: 833, Average loss: 0.00108982

min_loss: 0.0008705163825593402
Epoch 834 begin

Test set: Epoch: 834, Average loss: 0.00109248

min_loss: 0.0008705163825593402
Epoch 835 begin

Test set: Epoch: 835, Average loss: 0.00109435

min_loss: 0.0008705163825593402
Epoch 836 begin

Test set: Epoch: 836, Average loss: 0.00109260

min_loss: 0.0008705163825593402
Epoch 837 begin

Test set: Epoch: 837, Average loss: 0.00109459

min_loss: 0.0008705163825593402
Epoch 838 begin

Test set: Epoch: 838, Average loss: 0.00109104

min_loss: 0.0008705163825593402
Epoch 839 begin

Test set: Epoch: 839, Average loss: 0.00109385

min_loss: 0.0008705163825593402
Epoch 840 begin

Test set: Epoch: 840, Average loss: 0.00109449

min_loss: 0.0008705163825593402
Epoch 841 begin

Test set: Epoch: 841, Average loss: 0.00109181

min_loss: 0.0008705163825593402
Epoch 842 begin

Test set: Epoch: 842, Average loss: 0.00109275

min_loss: 0.0008705163825593402
Epoch 843 begin

Test set: Epoch: 843, Average loss: 0.00109264

min_loss: 0.0008705163825593402
Epoch 844 begin

Test set: Epoch: 844, Average loss: 0.00109368

min_loss: 0.0008705163825593402
Epoch 845 begin

Test set: Epoch: 845, Average loss: 0.00109270

min_loss: 0.0008705163825593402
Epoch 846 begin

Test set: Epoch: 846, Average loss: 0.00109540

min_loss: 0.0008705163825593402
Epoch 847 begin

Test set: Epoch: 847, Average loss: 0.00109271

min_loss: 0.0008705163825593402
Epoch 848 begin

Test set: Epoch: 848, Average loss: 0.00109076

min_loss: 0.0008705163825593402
Epoch 849 begin

Test set: Epoch: 849, Average loss: 0.00109323

min_loss: 0.0008705163825593402
Epoch 850 begin

Test set: Epoch: 850, Average loss: 0.00109312

min_loss: 0.0008705163825593402
Epoch 851 begin

Test set: Epoch: 851, Average loss: 0.00109298

min_loss: 0.0008705163825593402
Epoch 852 begin

Test set: Epoch: 852, Average loss: 0.00109455

min_loss: 0.0008705163825593402
Epoch 853 begin

Test set: Epoch: 853, Average loss: 0.00109541

min_loss: 0.0008705163825593402
Epoch 854 begin

Test set: Epoch: 854, Average loss: 0.00109242

min_loss: 0.0008705163825593402
Epoch 855 begin

Test set: Epoch: 855, Average loss: 0.00109409

min_loss: 0.0008705163825593402
Epoch 856 begin

Test set: Epoch: 856, Average loss: 0.00109396

min_loss: 0.0008705163825593402
Epoch 857 begin

Test set: Epoch: 857, Average loss: 0.00109323

min_loss: 0.0008705163825593402
Epoch 858 begin

Test set: Epoch: 858, Average loss: 0.00109107

min_loss: 0.0008705163825593402
Epoch 859 begin

Test set: Epoch: 859, Average loss: 0.00109029

min_loss: 0.0008705163825593402
Epoch 860 begin

Test set: Epoch: 860, Average loss: 0.00109362

min_loss: 0.0008705163825593402
Epoch 861 begin

Test set: Epoch: 861, Average loss: 0.00109400

min_loss: 0.0008705163825593402
Epoch 862 begin

Test set: Epoch: 862, Average loss: 0.00109451

min_loss: 0.0008705163825593402
Epoch 863 begin

Test set: Epoch: 863, Average loss: 0.00109348

min_loss: 0.0008705163825593402
Epoch 864 begin

Test set: Epoch: 864, Average loss: 0.00109332

min_loss: 0.0008705163825593402
Epoch 865 begin

Test set: Epoch: 865, Average loss: 0.00109574

min_loss: 0.0008705163825593402
Epoch 866 begin

Test set: Epoch: 866, Average loss: 0.00109395

min_loss: 0.0008705163825593402
Epoch 867 begin

Test set: Epoch: 867, Average loss: 0.00109430

min_loss: 0.0008705163825593402
Epoch 868 begin

Test set: Epoch: 868, Average loss: 0.00109485

min_loss: 0.0008705163825593402
Epoch 869 begin

Test set: Epoch: 869, Average loss: 0.00109520

min_loss: 0.0008705163825593402
Epoch 870 begin

Test set: Epoch: 870, Average loss: 0.00109258

min_loss: 0.0008705163825593402
Epoch 871 begin

Test set: Epoch: 871, Average loss: 0.00109645

min_loss: 0.0008705163825593402
Epoch 872 begin

Test set: Epoch: 872, Average loss: 0.00109517

min_loss: 0.0008705163825593402
Epoch 873 begin

Test set: Epoch: 873, Average loss: 0.00109538

min_loss: 0.0008705163825593402
Epoch 874 begin

Test set: Epoch: 874, Average loss: 0.00109637

min_loss: 0.0008705163825593402
Epoch 875 begin

Test set: Epoch: 875, Average loss: 0.00109466

min_loss: 0.0008705163825593402
Epoch 876 begin

Test set: Epoch: 876, Average loss: 0.00109729

min_loss: 0.0008705163825593402
Epoch 877 begin

Test set: Epoch: 877, Average loss: 0.00109490

min_loss: 0.0008705163825593402
Epoch 878 begin

Test set: Epoch: 878, Average loss: 0.00109484

min_loss: 0.0008705163825593402
Epoch 879 begin

Test set: Epoch: 879, Average loss: 0.00109470

min_loss: 0.0008705163825593402
Epoch 880 begin

Test set: Epoch: 880, Average loss: 0.00109478

min_loss: 0.0008705163825593402
Epoch 881 begin

Test set: Epoch: 881, Average loss: 0.00109445

min_loss: 0.0008705163825593402
Epoch 882 begin

Test set: Epoch: 882, Average loss: 0.00109571

min_loss: 0.0008705163825593402
Epoch 883 begin

Test set: Epoch: 883, Average loss: 0.00109556

min_loss: 0.0008705163825593402
Epoch 884 begin

Test set: Epoch: 884, Average loss: 0.00109620

min_loss: 0.0008705163825593402
Epoch 885 begin

Test set: Epoch: 885, Average loss: 0.00109466

min_loss: 0.0008705163825593402
Epoch 886 begin

Test set: Epoch: 886, Average loss: 0.00109555

min_loss: 0.0008705163825593402
Epoch 887 begin

Test set: Epoch: 887, Average loss: 0.00109488

min_loss: 0.0008705163825593402
Epoch 888 begin

Test set: Epoch: 888, Average loss: 0.00109492

min_loss: 0.0008705163825593402
Epoch 889 begin

Test set: Epoch: 889, Average loss: 0.00109528

min_loss: 0.0008705163825593402
Epoch 890 begin

Test set: Epoch: 890, Average loss: 0.00109799

min_loss: 0.0008705163825593402
Epoch 891 begin

Test set: Epoch: 891, Average loss: 0.00109172

min_loss: 0.0008705163825593402
Epoch 892 begin

Test set: Epoch: 892, Average loss: 0.00109444

min_loss: 0.0008705163825593402
Epoch 893 begin

Test set: Epoch: 893, Average loss: 0.00109546

min_loss: 0.0008705163825593402
Epoch 894 begin

Test set: Epoch: 894, Average loss: 0.00109299

min_loss: 0.0008705163825593402
Epoch 895 begin

Test set: Epoch: 895, Average loss: 0.00109279

min_loss: 0.0008705163825593402
Epoch 896 begin

Test set: Epoch: 896, Average loss: 0.00109599

min_loss: 0.0008705163825593402
Epoch 897 begin

Test set: Epoch: 897, Average loss: 0.00109572

min_loss: 0.0008705163825593402
Epoch 898 begin

Test set: Epoch: 898, Average loss: 0.00109411

min_loss: 0.0008705163825593402
Epoch 899 begin

Test set: Epoch: 899, Average loss: 0.00109464

min_loss: 0.0008705163825593402

Test set: Epoch: 1, Average loss: 0.00108852

final loss: 0.001088517177850008
spend time: 37082.48240184784
