nohup: 忽略输入
model established
Sequential(
  (0): PositionalMapping()
  (1): Transformer(
    (in_net): Linear(in_features=18, out_features=256, bias=True)
    (blocks): ModuleList(
      (0-3): 4 x Block(
        (attn): MultiHeadedSelfAttention(
          (proj_q): Linear(in_features=256, out_features=256, bias=True)
          (proj_k): Linear(in_features=256, out_features=256, bias=True)
          (proj_v): Linear(in_features=256, out_features=256, bias=True)
          (drop): Dropout(p=0, inplace=False)
        )
        (proj): Linear(in_features=256, out_features=256, bias=True)
        (norm1): LayerNorm()
        (pwff): PositionWiseFeedForward(
          (fc1): Linear(in_features=256, out_features=512, bias=True)
          (fc2): Linear(in_features=512, out_features=256, bias=True)
        )
        (norm2): LayerNorm()
        (drop): Dropout(p=0, inplace=False)
      )
    )
    (out_net): Linear(in_features=256, out_features=1024, bias=True)
  )
  (2): Out_net(
    (mask_net): Linear(in_features=5120, out_features=48, bias=True)
    (output_set_net): Linear(in_features=5120, out_features=96, bias=True)
  )
)
Epoch 0 begin

Test set: Epoch: 0, Average loss: 0.00011154

save
min_loss: 0.00011153965281670352
Epoch 1 begin

Test set: Epoch: 1, Average loss: 0.00009385

save
min_loss: 9.385110344592143e-05
Epoch 2 begin

Test set: Epoch: 2, Average loss: 0.00008900

save
min_loss: 8.900109284347604e-05
Epoch 3 begin

Test set: Epoch: 3, Average loss: 0.00008353

save
min_loss: 8.352569888946747e-05
Epoch 4 begin

Test set: Epoch: 4, Average loss: 0.00007909

save
min_loss: 7.90904523538969e-05
Epoch 5 begin

Test set: Epoch: 5, Average loss: 0.00007950

min_loss: 7.90904523538969e-05
Epoch 6 begin

Test set: Epoch: 6, Average loss: 0.00009600

min_loss: 7.90904523538969e-05
Epoch 7 begin

Test set: Epoch: 7, Average loss: 0.00007427

save
min_loss: 7.427402441051522e-05
Epoch 8 begin

Test set: Epoch: 8, Average loss: 0.00007045

save
min_loss: 7.044545681691823e-05
Epoch 9 begin

Test set: Epoch: 9, Average loss: 0.00007652

min_loss: 7.044545681691823e-05
Epoch 10 begin

Test set: Epoch: 10, Average loss: 0.00007808

min_loss: 7.044545681691823e-05
Epoch 11 begin

Test set: Epoch: 11, Average loss: 0.00006544

save
min_loss: 6.544396969953133e-05
Epoch 12 begin

Test set: Epoch: 12, Average loss: 0.00006780

min_loss: 6.544396969953133e-05
Epoch 13 begin

Test set: Epoch: 13, Average loss: 0.00006603

min_loss: 6.544396969953133e-05
Epoch 14 begin

Test set: Epoch: 14, Average loss: 0.00006421

save
min_loss: 6.421458720345386e-05
Epoch 15 begin

Test set: Epoch: 15, Average loss: 0.00006680

min_loss: 6.421458720345386e-05
Epoch 16 begin

Test set: Epoch: 16, Average loss: 0.00006072

save
min_loss: 6.0717225120203174e-05
Epoch 17 begin

Test set: Epoch: 17, Average loss: 0.00006334

min_loss: 6.0717225120203174e-05
Epoch 18 begin

Test set: Epoch: 18, Average loss: 0.00005939

save
min_loss: 5.9393150670758556e-05
Epoch 19 begin

Test set: Epoch: 19, Average loss: 0.00005708

save
min_loss: 5.70836849491253e-05
Epoch 20 begin

Test set: Epoch: 20, Average loss: 0.00005939

min_loss: 5.70836849491253e-05
Epoch 21 begin

Test set: Epoch: 21, Average loss: 0.00005622

save
min_loss: 5.6223272448189125e-05
Epoch 22 begin

Test set: Epoch: 22, Average loss: 0.00006227

min_loss: 5.6223272448189125e-05
Epoch 23 begin

Test set: Epoch: 23, Average loss: 0.00005636

min_loss: 5.6223272448189125e-05
Epoch 24 begin

Test set: Epoch: 24, Average loss: 0.00005697

min_loss: 5.6223272448189125e-05
Epoch 25 begin

Test set: Epoch: 25, Average loss: 0.00007624

min_loss: 5.6223272448189125e-05
Epoch 26 begin

Test set: Epoch: 26, Average loss: 0.00005319

save
min_loss: 5.3188404252615384e-05
Epoch 27 begin

Test set: Epoch: 27, Average loss: 0.00005524

min_loss: 5.3188404252615384e-05
Epoch 28 begin

Test set: Epoch: 28, Average loss: 0.00005165

save
min_loss: 5.1654201809829085e-05
Epoch 29 begin

Test set: Epoch: 29, Average loss: 0.00005812

min_loss: 5.1654201809829085e-05
Epoch 30 begin

Test set: Epoch: 30, Average loss: 0.00005414

min_loss: 5.1654201809829085e-05
Epoch 31 begin

Test set: Epoch: 31, Average loss: 0.00005067

save
min_loss: 5.066961725346801e-05
Epoch 32 begin

Test set: Epoch: 32, Average loss: 0.00005015

save
min_loss: 5.015440529468074e-05
Epoch 33 begin

Test set: Epoch: 33, Average loss: 0.00005135

min_loss: 5.015440529468074e-05
Epoch 34 begin

Test set: Epoch: 34, Average loss: 0.00005183

min_loss: 5.015440529468074e-05
Epoch 35 begin

Test set: Epoch: 35, Average loss: 0.00004872

save
min_loss: 4.872406289108811e-05
Epoch 36 begin

Test set: Epoch: 36, Average loss: 0.00005195

min_loss: 4.872406289108811e-05
Epoch 37 begin

Test set: Epoch: 37, Average loss: 0.00004957

min_loss: 4.872406289108811e-05
Epoch 38 begin

Test set: Epoch: 38, Average loss: 0.00005120

min_loss: 4.872406289108811e-05
Epoch 39 begin

Test set: Epoch: 39, Average loss: 0.00004795

save
min_loss: 4.795292347908815e-05
Epoch 40 begin

Test set: Epoch: 40, Average loss: 0.00005088

min_loss: 4.795292347908815e-05
Epoch 41 begin

Test set: Epoch: 41, Average loss: 0.00004782

save
min_loss: 4.781998448709955e-05
Epoch 42 begin

Test set: Epoch: 42, Average loss: 0.00004886

min_loss: 4.781998448709955e-05
Epoch 43 begin

Test set: Epoch: 43, Average loss: 0.00004708

save
min_loss: 4.7081129824072606e-05
Epoch 44 begin

Test set: Epoch: 44, Average loss: 0.00004907

min_loss: 4.7081129824072606e-05
Epoch 45 begin

Test set: Epoch: 45, Average loss: 0.00004914

min_loss: 4.7081129824072606e-05
Epoch 46 begin

Test set: Epoch: 46, Average loss: 0.00004711

min_loss: 4.7081129824072606e-05
Epoch 47 begin

Test set: Epoch: 47, Average loss: 0.00004789

min_loss: 4.7081129824072606e-05
Epoch 48 begin

Test set: Epoch: 48, Average loss: 0.00004817

min_loss: 4.7081129824072606e-05
Epoch 49 begin

Test set: Epoch: 49, Average loss: 0.00005447

min_loss: 4.7081129824072606e-05
Epoch 50 begin

Test set: Epoch: 50, Average loss: 0.00005062

min_loss: 4.7081129824072606e-05
Epoch 51 begin

Test set: Epoch: 51, Average loss: 0.00004859

min_loss: 4.7081129824072606e-05
Epoch 52 begin

Test set: Epoch: 52, Average loss: 0.00005311

min_loss: 4.7081129824072606e-05
Epoch 53 begin

Test set: Epoch: 53, Average loss: 0.00004859

min_loss: 4.7081129824072606e-05
Epoch 54 begin

Test set: Epoch: 54, Average loss: 0.00004751

min_loss: 4.7081129824072606e-05
Epoch 55 begin

Test set: Epoch: 55, Average loss: 0.00004785

min_loss: 4.7081129824072606e-05
Epoch 56 begin

Test set: Epoch: 56, Average loss: 0.00004811

min_loss: 4.7081129824072606e-05
Epoch 57 begin

Test set: Epoch: 57, Average loss: 0.00005101

min_loss: 4.7081129824072606e-05
Epoch 58 begin

Test set: Epoch: 58, Average loss: 0.00004644

save
min_loss: 4.643923095736665e-05
Epoch 59 begin

Test set: Epoch: 59, Average loss: 0.00004736

min_loss: 4.643923095736665e-05
Epoch 60 begin

Test set: Epoch: 60, Average loss: 0.00004578

save
min_loss: 4.577895393036869e-05
Epoch 61 begin

Test set: Epoch: 61, Average loss: 0.00004656

min_loss: 4.577895393036869e-05
Epoch 62 begin

Test set: Epoch: 62, Average loss: 0.00004768

min_loss: 4.577895393036869e-05
Epoch 63 begin

Test set: Epoch: 63, Average loss: 0.00004527

save
min_loss: 4.526732115112467e-05
Epoch 64 begin

Test set: Epoch: 64, Average loss: 0.00004982

min_loss: 4.526732115112467e-05
Epoch 65 begin

Test set: Epoch: 65, Average loss: 0.00004448

save
min_loss: 4.4481597021789085e-05
Epoch 66 begin

Test set: Epoch: 66, Average loss: 0.00005032

min_loss: 4.4481597021789085e-05
Epoch 67 begin

Test set: Epoch: 67, Average loss: 0.00004622

min_loss: 4.4481597021789085e-05
Epoch 68 begin

Test set: Epoch: 68, Average loss: 0.00004661

min_loss: 4.4481597021789085e-05
Epoch 69 begin

Test set: Epoch: 69, Average loss: 0.00004867

min_loss: 4.4481597021789085e-05
Epoch 70 begin

Test set: Epoch: 70, Average loss: 0.00004392

save
min_loss: 4.392289847328158e-05
Epoch 71 begin

Test set: Epoch: 71, Average loss: 0.00004504

min_loss: 4.392289847328158e-05
Epoch 72 begin

Test set: Epoch: 72, Average loss: 0.00016896

min_loss: 4.392289847328158e-05
Epoch 73 begin

Test set: Epoch: 73, Average loss: 0.00004645

min_loss: 4.392289847328158e-05
Epoch 74 begin

Test set: Epoch: 74, Average loss: 0.00005051

min_loss: 4.392289847328158e-05
Epoch 75 begin

Test set: Epoch: 75, Average loss: 0.00004589

min_loss: 4.392289847328158e-05
Epoch 76 begin

Test set: Epoch: 76, Average loss: 0.00004300

save
min_loss: 4.299553574284137e-05
Epoch 77 begin

Test set: Epoch: 77, Average loss: 0.00004501

min_loss: 4.299553574284137e-05
Epoch 78 begin

Test set: Epoch: 78, Average loss: 0.00004442

min_loss: 4.299553574284137e-05
Epoch 79 begin

Test set: Epoch: 79, Average loss: 0.00004487

min_loss: 4.299553574284137e-05
Epoch 80 begin

Test set: Epoch: 80, Average loss: 0.00004550

min_loss: 4.299553574284137e-05
Epoch 81 begin

Test set: Epoch: 81, Average loss: 0.00004809

min_loss: 4.299553574284137e-05
Epoch 82 begin

Test set: Epoch: 82, Average loss: 0.00004618

min_loss: 4.299553574284137e-05
Epoch 83 begin

Test set: Epoch: 83, Average loss: 0.00004337

min_loss: 4.299553574284137e-05
Epoch 84 begin

Test set: Epoch: 84, Average loss: 0.00005280

min_loss: 4.299553574284137e-05
Epoch 85 begin

Test set: Epoch: 85, Average loss: 0.00004323

min_loss: 4.299553574284137e-05
Epoch 86 begin

Test set: Epoch: 86, Average loss: 0.00004553

min_loss: 4.299553574284137e-05
Epoch 87 begin

Test set: Epoch: 87, Average loss: 0.00004778

min_loss: 4.299553574284137e-05
Epoch 88 begin

Test set: Epoch: 88, Average loss: 0.00004382

min_loss: 4.299553574284137e-05
Epoch 89 begin

Test set: Epoch: 89, Average loss: 0.00004360

min_loss: 4.299553574284137e-05
Epoch 90 begin

Test set: Epoch: 90, Average loss: 0.00004486

min_loss: 4.299553574284137e-05
Epoch 91 begin

Test set: Epoch: 91, Average loss: 0.00004278

save
min_loss: 4.278290532370137e-05
Epoch 92 begin

Test set: Epoch: 92, Average loss: 0.00004550

min_loss: 4.278290532370137e-05
Epoch 93 begin

Test set: Epoch: 93, Average loss: 0.00004477

min_loss: 4.278290532370137e-05
Epoch 94 begin

Test set: Epoch: 94, Average loss: 0.00004531

min_loss: 4.278290532370137e-05
Epoch 95 begin

Test set: Epoch: 95, Average loss: 0.00004374

min_loss: 4.278290532370137e-05
Epoch 96 begin

Test set: Epoch: 96, Average loss: 0.00004206

save
min_loss: 4.2061752391274076e-05
Epoch 97 begin

Test set: Epoch: 97, Average loss: 0.00004333

min_loss: 4.2061752391274076e-05
Epoch 98 begin

Test set: Epoch: 98, Average loss: 0.00004234

min_loss: 4.2061752391274076e-05
Epoch 99 begin

Test set: Epoch: 99, Average loss: 0.00004363

min_loss: 4.2061752391274076e-05
Epoch 100 begin

Test set: Epoch: 100, Average loss: 0.00004253

min_loss: 4.2061752391274076e-05
Epoch 101 begin

Test set: Epoch: 101, Average loss: 0.00004129

save
min_loss: 4.1289187113053605e-05
Epoch 102 begin

Test set: Epoch: 102, Average loss: 0.00004163

min_loss: 4.1289187113053605e-05
Epoch 103 begin

Test set: Epoch: 103, Average loss: 0.00004173

min_loss: 4.1289187113053605e-05
Epoch 104 begin

Test set: Epoch: 104, Average loss: 0.00004367

min_loss: 4.1289187113053605e-05
Epoch 105 begin

Test set: Epoch: 105, Average loss: 0.00004182

min_loss: 4.1289187113053605e-05
Epoch 106 begin

Test set: Epoch: 106, Average loss: 0.00004450

min_loss: 4.1289187113053605e-05
Epoch 107 begin

Test set: Epoch: 107, Average loss: 0.00004426

min_loss: 4.1289187113053605e-05
Epoch 108 begin

Test set: Epoch: 108, Average loss: 0.00004348

min_loss: 4.1289187113053605e-05
Epoch 109 begin

Test set: Epoch: 109, Average loss: 0.00004383

min_loss: 4.1289187113053605e-05
Epoch 110 begin

Test set: Epoch: 110, Average loss: 0.00004350

min_loss: 4.1289187113053605e-05
Epoch 111 begin

Test set: Epoch: 111, Average loss: 0.00004522

min_loss: 4.1289187113053605e-05
Epoch 112 begin

Test set: Epoch: 112, Average loss: 0.00004509

min_loss: 4.1289187113053605e-05
Epoch 113 begin

Test set: Epoch: 113, Average loss: 0.00004254

min_loss: 4.1289187113053605e-05
Epoch 114 begin

Test set: Epoch: 114, Average loss: 0.00004302

min_loss: 4.1289187113053605e-05
Epoch 115 begin

Test set: Epoch: 115, Average loss: 0.00004150

min_loss: 4.1289187113053605e-05
Epoch 116 begin

Test set: Epoch: 116, Average loss: 0.00004363

min_loss: 4.1289187113053605e-05
Epoch 117 begin

Test set: Epoch: 117, Average loss: 0.00004243

min_loss: 4.1289187113053605e-05
Epoch 118 begin

Test set: Epoch: 118, Average loss: 0.00004112

save
min_loss: 4.112048797487256e-05
Epoch 119 begin

Test set: Epoch: 119, Average loss: 0.00004467

min_loss: 4.112048797487256e-05
Epoch 120 begin

Test set: Epoch: 120, Average loss: 0.00004410

min_loss: 4.112048797487256e-05
Epoch 121 begin

Test set: Epoch: 121, Average loss: 0.00004580

min_loss: 4.112048797487256e-05
Epoch 122 begin

Test set: Epoch: 122, Average loss: 0.00004315

min_loss: 4.112048797487256e-05
Epoch 123 begin

Test set: Epoch: 123, Average loss: 0.00004274

min_loss: 4.112048797487256e-05
Epoch 124 begin

Test set: Epoch: 124, Average loss: 0.00004114

min_loss: 4.112048797487256e-05
Epoch 125 begin

Test set: Epoch: 125, Average loss: 0.00004256

min_loss: 4.112048797487256e-05
Epoch 126 begin

Test set: Epoch: 126, Average loss: 0.00004675

min_loss: 4.112048797487256e-05
Epoch 127 begin

Test set: Epoch: 127, Average loss: 0.00004503

min_loss: 4.112048797487256e-05
Epoch 128 begin

Test set: Epoch: 128, Average loss: 0.00004248

min_loss: 4.112048797487256e-05
Epoch 129 begin

Test set: Epoch: 129, Average loss: 0.00004196

min_loss: 4.112048797487256e-05
Epoch 130 begin

Test set: Epoch: 130, Average loss: 0.00004326

min_loss: 4.112048797487256e-05
Epoch 131 begin

Test set: Epoch: 131, Average loss: 0.00004321

min_loss: 4.112048797487256e-05
Epoch 132 begin

Test set: Epoch: 132, Average loss: 0.00004275

min_loss: 4.112048797487256e-05
Epoch 133 begin

Test set: Epoch: 133, Average loss: 0.00004256

min_loss: 4.112048797487256e-05
Epoch 134 begin

Test set: Epoch: 134, Average loss: 0.00004361

min_loss: 4.112048797487256e-05
Epoch 135 begin

Test set: Epoch: 135, Average loss: 0.00004291

min_loss: 4.112048797487256e-05
Epoch 136 begin

Test set: Epoch: 136, Average loss: 0.00004554

min_loss: 4.112048797487256e-05
Epoch 137 begin

Test set: Epoch: 137, Average loss: 0.00004353

min_loss: 4.112048797487256e-05
Epoch 138 begin

Test set: Epoch: 138, Average loss: 0.00004427

min_loss: 4.112048797487256e-05
Epoch 139 begin

Test set: Epoch: 139, Average loss: 0.00004365

min_loss: 4.112048797487256e-05
Epoch 140 begin

Test set: Epoch: 140, Average loss: 0.00004157

min_loss: 4.112048797487256e-05
Epoch 141 begin

Test set: Epoch: 141, Average loss: 0.00004121

min_loss: 4.112048797487256e-05
Epoch 142 begin

Test set: Epoch: 142, Average loss: 0.00004426

min_loss: 4.112048797487256e-05
Epoch 143 begin

Test set: Epoch: 143, Average loss: 0.00004343

min_loss: 4.112048797487256e-05
Epoch 144 begin

Test set: Epoch: 144, Average loss: 0.00004192

min_loss: 4.112048797487256e-05
Epoch 145 begin

Test set: Epoch: 145, Average loss: 0.00004245

min_loss: 4.112048797487256e-05
Epoch 146 begin

Test set: Epoch: 146, Average loss: 0.00004496

min_loss: 4.112048797487256e-05
Epoch 147 begin

Test set: Epoch: 147, Average loss: 0.00004190

min_loss: 4.112048797487256e-05
Epoch 148 begin

Test set: Epoch: 148, Average loss: 0.00004180

min_loss: 4.112048797487256e-05
Epoch 149 begin

Test set: Epoch: 149, Average loss: 0.00004278

min_loss: 4.112048797487256e-05
Epoch 150 begin

Test set: Epoch: 150, Average loss: 0.00004298

min_loss: 4.112048797487256e-05
Epoch 151 begin

Test set: Epoch: 151, Average loss: 0.00004247

min_loss: 4.112048797487256e-05
Epoch 152 begin

Test set: Epoch: 152, Average loss: 0.00004281

min_loss: 4.112048797487256e-05
Epoch 153 begin

Test set: Epoch: 153, Average loss: 0.00004235

min_loss: 4.112048797487256e-05
Epoch 154 begin

Test set: Epoch: 154, Average loss: 0.00004825

min_loss: 4.112048797487256e-05
Epoch 155 begin

Test set: Epoch: 155, Average loss: 0.00004457

min_loss: 4.112048797487256e-05
Epoch 156 begin

Test set: Epoch: 156, Average loss: 0.00004363

min_loss: 4.112048797487256e-05
Epoch 157 begin

Test set: Epoch: 157, Average loss: 0.00004191

min_loss: 4.112048797487256e-05
Epoch 158 begin

Test set: Epoch: 158, Average loss: 0.00004464

min_loss: 4.112048797487256e-05
Epoch 159 begin

Test set: Epoch: 159, Average loss: 0.00004381

min_loss: 4.112048797487256e-05
Epoch 160 begin

Test set: Epoch: 160, Average loss: 0.00004514

min_loss: 4.112048797487256e-05
Epoch 161 begin

Test set: Epoch: 161, Average loss: 0.00004290

min_loss: 4.112048797487256e-05
Epoch 162 begin

Test set: Epoch: 162, Average loss: 0.00004448

min_loss: 4.112048797487256e-05
Epoch 163 begin

Test set: Epoch: 163, Average loss: 0.00004201

min_loss: 4.112048797487256e-05
Epoch 164 begin

Test set: Epoch: 164, Average loss: 0.00004462

min_loss: 4.112048797487256e-05
Epoch 165 begin

Test set: Epoch: 165, Average loss: 0.00004343

min_loss: 4.112048797487256e-05
Epoch 166 begin

Test set: Epoch: 166, Average loss: 0.00004402

min_loss: 4.112048797487256e-05
Epoch 167 begin

Test set: Epoch: 167, Average loss: 0.00004351

min_loss: 4.112048797487256e-05
Epoch 168 begin

Test set: Epoch: 168, Average loss: 0.00004221

min_loss: 4.112048797487256e-05
Epoch 169 begin

Test set: Epoch: 169, Average loss: 0.00004366

min_loss: 4.112048797487256e-05
Epoch 170 begin

Test set: Epoch: 170, Average loss: 0.00004211

min_loss: 4.112048797487256e-05
Epoch 171 begin

Test set: Epoch: 171, Average loss: 0.00004258

min_loss: 4.112048797487256e-05
Epoch 172 begin

Test set: Epoch: 172, Average loss: 0.00004275

min_loss: 4.112048797487256e-05
Epoch 173 begin

Test set: Epoch: 173, Average loss: 0.00004455

min_loss: 4.112048797487256e-05
Epoch 174 begin

Test set: Epoch: 174, Average loss: 0.00004429

min_loss: 4.112048797487256e-05
Epoch 175 begin

Test set: Epoch: 175, Average loss: 0.00004668

min_loss: 4.112048797487256e-05
Epoch 176 begin

Test set: Epoch: 176, Average loss: 0.00005314

min_loss: 4.112048797487256e-05
Epoch 177 begin

Test set: Epoch: 177, Average loss: 0.00004368

min_loss: 4.112048797487256e-05
Epoch 178 begin

Test set: Epoch: 178, Average loss: 0.00004281

min_loss: 4.112048797487256e-05
Epoch 179 begin

Test set: Epoch: 179, Average loss: 0.00004376

min_loss: 4.112048797487256e-05
Epoch 180 begin

Test set: Epoch: 180, Average loss: 0.00004384

min_loss: 4.112048797487256e-05
Epoch 181 begin

Test set: Epoch: 181, Average loss: 0.00004363

min_loss: 4.112048797487256e-05
Epoch 182 begin

Test set: Epoch: 182, Average loss: 0.00004290

min_loss: 4.112048797487256e-05
Epoch 183 begin

Test set: Epoch: 183, Average loss: 0.00004563

min_loss: 4.112048797487256e-05
Epoch 184 begin

Test set: Epoch: 184, Average loss: 0.00004310

min_loss: 4.112048797487256e-05
Epoch 185 begin

Test set: Epoch: 185, Average loss: 0.00004526

min_loss: 4.112048797487256e-05
Epoch 186 begin

Test set: Epoch: 186, Average loss: 0.00004245

min_loss: 4.112048797487256e-05
Epoch 187 begin

Test set: Epoch: 187, Average loss: 0.00004233

min_loss: 4.112048797487256e-05
Epoch 188 begin

Test set: Epoch: 188, Average loss: 0.00004222

min_loss: 4.112048797487256e-05
Epoch 189 begin

Test set: Epoch: 189, Average loss: 0.00004390

min_loss: 4.112048797487256e-05
Epoch 190 begin

Test set: Epoch: 190, Average loss: 0.00004583

min_loss: 4.112048797487256e-05
Epoch 191 begin

Test set: Epoch: 191, Average loss: 0.00004287

min_loss: 4.112048797487256e-05
Epoch 192 begin

Test set: Epoch: 192, Average loss: 0.00004381

min_loss: 4.112048797487256e-05
Epoch 193 begin

Test set: Epoch: 193, Average loss: 0.00004456

min_loss: 4.112048797487256e-05
Epoch 194 begin

Test set: Epoch: 194, Average loss: 0.00004712

min_loss: 4.112048797487256e-05
Epoch 195 begin

Test set: Epoch: 195, Average loss: 0.00004304

min_loss: 4.112048797487256e-05
Epoch 196 begin

Test set: Epoch: 196, Average loss: 0.00004370

min_loss: 4.112048797487256e-05
Epoch 197 begin

Test set: Epoch: 197, Average loss: 0.00004283

min_loss: 4.112048797487256e-05
Epoch 198 begin

Test set: Epoch: 198, Average loss: 0.00004682

min_loss: 4.112048797487256e-05
Epoch 199 begin

Test set: Epoch: 199, Average loss: 0.00004692

min_loss: 4.112048797487256e-05
Epoch 200 begin

Test set: Epoch: 200, Average loss: 0.00004312

min_loss: 4.112048797487256e-05
Epoch 201 begin

Test set: Epoch: 201, Average loss: 0.00004509

min_loss: 4.112048797487256e-05
Epoch 202 begin

Test set: Epoch: 202, Average loss: 0.00004431

min_loss: 4.112048797487256e-05
Epoch 203 begin

Test set: Epoch: 203, Average loss: 0.00004326

min_loss: 4.112048797487256e-05
Epoch 204 begin

Test set: Epoch: 204, Average loss: 0.00004415

min_loss: 4.112048797487256e-05
Epoch 205 begin

Test set: Epoch: 205, Average loss: 0.00004296

min_loss: 4.112048797487256e-05
Epoch 206 begin

Test set: Epoch: 206, Average loss: 0.00004442

min_loss: 4.112048797487256e-05
Epoch 207 begin

Test set: Epoch: 207, Average loss: 0.00004391

min_loss: 4.112048797487256e-05
Epoch 208 begin

Test set: Epoch: 208, Average loss: 0.00004353

min_loss: 4.112048797487256e-05
Epoch 209 begin

Test set: Epoch: 209, Average loss: 0.00004594

min_loss: 4.112048797487256e-05
Epoch 210 begin

Test set: Epoch: 210, Average loss: 0.00004304

min_loss: 4.112048797487256e-05
Epoch 211 begin

Test set: Epoch: 211, Average loss: 0.00004592

min_loss: 4.112048797487256e-05
Epoch 212 begin

Test set: Epoch: 212, Average loss: 0.00004551

min_loss: 4.112048797487256e-05
Epoch 213 begin

Test set: Epoch: 213, Average loss: 0.00004394

min_loss: 4.112048797487256e-05
Epoch 214 begin

Test set: Epoch: 214, Average loss: 0.00004297

min_loss: 4.112048797487256e-05
Epoch 215 begin

Test set: Epoch: 215, Average loss: 0.00004414

min_loss: 4.112048797487256e-05
Epoch 216 begin

Test set: Epoch: 216, Average loss: 0.00004197

min_loss: 4.112048797487256e-05
Epoch 217 begin

Test set: Epoch: 217, Average loss: 0.00004374

min_loss: 4.112048797487256e-05
Epoch 218 begin

Test set: Epoch: 218, Average loss: 0.00004469

min_loss: 4.112048797487256e-05
Epoch 219 begin

Test set: Epoch: 219, Average loss: 0.00004372

min_loss: 4.112048797487256e-05
Epoch 220 begin

Test set: Epoch: 220, Average loss: 0.00004235

min_loss: 4.112048797487256e-05
Epoch 221 begin

Test set: Epoch: 221, Average loss: 0.00004442

min_loss: 4.112048797487256e-05
Epoch 222 begin

Test set: Epoch: 222, Average loss: 0.00004413

min_loss: 4.112048797487256e-05
Epoch 223 begin

Test set: Epoch: 223, Average loss: 0.00004372

min_loss: 4.112048797487256e-05
Epoch 224 begin

Test set: Epoch: 224, Average loss: 0.00004342

min_loss: 4.112048797487256e-05
Epoch 225 begin

Test set: Epoch: 225, Average loss: 0.00004741

min_loss: 4.112048797487256e-05
Epoch 226 begin

Test set: Epoch: 226, Average loss: 0.00004391

min_loss: 4.112048797487256e-05
Epoch 227 begin

Test set: Epoch: 227, Average loss: 0.00004400

min_loss: 4.112048797487256e-05
Epoch 228 begin

Test set: Epoch: 228, Average loss: 0.00004428

min_loss: 4.112048797487256e-05
Epoch 229 begin

Test set: Epoch: 229, Average loss: 0.00004382

min_loss: 4.112048797487256e-05
Epoch 230 begin

Test set: Epoch: 230, Average loss: 0.00004466

min_loss: 4.112048797487256e-05
Epoch 231 begin

Test set: Epoch: 231, Average loss: 0.00004447

min_loss: 4.112048797487256e-05
Epoch 232 begin

Test set: Epoch: 232, Average loss: 0.00004365

min_loss: 4.112048797487256e-05
Epoch 233 begin

Test set: Epoch: 233, Average loss: 0.00004514

min_loss: 4.112048797487256e-05
Epoch 234 begin

Test set: Epoch: 234, Average loss: 0.00004233

min_loss: 4.112048797487256e-05
Epoch 235 begin

Test set: Epoch: 235, Average loss: 0.00004439

min_loss: 4.112048797487256e-05
Epoch 236 begin

Test set: Epoch: 236, Average loss: 0.00004578

min_loss: 4.112048797487256e-05
Epoch 237 begin

Test set: Epoch: 237, Average loss: 0.00004488

min_loss: 4.112048797487256e-05
Epoch 238 begin

Test set: Epoch: 238, Average loss: 0.00004373

min_loss: 4.112048797487256e-05
Epoch 239 begin

Test set: Epoch: 239, Average loss: 0.00004458

min_loss: 4.112048797487256e-05
Epoch 240 begin

Test set: Epoch: 240, Average loss: 0.00004372

min_loss: 4.112048797487256e-05
Epoch 241 begin

Test set: Epoch: 241, Average loss: 0.00004488

min_loss: 4.112048797487256e-05
Epoch 242 begin

Test set: Epoch: 242, Average loss: 0.00004529

min_loss: 4.112048797487256e-05
Epoch 243 begin

Test set: Epoch: 243, Average loss: 0.00004369

min_loss: 4.112048797487256e-05
Epoch 244 begin

Test set: Epoch: 244, Average loss: 0.00004344

min_loss: 4.112048797487256e-05
Epoch 245 begin

Test set: Epoch: 245, Average loss: 0.00004403

min_loss: 4.112048797487256e-05
Epoch 246 begin

Test set: Epoch: 246, Average loss: 0.00004386

min_loss: 4.112048797487256e-05
Epoch 247 begin

Test set: Epoch: 247, Average loss: 0.00004362

min_loss: 4.112048797487256e-05
Epoch 248 begin

Test set: Epoch: 248, Average loss: 0.00004455

min_loss: 4.112048797487256e-05
Epoch 249 begin

Test set: Epoch: 249, Average loss: 0.00004325

min_loss: 4.112048797487256e-05
Epoch 250 begin

Test set: Epoch: 250, Average loss: 0.00004561

min_loss: 4.112048797487256e-05
Epoch 251 begin

Test set: Epoch: 251, Average loss: 0.00004387

min_loss: 4.112048797487256e-05
Epoch 252 begin

Test set: Epoch: 252, Average loss: 0.00004596

min_loss: 4.112048797487256e-05
Epoch 253 begin

Test set: Epoch: 253, Average loss: 0.00004558

min_loss: 4.112048797487256e-05
Epoch 254 begin

Test set: Epoch: 254, Average loss: 0.00004424

min_loss: 4.112048797487256e-05
Epoch 255 begin

Test set: Epoch: 255, Average loss: 0.00004668

min_loss: 4.112048797487256e-05
Epoch 256 begin

Test set: Epoch: 256, Average loss: 0.00004368

min_loss: 4.112048797487256e-05
Epoch 257 begin

Test set: Epoch: 257, Average loss: 0.00004415

min_loss: 4.112048797487256e-05
Epoch 258 begin

Test set: Epoch: 258, Average loss: 0.00004773

min_loss: 4.112048797487256e-05
Epoch 259 begin

Test set: Epoch: 259, Average loss: 0.00004590

min_loss: 4.112048797487256e-05
Epoch 260 begin

Test set: Epoch: 260, Average loss: 0.00004501

min_loss: 4.112048797487256e-05
Epoch 261 begin

Test set: Epoch: 261, Average loss: 0.00004456

min_loss: 4.112048797487256e-05
Epoch 262 begin

Test set: Epoch: 262, Average loss: 0.00004403

min_loss: 4.112048797487256e-05
Epoch 263 begin

Test set: Epoch: 263, Average loss: 0.00004691

min_loss: 4.112048797487256e-05
Epoch 264 begin

Test set: Epoch: 264, Average loss: 0.00004429

min_loss: 4.112048797487256e-05
Epoch 265 begin

Test set: Epoch: 265, Average loss: 0.00004475

min_loss: 4.112048797487256e-05
Epoch 266 begin

Test set: Epoch: 266, Average loss: 0.00004689

min_loss: 4.112048797487256e-05
Epoch 267 begin

Test set: Epoch: 267, Average loss: 0.00004434

min_loss: 4.112048797487256e-05
Epoch 268 begin

Test set: Epoch: 268, Average loss: 0.00004425

min_loss: 4.112048797487256e-05
Epoch 269 begin

Test set: Epoch: 269, Average loss: 0.00004369

min_loss: 4.112048797487256e-05
Epoch 270 begin

Test set: Epoch: 270, Average loss: 0.00004472

min_loss: 4.112048797487256e-05
Epoch 271 begin

Test set: Epoch: 271, Average loss: 0.00004423

min_loss: 4.112048797487256e-05
Epoch 272 begin

Test set: Epoch: 272, Average loss: 0.00004403

min_loss: 4.112048797487256e-05
Epoch 273 begin

Test set: Epoch: 273, Average loss: 0.00004422

min_loss: 4.112048797487256e-05
Epoch 274 begin

Test set: Epoch: 274, Average loss: 0.00004443

min_loss: 4.112048797487256e-05
Epoch 275 begin

Test set: Epoch: 275, Average loss: 0.00004370

min_loss: 4.112048797487256e-05
Epoch 276 begin

Test set: Epoch: 276, Average loss: 0.00004509

min_loss: 4.112048797487256e-05
Epoch 277 begin

Test set: Epoch: 277, Average loss: 0.00004672

min_loss: 4.112048797487256e-05
Epoch 278 begin

Test set: Epoch: 278, Average loss: 0.00004329

min_loss: 4.112048797487256e-05
Epoch 279 begin

Test set: Epoch: 279, Average loss: 0.00004440

min_loss: 4.112048797487256e-05
Epoch 280 begin

Test set: Epoch: 280, Average loss: 0.00004498

min_loss: 4.112048797487256e-05
Epoch 281 begin

Test set: Epoch: 281, Average loss: 0.00004539

min_loss: 4.112048797487256e-05
Epoch 282 begin

Test set: Epoch: 282, Average loss: 0.00004534

min_loss: 4.112048797487256e-05
Epoch 283 begin

Test set: Epoch: 283, Average loss: 0.00004518

min_loss: 4.112048797487256e-05
Epoch 284 begin

Test set: Epoch: 284, Average loss: 0.00004497

min_loss: 4.112048797487256e-05
Epoch 285 begin

Test set: Epoch: 285, Average loss: 0.00004732

min_loss: 4.112048797487256e-05
Epoch 286 begin

Test set: Epoch: 286, Average loss: 0.00004545

min_loss: 4.112048797487256e-05
Epoch 287 begin

Test set: Epoch: 287, Average loss: 0.00004414

min_loss: 4.112048797487256e-05
Epoch 288 begin

Test set: Epoch: 288, Average loss: 0.00004477

min_loss: 4.112048797487256e-05
Epoch 289 begin

Test set: Epoch: 289, Average loss: 0.00004618

min_loss: 4.112048797487256e-05
Epoch 290 begin

Test set: Epoch: 290, Average loss: 0.00004445

min_loss: 4.112048797487256e-05
Epoch 291 begin

Test set: Epoch: 291, Average loss: 0.00004413

min_loss: 4.112048797487256e-05
Epoch 292 begin

Test set: Epoch: 292, Average loss: 0.00004450

min_loss: 4.112048797487256e-05
Epoch 293 begin

Test set: Epoch: 293, Average loss: 0.00004453

min_loss: 4.112048797487256e-05
Epoch 294 begin

Test set: Epoch: 294, Average loss: 0.00004433

min_loss: 4.112048797487256e-05
Epoch 295 begin

Test set: Epoch: 295, Average loss: 0.00004547

min_loss: 4.112048797487256e-05
Epoch 296 begin

Test set: Epoch: 296, Average loss: 0.00004441

min_loss: 4.112048797487256e-05
Epoch 297 begin

Test set: Epoch: 297, Average loss: 0.00004461

min_loss: 4.112048797487256e-05
Epoch 298 begin

Test set: Epoch: 298, Average loss: 0.00004733

min_loss: 4.112048797487256e-05
Epoch 299 begin

Test set: Epoch: 299, Average loss: 0.00004425

min_loss: 4.112048797487256e-05
Epoch 300 begin

Test set: Epoch: 300, Average loss: 0.00004289

min_loss: 4.112048797487256e-05
Epoch 301 begin

Test set: Epoch: 301, Average loss: 0.00004296

min_loss: 4.112048797487256e-05
Epoch 302 begin

Test set: Epoch: 302, Average loss: 0.00004322

min_loss: 4.112048797487256e-05
Epoch 303 begin

Test set: Epoch: 303, Average loss: 0.00004313

min_loss: 4.112048797487256e-05
Epoch 304 begin

Test set: Epoch: 304, Average loss: 0.00004344

min_loss: 4.112048797487256e-05
Epoch 305 begin

Test set: Epoch: 305, Average loss: 0.00004344

min_loss: 4.112048797487256e-05
Epoch 306 begin

Test set: Epoch: 306, Average loss: 0.00004355

min_loss: 4.112048797487256e-05
Epoch 307 begin

Test set: Epoch: 307, Average loss: 0.00004428

min_loss: 4.112048797487256e-05
Epoch 308 begin

Test set: Epoch: 308, Average loss: 0.00004359

min_loss: 4.112048797487256e-05
Epoch 309 begin

Test set: Epoch: 309, Average loss: 0.00004398

min_loss: 4.112048797487256e-05
Epoch 310 begin

Test set: Epoch: 310, Average loss: 0.00004388

min_loss: 4.112048797487256e-05
Epoch 311 begin

Test set: Epoch: 311, Average loss: 0.00004386

min_loss: 4.112048797487256e-05
Epoch 312 begin

Test set: Epoch: 312, Average loss: 0.00004402

min_loss: 4.112048797487256e-05
Epoch 313 begin

Test set: Epoch: 313, Average loss: 0.00004445

min_loss: 4.112048797487256e-05
Epoch 314 begin

Test set: Epoch: 314, Average loss: 0.00004408

min_loss: 4.112048797487256e-05
Epoch 315 begin

Test set: Epoch: 315, Average loss: 0.00004487

min_loss: 4.112048797487256e-05
Epoch 316 begin

Test set: Epoch: 316, Average loss: 0.00004470

min_loss: 4.112048797487256e-05
Epoch 317 begin

Test set: Epoch: 317, Average loss: 0.00004467

min_loss: 4.112048797487256e-05
Epoch 318 begin

Test set: Epoch: 318, Average loss: 0.00004479

min_loss: 4.112048797487256e-05
Epoch 319 begin

Test set: Epoch: 319, Average loss: 0.00004454

min_loss: 4.112048797487256e-05
Epoch 320 begin

Test set: Epoch: 320, Average loss: 0.00004444

min_loss: 4.112048797487256e-05
Epoch 321 begin

Test set: Epoch: 321, Average loss: 0.00004458

min_loss: 4.112048797487256e-05
Epoch 322 begin

Test set: Epoch: 322, Average loss: 0.00004453

min_loss: 4.112048797487256e-05
Epoch 323 begin

Test set: Epoch: 323, Average loss: 0.00004477

min_loss: 4.112048797487256e-05
Epoch 324 begin

Test set: Epoch: 324, Average loss: 0.00004512

min_loss: 4.112048797487256e-05
Epoch 325 begin

Test set: Epoch: 325, Average loss: 0.00004460

min_loss: 4.112048797487256e-05
Epoch 326 begin

Test set: Epoch: 326, Average loss: 0.00004506

min_loss: 4.112048797487256e-05
Epoch 327 begin

Test set: Epoch: 327, Average loss: 0.00004494

min_loss: 4.112048797487256e-05
Epoch 328 begin

Test set: Epoch: 328, Average loss: 0.00004539

min_loss: 4.112048797487256e-05
Epoch 329 begin

Test set: Epoch: 329, Average loss: 0.00004462

min_loss: 4.112048797487256e-05
Epoch 330 begin

Test set: Epoch: 330, Average loss: 0.00004536

min_loss: 4.112048797487256e-05
Epoch 331 begin

Test set: Epoch: 331, Average loss: 0.00004500

min_loss: 4.112048797487256e-05
Epoch 332 begin

Test set: Epoch: 332, Average loss: 0.00004562

min_loss: 4.112048797487256e-05
Epoch 333 begin

Test set: Epoch: 333, Average loss: 0.00004533

min_loss: 4.112048797487256e-05
Epoch 334 begin

Test set: Epoch: 334, Average loss: 0.00004555

min_loss: 4.112048797487256e-05
Epoch 335 begin

Test set: Epoch: 335, Average loss: 0.00004550

min_loss: 4.112048797487256e-05
Epoch 336 begin

Test set: Epoch: 336, Average loss: 0.00004533

min_loss: 4.112048797487256e-05
Epoch 337 begin

Test set: Epoch: 337, Average loss: 0.00004556

min_loss: 4.112048797487256e-05
Epoch 338 begin

Test set: Epoch: 338, Average loss: 0.00004557

min_loss: 4.112048797487256e-05
Epoch 339 begin

Test set: Epoch: 339, Average loss: 0.00004579

min_loss: 4.112048797487256e-05
Epoch 340 begin

Test set: Epoch: 340, Average loss: 0.00004554

min_loss: 4.112048797487256e-05
Epoch 341 begin

Test set: Epoch: 341, Average loss: 0.00004575

min_loss: 4.112048797487256e-05
Epoch 342 begin

Test set: Epoch: 342, Average loss: 0.00004575

min_loss: 4.112048797487256e-05
Epoch 343 begin

Test set: Epoch: 343, Average loss: 0.00004605

min_loss: 4.112048797487256e-05
Epoch 344 begin

Test set: Epoch: 344, Average loss: 0.00004592

min_loss: 4.112048797487256e-05
Epoch 345 begin

Test set: Epoch: 345, Average loss: 0.00004587

min_loss: 4.112048797487256e-05
Epoch 346 begin

Test set: Epoch: 346, Average loss: 0.00004602

min_loss: 4.112048797487256e-05
Epoch 347 begin

Test set: Epoch: 347, Average loss: 0.00004613

min_loss: 4.112048797487256e-05
Epoch 348 begin

Test set: Epoch: 348, Average loss: 0.00004603

min_loss: 4.112048797487256e-05
Epoch 349 begin

Test set: Epoch: 349, Average loss: 0.00004606

min_loss: 4.112048797487256e-05
Epoch 350 begin

Test set: Epoch: 350, Average loss: 0.00004636

min_loss: 4.112048797487256e-05
Epoch 351 begin

Test set: Epoch: 351, Average loss: 0.00004631

min_loss: 4.112048797487256e-05
Epoch 352 begin

Test set: Epoch: 352, Average loss: 0.00004642

min_loss: 4.112048797487256e-05
Epoch 353 begin

Test set: Epoch: 353, Average loss: 0.00004638

min_loss: 4.112048797487256e-05
Epoch 354 begin

Test set: Epoch: 354, Average loss: 0.00004674

min_loss: 4.112048797487256e-05
Epoch 355 begin

Test set: Epoch: 355, Average loss: 0.00004621

min_loss: 4.112048797487256e-05
Epoch 356 begin

Test set: Epoch: 356, Average loss: 0.00004630

min_loss: 4.112048797487256e-05
Epoch 357 begin

Test set: Epoch: 357, Average loss: 0.00004643

min_loss: 4.112048797487256e-05
Epoch 358 begin

Test set: Epoch: 358, Average loss: 0.00004652

min_loss: 4.112048797487256e-05
Epoch 359 begin

Test set: Epoch: 359, Average loss: 0.00004681

min_loss: 4.112048797487256e-05
Epoch 360 begin

Test set: Epoch: 360, Average loss: 0.00004692

min_loss: 4.112048797487256e-05
Epoch 361 begin

Test set: Epoch: 361, Average loss: 0.00004673

min_loss: 4.112048797487256e-05
Epoch 362 begin

Test set: Epoch: 362, Average loss: 0.00004657

min_loss: 4.112048797487256e-05
Epoch 363 begin

Test set: Epoch: 363, Average loss: 0.00004681

min_loss: 4.112048797487256e-05
Epoch 364 begin

Test set: Epoch: 364, Average loss: 0.00004688

min_loss: 4.112048797487256e-05
Epoch 365 begin

Test set: Epoch: 365, Average loss: 0.00004686

min_loss: 4.112048797487256e-05
Epoch 366 begin

Test set: Epoch: 366, Average loss: 0.00004667

min_loss: 4.112048797487256e-05
Epoch 367 begin

Test set: Epoch: 367, Average loss: 0.00004700

min_loss: 4.112048797487256e-05
Epoch 368 begin

Test set: Epoch: 368, Average loss: 0.00004718

min_loss: 4.112048797487256e-05
Epoch 369 begin

Test set: Epoch: 369, Average loss: 0.00004683

min_loss: 4.112048797487256e-05
Epoch 370 begin

Test set: Epoch: 370, Average loss: 0.00004701

min_loss: 4.112048797487256e-05
Epoch 371 begin

Test set: Epoch: 371, Average loss: 0.00004701

min_loss: 4.112048797487256e-05
Epoch 372 begin

Test set: Epoch: 372, Average loss: 0.00004709

min_loss: 4.112048797487256e-05
Epoch 373 begin

Test set: Epoch: 373, Average loss: 0.00004701

min_loss: 4.112048797487256e-05
Epoch 374 begin

Test set: Epoch: 374, Average loss: 0.00004734

min_loss: 4.112048797487256e-05
Epoch 375 begin

Test set: Epoch: 375, Average loss: 0.00004742

min_loss: 4.112048797487256e-05
Epoch 376 begin

Test set: Epoch: 376, Average loss: 0.00004744

min_loss: 4.112048797487256e-05
Epoch 377 begin

Test set: Epoch: 377, Average loss: 0.00004709

min_loss: 4.112048797487256e-05
Epoch 378 begin

Test set: Epoch: 378, Average loss: 0.00004720

min_loss: 4.112048797487256e-05
Epoch 379 begin

Test set: Epoch: 379, Average loss: 0.00004743

min_loss: 4.112048797487256e-05
Epoch 380 begin

Test set: Epoch: 380, Average loss: 0.00004715

min_loss: 4.112048797487256e-05
Epoch 381 begin

Test set: Epoch: 381, Average loss: 0.00004719

min_loss: 4.112048797487256e-05
Epoch 382 begin

Test set: Epoch: 382, Average loss: 0.00004779

min_loss: 4.112048797487256e-05
Epoch 383 begin

Test set: Epoch: 383, Average loss: 0.00004742

min_loss: 4.112048797487256e-05
Epoch 384 begin

Test set: Epoch: 384, Average loss: 0.00004735

min_loss: 4.112048797487256e-05
Epoch 385 begin

Test set: Epoch: 385, Average loss: 0.00004739

min_loss: 4.112048797487256e-05
Epoch 386 begin

Test set: Epoch: 386, Average loss: 0.00004775

min_loss: 4.112048797487256e-05
Epoch 387 begin

Test set: Epoch: 387, Average loss: 0.00004762

min_loss: 4.112048797487256e-05
Epoch 388 begin

Test set: Epoch: 388, Average loss: 0.00004747

min_loss: 4.112048797487256e-05
Epoch 389 begin

Test set: Epoch: 389, Average loss: 0.00004759

min_loss: 4.112048797487256e-05
Epoch 390 begin

Test set: Epoch: 390, Average loss: 0.00004738

min_loss: 4.112048797487256e-05
Epoch 391 begin

Test set: Epoch: 391, Average loss: 0.00004756

min_loss: 4.112048797487256e-05
Epoch 392 begin

Test set: Epoch: 392, Average loss: 0.00004785

min_loss: 4.112048797487256e-05
Epoch 393 begin

Test set: Epoch: 393, Average loss: 0.00004792

min_loss: 4.112048797487256e-05
Epoch 394 begin

Test set: Epoch: 394, Average loss: 0.00004763

min_loss: 4.112048797487256e-05
Epoch 395 begin

Test set: Epoch: 395, Average loss: 0.00004826

min_loss: 4.112048797487256e-05
Epoch 396 begin

Test set: Epoch: 396, Average loss: 0.00004771

min_loss: 4.112048797487256e-05
Epoch 397 begin

Test set: Epoch: 397, Average loss: 0.00004756

min_loss: 4.112048797487256e-05
Epoch 398 begin

Test set: Epoch: 398, Average loss: 0.00004815

min_loss: 4.112048797487256e-05
Epoch 399 begin

Test set: Epoch: 399, Average loss: 0.00004814

min_loss: 4.112048797487256e-05
Epoch 400 begin

Test set: Epoch: 400, Average loss: 0.00004831

min_loss: 4.112048797487256e-05
Epoch 401 begin

Test set: Epoch: 401, Average loss: 0.00004804

min_loss: 4.112048797487256e-05
Epoch 402 begin

Test set: Epoch: 402, Average loss: 0.00004845

min_loss: 4.112048797487256e-05
Epoch 403 begin

Test set: Epoch: 403, Average loss: 0.00004791

min_loss: 4.112048797487256e-05
Epoch 404 begin

Test set: Epoch: 404, Average loss: 0.00004823

min_loss: 4.112048797487256e-05
Epoch 405 begin

Test set: Epoch: 405, Average loss: 0.00004825

min_loss: 4.112048797487256e-05
Epoch 406 begin

Test set: Epoch: 406, Average loss: 0.00004822

min_loss: 4.112048797487256e-05
Epoch 407 begin

Test set: Epoch: 407, Average loss: 0.00004792

min_loss: 4.112048797487256e-05
Epoch 408 begin

Test set: Epoch: 408, Average loss: 0.00004819

min_loss: 4.112048797487256e-05
Epoch 409 begin

Test set: Epoch: 409, Average loss: 0.00004806

min_loss: 4.112048797487256e-05
Epoch 410 begin

Test set: Epoch: 410, Average loss: 0.00004829

min_loss: 4.112048797487256e-05
Epoch 411 begin

Test set: Epoch: 411, Average loss: 0.00004822

min_loss: 4.112048797487256e-05
Epoch 412 begin

Test set: Epoch: 412, Average loss: 0.00004848

min_loss: 4.112048797487256e-05
Epoch 413 begin

Test set: Epoch: 413, Average loss: 0.00004885

min_loss: 4.112048797487256e-05
Epoch 414 begin

Test set: Epoch: 414, Average loss: 0.00004826

min_loss: 4.112048797487256e-05
Epoch 415 begin

Test set: Epoch: 415, Average loss: 0.00004819

min_loss: 4.112048797487256e-05
Epoch 416 begin

Test set: Epoch: 416, Average loss: 0.00004844

min_loss: 4.112048797487256e-05
Epoch 417 begin

Test set: Epoch: 417, Average loss: 0.00004868

min_loss: 4.112048797487256e-05
Epoch 418 begin

Test set: Epoch: 418, Average loss: 0.00004870

min_loss: 4.112048797487256e-05
Epoch 419 begin

Test set: Epoch: 419, Average loss: 0.00004832

min_loss: 4.112048797487256e-05
Epoch 420 begin

Test set: Epoch: 420, Average loss: 0.00004866

min_loss: 4.112048797487256e-05
Epoch 421 begin

Test set: Epoch: 421, Average loss: 0.00004863

min_loss: 4.112048797487256e-05
Epoch 422 begin

Test set: Epoch: 422, Average loss: 0.00004865

min_loss: 4.112048797487256e-05
Epoch 423 begin

Test set: Epoch: 423, Average loss: 0.00004816

min_loss: 4.112048797487256e-05
Epoch 424 begin

Test set: Epoch: 424, Average loss: 0.00004829

min_loss: 4.112048797487256e-05
Epoch 425 begin

Test set: Epoch: 425, Average loss: 0.00004889

min_loss: 4.112048797487256e-05
Epoch 426 begin

Test set: Epoch: 426, Average loss: 0.00004885

min_loss: 4.112048797487256e-05
Epoch 427 begin

Test set: Epoch: 427, Average loss: 0.00004831

min_loss: 4.112048797487256e-05
Epoch 428 begin

Test set: Epoch: 428, Average loss: 0.00004890

min_loss: 4.112048797487256e-05
Epoch 429 begin

Test set: Epoch: 429, Average loss: 0.00004840

min_loss: 4.112048797487256e-05
Epoch 430 begin

Test set: Epoch: 430, Average loss: 0.00004875

min_loss: 4.112048797487256e-05
Epoch 431 begin

Test set: Epoch: 431, Average loss: 0.00004855

min_loss: 4.112048797487256e-05
Epoch 432 begin

Test set: Epoch: 432, Average loss: 0.00004850

min_loss: 4.112048797487256e-05
Epoch 433 begin

Test set: Epoch: 433, Average loss: 0.00004882

min_loss: 4.112048797487256e-05
Epoch 434 begin

Test set: Epoch: 434, Average loss: 0.00004921

min_loss: 4.112048797487256e-05
Epoch 435 begin

Test set: Epoch: 435, Average loss: 0.00004894

min_loss: 4.112048797487256e-05
Epoch 436 begin

Test set: Epoch: 436, Average loss: 0.00004875

min_loss: 4.112048797487256e-05
Epoch 437 begin

Test set: Epoch: 437, Average loss: 0.00004875

min_loss: 4.112048797487256e-05
Epoch 438 begin

Test set: Epoch: 438, Average loss: 0.00004893

min_loss: 4.112048797487256e-05
Epoch 439 begin

Test set: Epoch: 439, Average loss: 0.00004865

min_loss: 4.112048797487256e-05
Epoch 440 begin

Test set: Epoch: 440, Average loss: 0.00004936

min_loss: 4.112048797487256e-05
Epoch 441 begin

Test set: Epoch: 441, Average loss: 0.00004892

min_loss: 4.112048797487256e-05
Epoch 442 begin

Test set: Epoch: 442, Average loss: 0.00004917

min_loss: 4.112048797487256e-05
Epoch 443 begin

Test set: Epoch: 443, Average loss: 0.00004925

min_loss: 4.112048797487256e-05
Epoch 444 begin

Test set: Epoch: 444, Average loss: 0.00004908

min_loss: 4.112048797487256e-05
Epoch 445 begin

Test set: Epoch: 445, Average loss: 0.00004894

min_loss: 4.112048797487256e-05
Epoch 446 begin

Test set: Epoch: 446, Average loss: 0.00004885

min_loss: 4.112048797487256e-05
Epoch 447 begin

Test set: Epoch: 447, Average loss: 0.00004915

min_loss: 4.112048797487256e-05
Epoch 448 begin

Test set: Epoch: 448, Average loss: 0.00004911

min_loss: 4.112048797487256e-05
Epoch 449 begin

Test set: Epoch: 449, Average loss: 0.00004880

min_loss: 4.112048797487256e-05
Epoch 450 begin

Test set: Epoch: 450, Average loss: 0.00004932

min_loss: 4.112048797487256e-05
Epoch 451 begin

Test set: Epoch: 451, Average loss: 0.00004884

min_loss: 4.112048797487256e-05
Epoch 452 begin

Test set: Epoch: 452, Average loss: 0.00004890

min_loss: 4.112048797487256e-05
Epoch 453 begin

Test set: Epoch: 453, Average loss: 0.00004914

min_loss: 4.112048797487256e-05
Epoch 454 begin

Test set: Epoch: 454, Average loss: 0.00004922

min_loss: 4.112048797487256e-05
Epoch 455 begin

Test set: Epoch: 455, Average loss: 0.00004928

min_loss: 4.112048797487256e-05
Epoch 456 begin

Test set: Epoch: 456, Average loss: 0.00004952

min_loss: 4.112048797487256e-05
Epoch 457 begin

Test set: Epoch: 457, Average loss: 0.00004898

min_loss: 4.112048797487256e-05
Epoch 458 begin

Test set: Epoch: 458, Average loss: 0.00004936

min_loss: 4.112048797487256e-05
Epoch 459 begin

Test set: Epoch: 459, Average loss: 0.00004946

min_loss: 4.112048797487256e-05
Epoch 460 begin

Test set: Epoch: 460, Average loss: 0.00004987

min_loss: 4.112048797487256e-05
Epoch 461 begin

Test set: Epoch: 461, Average loss: 0.00004901

min_loss: 4.112048797487256e-05
Epoch 462 begin

Test set: Epoch: 462, Average loss: 0.00004946

min_loss: 4.112048797487256e-05
Epoch 463 begin

Test set: Epoch: 463, Average loss: 0.00004944

min_loss: 4.112048797487256e-05
Epoch 464 begin

Test set: Epoch: 464, Average loss: 0.00004943

min_loss: 4.112048797487256e-05
Epoch 465 begin

Test set: Epoch: 465, Average loss: 0.00004928

min_loss: 4.112048797487256e-05
Epoch 466 begin

Test set: Epoch: 466, Average loss: 0.00004936

min_loss: 4.112048797487256e-05
Epoch 467 begin

Test set: Epoch: 467, Average loss: 0.00004935

min_loss: 4.112048797487256e-05
Epoch 468 begin

Test set: Epoch: 468, Average loss: 0.00004952

min_loss: 4.112048797487256e-05
Epoch 469 begin

Test set: Epoch: 469, Average loss: 0.00004962

min_loss: 4.112048797487256e-05
Epoch 470 begin

Test set: Epoch: 470, Average loss: 0.00004933

min_loss: 4.112048797487256e-05
Epoch 471 begin

Test set: Epoch: 471, Average loss: 0.00004980

min_loss: 4.112048797487256e-05
Epoch 472 begin

Test set: Epoch: 472, Average loss: 0.00004925

min_loss: 4.112048797487256e-05
Epoch 473 begin

Test set: Epoch: 473, Average loss: 0.00004969

min_loss: 4.112048797487256e-05
Epoch 474 begin

Test set: Epoch: 474, Average loss: 0.00004981

min_loss: 4.112048797487256e-05
Epoch 475 begin

Test set: Epoch: 475, Average loss: 0.00004960

min_loss: 4.112048797487256e-05
Epoch 476 begin

Test set: Epoch: 476, Average loss: 0.00004987

min_loss: 4.112048797487256e-05
Epoch 477 begin

Test set: Epoch: 477, Average loss: 0.00004955

min_loss: 4.112048797487256e-05
Epoch 478 begin

Test set: Epoch: 478, Average loss: 0.00004982

min_loss: 4.112048797487256e-05
Epoch 479 begin

Test set: Epoch: 479, Average loss: 0.00005023

min_loss: 4.112048797487256e-05
Epoch 480 begin

Test set: Epoch: 480, Average loss: 0.00004971

min_loss: 4.112048797487256e-05
Epoch 481 begin

Test set: Epoch: 481, Average loss: 0.00004992

min_loss: 4.112048797487256e-05
Epoch 482 begin

Test set: Epoch: 482, Average loss: 0.00005029

min_loss: 4.112048797487256e-05
Epoch 483 begin

Test set: Epoch: 483, Average loss: 0.00004964

min_loss: 4.112048797487256e-05
Epoch 484 begin

Test set: Epoch: 484, Average loss: 0.00005035

min_loss: 4.112048797487256e-05
Epoch 485 begin

Test set: Epoch: 485, Average loss: 0.00005000

min_loss: 4.112048797487256e-05
Epoch 486 begin

Test set: Epoch: 486, Average loss: 0.00004987

min_loss: 4.112048797487256e-05
Epoch 487 begin

Test set: Epoch: 487, Average loss: 0.00004955

min_loss: 4.112048797487256e-05
Epoch 488 begin

Test set: Epoch: 488, Average loss: 0.00004972

min_loss: 4.112048797487256e-05
Epoch 489 begin

Test set: Epoch: 489, Average loss: 0.00005043

min_loss: 4.112048797487256e-05
Epoch 490 begin

Test set: Epoch: 490, Average loss: 0.00004979

min_loss: 4.112048797487256e-05
Epoch 491 begin

Test set: Epoch: 491, Average loss: 0.00004999

min_loss: 4.112048797487256e-05
Epoch 492 begin

Test set: Epoch: 492, Average loss: 0.00005010

min_loss: 4.112048797487256e-05
Epoch 493 begin

Test set: Epoch: 493, Average loss: 0.00004979

min_loss: 4.112048797487256e-05
Epoch 494 begin

Test set: Epoch: 494, Average loss: 0.00004985

min_loss: 4.112048797487256e-05
Epoch 495 begin

Test set: Epoch: 495, Average loss: 0.00005014

min_loss: 4.112048797487256e-05
Epoch 496 begin

Test set: Epoch: 496, Average loss: 0.00005068

min_loss: 4.112048797487256e-05
Epoch 497 begin

Test set: Epoch: 497, Average loss: 0.00005020

min_loss: 4.112048797487256e-05
Epoch 498 begin

Test set: Epoch: 498, Average loss: 0.00004998

min_loss: 4.112048797487256e-05
Epoch 499 begin

Test set: Epoch: 499, Average loss: 0.00005002

min_loss: 4.112048797487256e-05
Epoch 500 begin

Test set: Epoch: 500, Average loss: 0.00005008

min_loss: 4.112048797487256e-05
Epoch 501 begin

Test set: Epoch: 501, Average loss: 0.00004989

min_loss: 4.112048797487256e-05
Epoch 502 begin

Test set: Epoch: 502, Average loss: 0.00005056

min_loss: 4.112048797487256e-05
Epoch 503 begin

Test set: Epoch: 503, Average loss: 0.00005003

min_loss: 4.112048797487256e-05
Epoch 504 begin

Test set: Epoch: 504, Average loss: 0.00005006

min_loss: 4.112048797487256e-05
Epoch 505 begin

Test set: Epoch: 505, Average loss: 0.00005014

min_loss: 4.112048797487256e-05
Epoch 506 begin

Test set: Epoch: 506, Average loss: 0.00005029

min_loss: 4.112048797487256e-05
Epoch 507 begin

Test set: Epoch: 507, Average loss: 0.00005034

min_loss: 4.112048797487256e-05
Epoch 508 begin

Test set: Epoch: 508, Average loss: 0.00004987

min_loss: 4.112048797487256e-05
Epoch 509 begin

Test set: Epoch: 509, Average loss: 0.00005024

min_loss: 4.112048797487256e-05
Epoch 510 begin

Test set: Epoch: 510, Average loss: 0.00005054

min_loss: 4.112048797487256e-05
Epoch 511 begin

Test set: Epoch: 511, Average loss: 0.00005009

min_loss: 4.112048797487256e-05
Epoch 512 begin

Test set: Epoch: 512, Average loss: 0.00005050

min_loss: 4.112048797487256e-05
Epoch 513 begin

Test set: Epoch: 513, Average loss: 0.00005051

min_loss: 4.112048797487256e-05
Epoch 514 begin

Test set: Epoch: 514, Average loss: 0.00005049

min_loss: 4.112048797487256e-05
Epoch 515 begin

Test set: Epoch: 515, Average loss: 0.00005036

min_loss: 4.112048797487256e-05
Epoch 516 begin

Test set: Epoch: 516, Average loss: 0.00005035

min_loss: 4.112048797487256e-05
Epoch 517 begin

Test set: Epoch: 517, Average loss: 0.00005057

min_loss: 4.112048797487256e-05
Epoch 518 begin

Test set: Epoch: 518, Average loss: 0.00005024

min_loss: 4.112048797487256e-05
Epoch 519 begin

Test set: Epoch: 519, Average loss: 0.00005077

min_loss: 4.112048797487256e-05
Epoch 520 begin

Test set: Epoch: 520, Average loss: 0.00005075

min_loss: 4.112048797487256e-05
Epoch 521 begin

Test set: Epoch: 521, Average loss: 0.00005093

min_loss: 4.112048797487256e-05
Epoch 522 begin

Test set: Epoch: 522, Average loss: 0.00005036

min_loss: 4.112048797487256e-05
Epoch 523 begin

Test set: Epoch: 523, Average loss: 0.00005120

min_loss: 4.112048797487256e-05
Epoch 524 begin

Test set: Epoch: 524, Average loss: 0.00005044

min_loss: 4.112048797487256e-05
Epoch 525 begin

Test set: Epoch: 525, Average loss: 0.00005044

min_loss: 4.112048797487256e-05
Epoch 526 begin

Test set: Epoch: 526, Average loss: 0.00005065

min_loss: 4.112048797487256e-05
Epoch 527 begin

Test set: Epoch: 527, Average loss: 0.00005047

min_loss: 4.112048797487256e-05
Epoch 528 begin

Test set: Epoch: 528, Average loss: 0.00005039

min_loss: 4.112048797487256e-05
Epoch 529 begin

Test set: Epoch: 529, Average loss: 0.00005103

min_loss: 4.112048797487256e-05
Epoch 530 begin

Test set: Epoch: 530, Average loss: 0.00005042

min_loss: 4.112048797487256e-05
Epoch 531 begin

Test set: Epoch: 531, Average loss: 0.00005052

min_loss: 4.112048797487256e-05
Epoch 532 begin

Test set: Epoch: 532, Average loss: 0.00005044

min_loss: 4.112048797487256e-05
Epoch 533 begin

Test set: Epoch: 533, Average loss: 0.00005026

min_loss: 4.112048797487256e-05
Epoch 534 begin

Test set: Epoch: 534, Average loss: 0.00005063

min_loss: 4.112048797487256e-05
Epoch 535 begin

Test set: Epoch: 535, Average loss: 0.00005066

min_loss: 4.112048797487256e-05
Epoch 536 begin

Test set: Epoch: 536, Average loss: 0.00005046

min_loss: 4.112048797487256e-05
Epoch 537 begin

Test set: Epoch: 537, Average loss: 0.00005040

min_loss: 4.112048797487256e-05
Epoch 538 begin

Test set: Epoch: 538, Average loss: 0.00005077

min_loss: 4.112048797487256e-05
Epoch 539 begin

Test set: Epoch: 539, Average loss: 0.00005093

min_loss: 4.112048797487256e-05
Epoch 540 begin

Test set: Epoch: 540, Average loss: 0.00005100

min_loss: 4.112048797487256e-05
Epoch 541 begin

Test set: Epoch: 541, Average loss: 0.00005062

min_loss: 4.112048797487256e-05
Epoch 542 begin

Test set: Epoch: 542, Average loss: 0.00005085

min_loss: 4.112048797487256e-05
Epoch 543 begin

Test set: Epoch: 543, Average loss: 0.00005126

min_loss: 4.112048797487256e-05
Epoch 544 begin

Test set: Epoch: 544, Average loss: 0.00005100

min_loss: 4.112048797487256e-05
Epoch 545 begin

Test set: Epoch: 545, Average loss: 0.00005058

min_loss: 4.112048797487256e-05
Epoch 546 begin

Test set: Epoch: 546, Average loss: 0.00005060

min_loss: 4.112048797487256e-05
Epoch 547 begin

Test set: Epoch: 547, Average loss: 0.00005116

min_loss: 4.112048797487256e-05
Epoch 548 begin

Test set: Epoch: 548, Average loss: 0.00005140

min_loss: 4.112048797487256e-05
Epoch 549 begin

Test set: Epoch: 549, Average loss: 0.00005102

min_loss: 4.112048797487256e-05
Epoch 550 begin

Test set: Epoch: 550, Average loss: 0.00005116

min_loss: 4.112048797487256e-05
Epoch 551 begin

Test set: Epoch: 551, Average loss: 0.00005093

min_loss: 4.112048797487256e-05
Epoch 552 begin

Test set: Epoch: 552, Average loss: 0.00005081

min_loss: 4.112048797487256e-05
Epoch 553 begin

Test set: Epoch: 553, Average loss: 0.00005063

min_loss: 4.112048797487256e-05
Epoch 554 begin

Test set: Epoch: 554, Average loss: 0.00005058

min_loss: 4.112048797487256e-05
Epoch 555 begin

Test set: Epoch: 555, Average loss: 0.00005099

min_loss: 4.112048797487256e-05
Epoch 556 begin

Test set: Epoch: 556, Average loss: 0.00005111

min_loss: 4.112048797487256e-05
Epoch 557 begin

Test set: Epoch: 557, Average loss: 0.00005075

min_loss: 4.112048797487256e-05
Epoch 558 begin

Test set: Epoch: 558, Average loss: 0.00005147

min_loss: 4.112048797487256e-05
Epoch 559 begin

Test set: Epoch: 559, Average loss: 0.00005085

min_loss: 4.112048797487256e-05
Epoch 560 begin

Test set: Epoch: 560, Average loss: 0.00005076

min_loss: 4.112048797487256e-05
Epoch 561 begin

Test set: Epoch: 561, Average loss: 0.00005097

min_loss: 4.112048797487256e-05
Epoch 562 begin

Test set: Epoch: 562, Average loss: 0.00005137

min_loss: 4.112048797487256e-05
Epoch 563 begin

Test set: Epoch: 563, Average loss: 0.00005130

min_loss: 4.112048797487256e-05
Epoch 564 begin

Test set: Epoch: 564, Average loss: 0.00005079

min_loss: 4.112048797487256e-05
Epoch 565 begin

Test set: Epoch: 565, Average loss: 0.00005089

min_loss: 4.112048797487256e-05
Epoch 566 begin

Test set: Epoch: 566, Average loss: 0.00005125

min_loss: 4.112048797487256e-05
Epoch 567 begin

Test set: Epoch: 567, Average loss: 0.00005109

min_loss: 4.112048797487256e-05
Epoch 568 begin

Test set: Epoch: 568, Average loss: 0.00005155

min_loss: 4.112048797487256e-05
Epoch 569 begin

Test set: Epoch: 569, Average loss: 0.00005120

min_loss: 4.112048797487256e-05
Epoch 570 begin

Test set: Epoch: 570, Average loss: 0.00005097

min_loss: 4.112048797487256e-05
Epoch 571 begin

Test set: Epoch: 571, Average loss: 0.00005111

min_loss: 4.112048797487256e-05
Epoch 572 begin

Test set: Epoch: 572, Average loss: 0.00005144

min_loss: 4.112048797487256e-05
Epoch 573 begin

Test set: Epoch: 573, Average loss: 0.00005085

min_loss: 4.112048797487256e-05
Epoch 574 begin

Test set: Epoch: 574, Average loss: 0.00005134

min_loss: 4.112048797487256e-05
Epoch 575 begin

Test set: Epoch: 575, Average loss: 0.00005133

min_loss: 4.112048797487256e-05
Epoch 576 begin

Test set: Epoch: 576, Average loss: 0.00005094

min_loss: 4.112048797487256e-05
Epoch 577 begin

Test set: Epoch: 577, Average loss: 0.00005097

min_loss: 4.112048797487256e-05
Epoch 578 begin

Test set: Epoch: 578, Average loss: 0.00005120

min_loss: 4.112048797487256e-05
Epoch 579 begin

Test set: Epoch: 579, Average loss: 0.00005126

min_loss: 4.112048797487256e-05
Epoch 580 begin

Test set: Epoch: 580, Average loss: 0.00005091

min_loss: 4.112048797487256e-05
Epoch 581 begin

Test set: Epoch: 581, Average loss: 0.00005156

min_loss: 4.112048797487256e-05
Epoch 582 begin

Test set: Epoch: 582, Average loss: 0.00005155

min_loss: 4.112048797487256e-05
Epoch 583 begin

Test set: Epoch: 583, Average loss: 0.00005155

min_loss: 4.112048797487256e-05
Epoch 584 begin

Test set: Epoch: 584, Average loss: 0.00005115

min_loss: 4.112048797487256e-05
Epoch 585 begin

Test set: Epoch: 585, Average loss: 0.00005128

min_loss: 4.112048797487256e-05
Epoch 586 begin

Test set: Epoch: 586, Average loss: 0.00005114

min_loss: 4.112048797487256e-05
Epoch 587 begin

Test set: Epoch: 587, Average loss: 0.00005122

min_loss: 4.112048797487256e-05
Epoch 588 begin

Test set: Epoch: 588, Average loss: 0.00005147

min_loss: 4.112048797487256e-05
Epoch 589 begin

Test set: Epoch: 589, Average loss: 0.00005210

min_loss: 4.112048797487256e-05
Epoch 590 begin

Test set: Epoch: 590, Average loss: 0.00005115

min_loss: 4.112048797487256e-05
Epoch 591 begin

Test set: Epoch: 591, Average loss: 0.00005110

min_loss: 4.112048797487256e-05
Epoch 592 begin

Test set: Epoch: 592, Average loss: 0.00005097

min_loss: 4.112048797487256e-05
Epoch 593 begin

Test set: Epoch: 593, Average loss: 0.00005122

min_loss: 4.112048797487256e-05
Epoch 594 begin

Test set: Epoch: 594, Average loss: 0.00005127

min_loss: 4.112048797487256e-05
Epoch 595 begin

Test set: Epoch: 595, Average loss: 0.00005187

min_loss: 4.112048797487256e-05
Epoch 596 begin

Test set: Epoch: 596, Average loss: 0.00005161

min_loss: 4.112048797487256e-05
Epoch 597 begin

Test set: Epoch: 597, Average loss: 0.00005160

min_loss: 4.112048797487256e-05
Epoch 598 begin

Test set: Epoch: 598, Average loss: 0.00005137

min_loss: 4.112048797487256e-05
Epoch 599 begin

Test set: Epoch: 599, Average loss: 0.00005138

min_loss: 4.112048797487256e-05
Epoch 600 begin

Test set: Epoch: 600, Average loss: 0.00005150

min_loss: 4.112048797487256e-05
Epoch 601 begin

Test set: Epoch: 601, Average loss: 0.00005144

min_loss: 4.112048797487256e-05
Epoch 602 begin

Test set: Epoch: 602, Average loss: 0.00005152

min_loss: 4.112048797487256e-05
Epoch 603 begin

Test set: Epoch: 603, Average loss: 0.00005167

min_loss: 4.112048797487256e-05
Epoch 604 begin

Test set: Epoch: 604, Average loss: 0.00005161

min_loss: 4.112048797487256e-05
Epoch 605 begin

Test set: Epoch: 605, Average loss: 0.00005161

min_loss: 4.112048797487256e-05
Epoch 606 begin

Test set: Epoch: 606, Average loss: 0.00005174

min_loss: 4.112048797487256e-05
Epoch 607 begin

Test set: Epoch: 607, Average loss: 0.00005167

min_loss: 4.112048797487256e-05
Epoch 608 begin

Test set: Epoch: 608, Average loss: 0.00005170

min_loss: 4.112048797487256e-05
Epoch 609 begin

Test set: Epoch: 609, Average loss: 0.00005179

min_loss: 4.112048797487256e-05
Epoch 610 begin

Test set: Epoch: 610, Average loss: 0.00005184

min_loss: 4.112048797487256e-05
Epoch 611 begin

Test set: Epoch: 611, Average loss: 0.00005176

min_loss: 4.112048797487256e-05
Epoch 612 begin

Test set: Epoch: 612, Average loss: 0.00005187

min_loss: 4.112048797487256e-05
Epoch 613 begin

Test set: Epoch: 613, Average loss: 0.00005187

min_loss: 4.112048797487256e-05
Epoch 614 begin

Test set: Epoch: 614, Average loss: 0.00005199

min_loss: 4.112048797487256e-05
Epoch 615 begin

Test set: Epoch: 615, Average loss: 0.00005199

min_loss: 4.112048797487256e-05
Epoch 616 begin

Test set: Epoch: 616, Average loss: 0.00005201

min_loss: 4.112048797487256e-05
Epoch 617 begin

Test set: Epoch: 617, Average loss: 0.00005203

min_loss: 4.112048797487256e-05
Epoch 618 begin

Test set: Epoch: 618, Average loss: 0.00005197

min_loss: 4.112048797487256e-05
Epoch 619 begin

Test set: Epoch: 619, Average loss: 0.00005205

min_loss: 4.112048797487256e-05
Epoch 620 begin

Test set: Epoch: 620, Average loss: 0.00005190

min_loss: 4.112048797487256e-05
Epoch 621 begin

Test set: Epoch: 621, Average loss: 0.00005209

min_loss: 4.112048797487256e-05
Epoch 622 begin

Test set: Epoch: 622, Average loss: 0.00005221

min_loss: 4.112048797487256e-05
Epoch 623 begin

Test set: Epoch: 623, Average loss: 0.00005208

min_loss: 4.112048797487256e-05
Epoch 624 begin

Test set: Epoch: 624, Average loss: 0.00005220

min_loss: 4.112048797487256e-05
Epoch 625 begin

Test set: Epoch: 625, Average loss: 0.00005212

min_loss: 4.112048797487256e-05
Epoch 626 begin

Test set: Epoch: 626, Average loss: 0.00005203

min_loss: 4.112048797487256e-05
Epoch 627 begin

Test set: Epoch: 627, Average loss: 0.00005221

min_loss: 4.112048797487256e-05
Epoch 628 begin

Test set: Epoch: 628, Average loss: 0.00005201

min_loss: 4.112048797487256e-05
Epoch 629 begin

Test set: Epoch: 629, Average loss: 0.00005223

min_loss: 4.112048797487256e-05
Epoch 630 begin

Test set: Epoch: 630, Average loss: 0.00005229

min_loss: 4.112048797487256e-05
Epoch 631 begin

Test set: Epoch: 631, Average loss: 0.00005231

min_loss: 4.112048797487256e-05
Epoch 632 begin

Test set: Epoch: 632, Average loss: 0.00005225

min_loss: 4.112048797487256e-05
Epoch 633 begin

Test set: Epoch: 633, Average loss: 0.00005226

min_loss: 4.112048797487256e-05
Epoch 634 begin

Test set: Epoch: 634, Average loss: 0.00005206

min_loss: 4.112048797487256e-05
Epoch 635 begin

Test set: Epoch: 635, Average loss: 0.00005223

min_loss: 4.112048797487256e-05
Epoch 636 begin

Test set: Epoch: 636, Average loss: 0.00005232

min_loss: 4.112048797487256e-05
Epoch 637 begin

Test set: Epoch: 637, Average loss: 0.00005232

min_loss: 4.112048797487256e-05
Epoch 638 begin

Test set: Epoch: 638, Average loss: 0.00005232

min_loss: 4.112048797487256e-05
Epoch 639 begin

Test set: Epoch: 639, Average loss: 0.00005225

min_loss: 4.112048797487256e-05
Epoch 640 begin

Test set: Epoch: 640, Average loss: 0.00005238

min_loss: 4.112048797487256e-05
Epoch 641 begin

Test set: Epoch: 641, Average loss: 0.00005238

min_loss: 4.112048797487256e-05
Epoch 642 begin

Test set: Epoch: 642, Average loss: 0.00005234

min_loss: 4.112048797487256e-05
Epoch 643 begin

Test set: Epoch: 643, Average loss: 0.00005244

min_loss: 4.112048797487256e-05
Epoch 644 begin

Test set: Epoch: 644, Average loss: 0.00005240

min_loss: 4.112048797487256e-05
Epoch 645 begin

Test set: Epoch: 645, Average loss: 0.00005246

min_loss: 4.112048797487256e-05
Epoch 646 begin

Test set: Epoch: 646, Average loss: 0.00005245

min_loss: 4.112048797487256e-05
Epoch 647 begin

Test set: Epoch: 647, Average loss: 0.00005249

min_loss: 4.112048797487256e-05
Epoch 648 begin

Test set: Epoch: 648, Average loss: 0.00005245

min_loss: 4.112048797487256e-05
Epoch 649 begin

Test set: Epoch: 649, Average loss: 0.00005253

min_loss: 4.112048797487256e-05
Epoch 650 begin

Test set: Epoch: 650, Average loss: 0.00005233

min_loss: 4.112048797487256e-05
Epoch 651 begin

Test set: Epoch: 651, Average loss: 0.00005245

min_loss: 4.112048797487256e-05
Epoch 652 begin

Test set: Epoch: 652, Average loss: 0.00005252

min_loss: 4.112048797487256e-05
Epoch 653 begin

Test set: Epoch: 653, Average loss: 0.00005256

min_loss: 4.112048797487256e-05
Epoch 654 begin

Test set: Epoch: 654, Average loss: 0.00005238

min_loss: 4.112048797487256e-05
Epoch 655 begin

Test set: Epoch: 655, Average loss: 0.00005245

min_loss: 4.112048797487256e-05
Epoch 656 begin

Test set: Epoch: 656, Average loss: 0.00005254

min_loss: 4.112048797487256e-05
Epoch 657 begin

Test set: Epoch: 657, Average loss: 0.00005250

min_loss: 4.112048797487256e-05
Epoch 658 begin

Test set: Epoch: 658, Average loss: 0.00005260

min_loss: 4.112048797487256e-05
Epoch 659 begin

Test set: Epoch: 659, Average loss: 0.00005255

min_loss: 4.112048797487256e-05
Epoch 660 begin

Test set: Epoch: 660, Average loss: 0.00005261

min_loss: 4.112048797487256e-05
Epoch 661 begin

Test set: Epoch: 661, Average loss: 0.00005261

min_loss: 4.112048797487256e-05
Epoch 662 begin

Test set: Epoch: 662, Average loss: 0.00005260

min_loss: 4.112048797487256e-05
Epoch 663 begin

Test set: Epoch: 663, Average loss: 0.00005251

min_loss: 4.112048797487256e-05
Epoch 664 begin

Test set: Epoch: 664, Average loss: 0.00005258

min_loss: 4.112048797487256e-05
Epoch 665 begin

Test set: Epoch: 665, Average loss: 0.00005262

min_loss: 4.112048797487256e-05
Epoch 666 begin

Test set: Epoch: 666, Average loss: 0.00005274

min_loss: 4.112048797487256e-05
Epoch 667 begin

Test set: Epoch: 667, Average loss: 0.00005254

min_loss: 4.112048797487256e-05
Epoch 668 begin

Test set: Epoch: 668, Average loss: 0.00005266

min_loss: 4.112048797487256e-05
Epoch 669 begin

Test set: Epoch: 669, Average loss: 0.00005271

min_loss: 4.112048797487256e-05
Epoch 670 begin

Test set: Epoch: 670, Average loss: 0.00005276

min_loss: 4.112048797487256e-05
Epoch 671 begin

Test set: Epoch: 671, Average loss: 0.00005266

min_loss: 4.112048797487256e-05
Epoch 672 begin

Test set: Epoch: 672, Average loss: 0.00005278

min_loss: 4.112048797487256e-05
Epoch 673 begin

Test set: Epoch: 673, Average loss: 0.00005263

min_loss: 4.112048797487256e-05
Epoch 674 begin

Test set: Epoch: 674, Average loss: 0.00005285

min_loss: 4.112048797487256e-05
Epoch 675 begin

Test set: Epoch: 675, Average loss: 0.00005272

min_loss: 4.112048797487256e-05
Epoch 676 begin

Test set: Epoch: 676, Average loss: 0.00005278

min_loss: 4.112048797487256e-05
Epoch 677 begin

Test set: Epoch: 677, Average loss: 0.00005273

min_loss: 4.112048797487256e-05
Epoch 678 begin

Test set: Epoch: 678, Average loss: 0.00005279

min_loss: 4.112048797487256e-05
Epoch 679 begin

Test set: Epoch: 679, Average loss: 0.00005283

min_loss: 4.112048797487256e-05
Epoch 680 begin

Test set: Epoch: 680, Average loss: 0.00005271

min_loss: 4.112048797487256e-05
Epoch 681 begin

Test set: Epoch: 681, Average loss: 0.00005283

min_loss: 4.112048797487256e-05
Epoch 682 begin

Test set: Epoch: 682, Average loss: 0.00005280

min_loss: 4.112048797487256e-05
Epoch 683 begin

Test set: Epoch: 683, Average loss: 0.00005283

min_loss: 4.112048797487256e-05
Epoch 684 begin

Test set: Epoch: 684, Average loss: 0.00005287

min_loss: 4.112048797487256e-05
Epoch 685 begin

Test set: Epoch: 685, Average loss: 0.00005276

min_loss: 4.112048797487256e-05
Epoch 686 begin

Test set: Epoch: 686, Average loss: 0.00005288

min_loss: 4.112048797487256e-05
Epoch 687 begin

Test set: Epoch: 687, Average loss: 0.00005279

min_loss: 4.112048797487256e-05
Epoch 688 begin

Test set: Epoch: 688, Average loss: 0.00005282

min_loss: 4.112048797487256e-05
Epoch 689 begin

Test set: Epoch: 689, Average loss: 0.00005275

min_loss: 4.112048797487256e-05
Epoch 690 begin

Test set: Epoch: 690, Average loss: 0.00005300

min_loss: 4.112048797487256e-05
Epoch 691 begin

Test set: Epoch: 691, Average loss: 0.00005292

min_loss: 4.112048797487256e-05
Epoch 692 begin

Test set: Epoch: 692, Average loss: 0.00005305

min_loss: 4.112048797487256e-05
Epoch 693 begin

Test set: Epoch: 693, Average loss: 0.00005300

min_loss: 4.112048797487256e-05
Epoch 694 begin

Test set: Epoch: 694, Average loss: 0.00005286

min_loss: 4.112048797487256e-05
Epoch 695 begin

Test set: Epoch: 695, Average loss: 0.00005293

min_loss: 4.112048797487256e-05
Epoch 696 begin

Test set: Epoch: 696, Average loss: 0.00005287

min_loss: 4.112048797487256e-05
Epoch 697 begin

Test set: Epoch: 697, Average loss: 0.00005293

min_loss: 4.112048797487256e-05
Epoch 698 begin

Test set: Epoch: 698, Average loss: 0.00005287

min_loss: 4.112048797487256e-05
Epoch 699 begin

Test set: Epoch: 699, Average loss: 0.00005287

min_loss: 4.112048797487256e-05
Epoch 700 begin

Test set: Epoch: 700, Average loss: 0.00005306

min_loss: 4.112048797487256e-05
Epoch 701 begin

Test set: Epoch: 701, Average loss: 0.00005295

min_loss: 4.112048797487256e-05
Epoch 702 begin

Test set: Epoch: 702, Average loss: 0.00005302

min_loss: 4.112048797487256e-05
Epoch 703 begin

Test set: Epoch: 703, Average loss: 0.00005305

min_loss: 4.112048797487256e-05
Epoch 704 begin

Test set: Epoch: 704, Average loss: 0.00005320

min_loss: 4.112048797487256e-05
Epoch 705 begin

Test set: Epoch: 705, Average loss: 0.00005308

min_loss: 4.112048797487256e-05
Epoch 706 begin

Test set: Epoch: 706, Average loss: 0.00005315

min_loss: 4.112048797487256e-05
Epoch 707 begin

Test set: Epoch: 707, Average loss: 0.00005300

min_loss: 4.112048797487256e-05
Epoch 708 begin

Test set: Epoch: 708, Average loss: 0.00005296

min_loss: 4.112048797487256e-05
Epoch 709 begin

Test set: Epoch: 709, Average loss: 0.00005301

min_loss: 4.112048797487256e-05
Epoch 710 begin

Test set: Epoch: 710, Average loss: 0.00005320

min_loss: 4.112048797487256e-05
Epoch 711 begin

Test set: Epoch: 711, Average loss: 0.00005309

min_loss: 4.112048797487256e-05
Epoch 712 begin

Test set: Epoch: 712, Average loss: 0.00005313

min_loss: 4.112048797487256e-05
Epoch 713 begin

Test set: Epoch: 713, Average loss: 0.00005310

min_loss: 4.112048797487256e-05
Epoch 714 begin

Test set: Epoch: 714, Average loss: 0.00005315

min_loss: 4.112048797487256e-05
Epoch 715 begin

Test set: Epoch: 715, Average loss: 0.00005317

min_loss: 4.112048797487256e-05
Epoch 716 begin

Test set: Epoch: 716, Average loss: 0.00005324

min_loss: 4.112048797487256e-05
Epoch 717 begin

Test set: Epoch: 717, Average loss: 0.00005317

min_loss: 4.112048797487256e-05
Epoch 718 begin

Test set: Epoch: 718, Average loss: 0.00005299

min_loss: 4.112048797487256e-05
Epoch 719 begin

Test set: Epoch: 719, Average loss: 0.00005308

min_loss: 4.112048797487256e-05
Epoch 720 begin

Test set: Epoch: 720, Average loss: 0.00005301

min_loss: 4.112048797487256e-05
Epoch 721 begin

Test set: Epoch: 721, Average loss: 0.00005316

min_loss: 4.112048797487256e-05
Epoch 722 begin

Test set: Epoch: 722, Average loss: 0.00005313

min_loss: 4.112048797487256e-05
Epoch 723 begin

Test set: Epoch: 723, Average loss: 0.00005314

min_loss: 4.112048797487256e-05
Epoch 724 begin

Test set: Epoch: 724, Average loss: 0.00005314

min_loss: 4.112048797487256e-05
Epoch 725 begin

Test set: Epoch: 725, Average loss: 0.00005313

min_loss: 4.112048797487256e-05
Epoch 726 begin

Test set: Epoch: 726, Average loss: 0.00005319

min_loss: 4.112048797487256e-05
Epoch 727 begin

Test set: Epoch: 727, Average loss: 0.00005324

min_loss: 4.112048797487256e-05
Epoch 728 begin

Test set: Epoch: 728, Average loss: 0.00005324

min_loss: 4.112048797487256e-05
Epoch 729 begin

Test set: Epoch: 729, Average loss: 0.00005319

min_loss: 4.112048797487256e-05
Epoch 730 begin

Test set: Epoch: 730, Average loss: 0.00005320

min_loss: 4.112048797487256e-05
Epoch 731 begin

Test set: Epoch: 731, Average loss: 0.00005326

min_loss: 4.112048797487256e-05
Epoch 732 begin

Test set: Epoch: 732, Average loss: 0.00005327

min_loss: 4.112048797487256e-05
Epoch 733 begin

Test set: Epoch: 733, Average loss: 0.00005324

min_loss: 4.112048797487256e-05
Epoch 734 begin

Test set: Epoch: 734, Average loss: 0.00005324

min_loss: 4.112048797487256e-05
Epoch 735 begin

Test set: Epoch: 735, Average loss: 0.00005330

min_loss: 4.112048797487256e-05
Epoch 736 begin

Test set: Epoch: 736, Average loss: 0.00005339

min_loss: 4.112048797487256e-05
Epoch 737 begin

Test set: Epoch: 737, Average loss: 0.00005326

min_loss: 4.112048797487256e-05
Epoch 738 begin

Test set: Epoch: 738, Average loss: 0.00005335

min_loss: 4.112048797487256e-05
Epoch 739 begin

Test set: Epoch: 739, Average loss: 0.00005333

min_loss: 4.112048797487256e-05
Epoch 740 begin

Test set: Epoch: 740, Average loss: 0.00005330

min_loss: 4.112048797487256e-05
Epoch 741 begin

Test set: Epoch: 741, Average loss: 0.00005334

min_loss: 4.112048797487256e-05
Epoch 742 begin

Test set: Epoch: 742, Average loss: 0.00005330

min_loss: 4.112048797487256e-05
Epoch 743 begin

Test set: Epoch: 743, Average loss: 0.00005335

min_loss: 4.112048797487256e-05
Epoch 744 begin

Test set: Epoch: 744, Average loss: 0.00005342

min_loss: 4.112048797487256e-05
Epoch 745 begin

Test set: Epoch: 745, Average loss: 0.00005330

min_loss: 4.112048797487256e-05
Epoch 746 begin

Test set: Epoch: 746, Average loss: 0.00005333

min_loss: 4.112048797487256e-05
Epoch 747 begin

Test set: Epoch: 747, Average loss: 0.00005334

min_loss: 4.112048797487256e-05
Epoch 748 begin

Test set: Epoch: 748, Average loss: 0.00005332

min_loss: 4.112048797487256e-05
Epoch 749 begin

Test set: Epoch: 749, Average loss: 0.00005359

min_loss: 4.112048797487256e-05
Epoch 750 begin

Test set: Epoch: 750, Average loss: 0.00005348

min_loss: 4.112048797487256e-05
Epoch 751 begin

Test set: Epoch: 751, Average loss: 0.00005332

min_loss: 4.112048797487256e-05
Epoch 752 begin

Test set: Epoch: 752, Average loss: 0.00005339

min_loss: 4.112048797487256e-05
Epoch 753 begin

Test set: Epoch: 753, Average loss: 0.00005358

min_loss: 4.112048797487256e-05
Epoch 754 begin

Test set: Epoch: 754, Average loss: 0.00005330

min_loss: 4.112048797487256e-05
Epoch 755 begin

Test set: Epoch: 755, Average loss: 0.00005340

min_loss: 4.112048797487256e-05
Epoch 756 begin

Test set: Epoch: 756, Average loss: 0.00005356

min_loss: 4.112048797487256e-05
Epoch 757 begin

Test set: Epoch: 757, Average loss: 0.00005344

min_loss: 4.112048797487256e-05
Epoch 758 begin

Test set: Epoch: 758, Average loss: 0.00005341

min_loss: 4.112048797487256e-05
Epoch 759 begin

Test set: Epoch: 759, Average loss: 0.00005338

min_loss: 4.112048797487256e-05
Epoch 760 begin

Test set: Epoch: 760, Average loss: 0.00005352

min_loss: 4.112048797487256e-05
Epoch 761 begin

Test set: Epoch: 761, Average loss: 0.00005341

min_loss: 4.112048797487256e-05
Epoch 762 begin

Test set: Epoch: 762, Average loss: 0.00005353

min_loss: 4.112048797487256e-05
Epoch 763 begin

Test set: Epoch: 763, Average loss: 0.00005354

min_loss: 4.112048797487256e-05
Epoch 764 begin

Test set: Epoch: 764, Average loss: 0.00005337

min_loss: 4.112048797487256e-05
Epoch 765 begin

Test set: Epoch: 765, Average loss: 0.00005341

min_loss: 4.112048797487256e-05
Epoch 766 begin

Test set: Epoch: 766, Average loss: 0.00005349

min_loss: 4.112048797487256e-05
Epoch 767 begin

Test set: Epoch: 767, Average loss: 0.00005357

min_loss: 4.112048797487256e-05
Epoch 768 begin

Test set: Epoch: 768, Average loss: 0.00005349

min_loss: 4.112048797487256e-05
Epoch 769 begin

Test set: Epoch: 769, Average loss: 0.00005353

min_loss: 4.112048797487256e-05
Epoch 770 begin

Test set: Epoch: 770, Average loss: 0.00005354

min_loss: 4.112048797487256e-05
Epoch 771 begin

Test set: Epoch: 771, Average loss: 0.00005348

min_loss: 4.112048797487256e-05
Epoch 772 begin

Test set: Epoch: 772, Average loss: 0.00005365

min_loss: 4.112048797487256e-05
Epoch 773 begin

Test set: Epoch: 773, Average loss: 0.00005361

min_loss: 4.112048797487256e-05
Epoch 774 begin

Test set: Epoch: 774, Average loss: 0.00005356

min_loss: 4.112048797487256e-05
Epoch 775 begin

Test set: Epoch: 775, Average loss: 0.00005359

min_loss: 4.112048797487256e-05
Epoch 776 begin

Test set: Epoch: 776, Average loss: 0.00005365

min_loss: 4.112048797487256e-05
Epoch 777 begin

Test set: Epoch: 777, Average loss: 0.00005360

min_loss: 4.112048797487256e-05
Epoch 778 begin

Test set: Epoch: 778, Average loss: 0.00005363

min_loss: 4.112048797487256e-05
Epoch 779 begin

Test set: Epoch: 779, Average loss: 0.00005353

min_loss: 4.112048797487256e-05
Epoch 780 begin

Test set: Epoch: 780, Average loss: 0.00005364

min_loss: 4.112048797487256e-05
Epoch 781 begin

Test set: Epoch: 781, Average loss: 0.00005363

min_loss: 4.112048797487256e-05
Epoch 782 begin

Test set: Epoch: 782, Average loss: 0.00005373

min_loss: 4.112048797487256e-05
Epoch 783 begin

Test set: Epoch: 783, Average loss: 0.00005366

min_loss: 4.112048797487256e-05
Epoch 784 begin

Test set: Epoch: 784, Average loss: 0.00005367

min_loss: 4.112048797487256e-05
Epoch 785 begin

Test set: Epoch: 785, Average loss: 0.00005375

min_loss: 4.112048797487256e-05
Epoch 786 begin

Test set: Epoch: 786, Average loss: 0.00005367

min_loss: 4.112048797487256e-05
Epoch 787 begin

Test set: Epoch: 787, Average loss: 0.00005382

min_loss: 4.112048797487256e-05
Epoch 788 begin

Test set: Epoch: 788, Average loss: 0.00005365

min_loss: 4.112048797487256e-05
Epoch 789 begin

Test set: Epoch: 789, Average loss: 0.00005372

min_loss: 4.112048797487256e-05
Epoch 790 begin

Test set: Epoch: 790, Average loss: 0.00005364

min_loss: 4.112048797487256e-05
Epoch 791 begin

Test set: Epoch: 791, Average loss: 0.00005379

min_loss: 4.112048797487256e-05
Epoch 792 begin

Test set: Epoch: 792, Average loss: 0.00005378

min_loss: 4.112048797487256e-05
Epoch 793 begin

Test set: Epoch: 793, Average loss: 0.00005374

min_loss: 4.112048797487256e-05
Epoch 794 begin

Test set: Epoch: 794, Average loss: 0.00005372

min_loss: 4.112048797487256e-05
Epoch 795 begin

Test set: Epoch: 795, Average loss: 0.00005370

min_loss: 4.112048797487256e-05
Epoch 796 begin

Test set: Epoch: 796, Average loss: 0.00005381

min_loss: 4.112048797487256e-05
Epoch 797 begin

Test set: Epoch: 797, Average loss: 0.00005376

min_loss: 4.112048797487256e-05
Epoch 798 begin

Test set: Epoch: 798, Average loss: 0.00005385

min_loss: 4.112048797487256e-05
Epoch 799 begin

Test set: Epoch: 799, Average loss: 0.00005372

min_loss: 4.112048797487256e-05
Epoch 800 begin

Test set: Epoch: 800, Average loss: 0.00005372

min_loss: 4.112048797487256e-05
Epoch 801 begin

Test set: Epoch: 801, Average loss: 0.00005394

min_loss: 4.112048797487256e-05
Epoch 802 begin

Test set: Epoch: 802, Average loss: 0.00005388

min_loss: 4.112048797487256e-05
Epoch 803 begin

Test set: Epoch: 803, Average loss: 0.00005385

min_loss: 4.112048797487256e-05
Epoch 804 begin

Test set: Epoch: 804, Average loss: 0.00005388

min_loss: 4.112048797487256e-05
Epoch 805 begin

Test set: Epoch: 805, Average loss: 0.00005385

min_loss: 4.112048797487256e-05
Epoch 806 begin

Test set: Epoch: 806, Average loss: 0.00005383

min_loss: 4.112048797487256e-05
Epoch 807 begin

Test set: Epoch: 807, Average loss: 0.00005396

min_loss: 4.112048797487256e-05
Epoch 808 begin

Test set: Epoch: 808, Average loss: 0.00005391

min_loss: 4.112048797487256e-05
Epoch 809 begin

Test set: Epoch: 809, Average loss: 0.00005385

min_loss: 4.112048797487256e-05
Epoch 810 begin

Test set: Epoch: 810, Average loss: 0.00005378

min_loss: 4.112048797487256e-05
Epoch 811 begin

Test set: Epoch: 811, Average loss: 0.00005377

min_loss: 4.112048797487256e-05
Epoch 812 begin

Test set: Epoch: 812, Average loss: 0.00005383

min_loss: 4.112048797487256e-05
Epoch 813 begin

Test set: Epoch: 813, Average loss: 0.00005396

min_loss: 4.112048797487256e-05
Epoch 814 begin

Test set: Epoch: 814, Average loss: 0.00005380

min_loss: 4.112048797487256e-05
Epoch 815 begin

Test set: Epoch: 815, Average loss: 0.00005387

min_loss: 4.112048797487256e-05
Epoch 816 begin

Test set: Epoch: 816, Average loss: 0.00005390

min_loss: 4.112048797487256e-05
Epoch 817 begin

Test set: Epoch: 817, Average loss: 0.00005387

min_loss: 4.112048797487256e-05
Epoch 818 begin

Test set: Epoch: 818, Average loss: 0.00005392

min_loss: 4.112048797487256e-05
Epoch 819 begin

Test set: Epoch: 819, Average loss: 0.00005394

min_loss: 4.112048797487256e-05
Epoch 820 begin

Test set: Epoch: 820, Average loss: 0.00005384

min_loss: 4.112048797487256e-05
Epoch 821 begin

Test set: Epoch: 821, Average loss: 0.00005375

min_loss: 4.112048797487256e-05
Epoch 822 begin

Test set: Epoch: 822, Average loss: 0.00005386

min_loss: 4.112048797487256e-05
Epoch 823 begin

Test set: Epoch: 823, Average loss: 0.00005398

min_loss: 4.112048797487256e-05
Epoch 824 begin

Test set: Epoch: 824, Average loss: 0.00005399

min_loss: 4.112048797487256e-05
Epoch 825 begin

Test set: Epoch: 825, Average loss: 0.00005389

min_loss: 4.112048797487256e-05
Epoch 826 begin

Test set: Epoch: 826, Average loss: 0.00005400

min_loss: 4.112048797487256e-05
Epoch 827 begin

Test set: Epoch: 827, Average loss: 0.00005386

min_loss: 4.112048797487256e-05
Epoch 828 begin

Test set: Epoch: 828, Average loss: 0.00005399

min_loss: 4.112048797487256e-05
Epoch 829 begin

Test set: Epoch: 829, Average loss: 0.00005402

min_loss: 4.112048797487256e-05
Epoch 830 begin

Test set: Epoch: 830, Average loss: 0.00005394

min_loss: 4.112048797487256e-05
Epoch 831 begin

Test set: Epoch: 831, Average loss: 0.00005395

min_loss: 4.112048797487256e-05
Epoch 832 begin

Test set: Epoch: 832, Average loss: 0.00005397

min_loss: 4.112048797487256e-05
Epoch 833 begin

Test set: Epoch: 833, Average loss: 0.00005409

min_loss: 4.112048797487256e-05
Epoch 834 begin

Test set: Epoch: 834, Average loss: 0.00005399

min_loss: 4.112048797487256e-05
Epoch 835 begin

Test set: Epoch: 835, Average loss: 0.00005409

min_loss: 4.112048797487256e-05
Epoch 836 begin

Test set: Epoch: 836, Average loss: 0.00005407

min_loss: 4.112048797487256e-05
Epoch 837 begin

Test set: Epoch: 837, Average loss: 0.00005402

min_loss: 4.112048797487256e-05
Epoch 838 begin

Test set: Epoch: 838, Average loss: 0.00005404

min_loss: 4.112048797487256e-05
Epoch 839 begin

Test set: Epoch: 839, Average loss: 0.00005398

min_loss: 4.112048797487256e-05
Epoch 840 begin

Test set: Epoch: 840, Average loss: 0.00005405

min_loss: 4.112048797487256e-05
Epoch 841 begin

Test set: Epoch: 841, Average loss: 0.00005407

min_loss: 4.112048797487256e-05
Epoch 842 begin

Test set: Epoch: 842, Average loss: 0.00005404

min_loss: 4.112048797487256e-05
Epoch 843 begin

Test set: Epoch: 843, Average loss: 0.00005405

min_loss: 4.112048797487256e-05
Epoch 844 begin

Test set: Epoch: 844, Average loss: 0.00005412

min_loss: 4.112048797487256e-05
Epoch 845 begin

Test set: Epoch: 845, Average loss: 0.00005425

min_loss: 4.112048797487256e-05
Epoch 846 begin

Test set: Epoch: 846, Average loss: 0.00005407

min_loss: 4.112048797487256e-05
Epoch 847 begin

Test set: Epoch: 847, Average loss: 0.00005399

min_loss: 4.112048797487256e-05
Epoch 848 begin

Test set: Epoch: 848, Average loss: 0.00005410

min_loss: 4.112048797487256e-05
Epoch 849 begin

Test set: Epoch: 849, Average loss: 0.00005415

min_loss: 4.112048797487256e-05
Epoch 850 begin

Test set: Epoch: 850, Average loss: 0.00005399

min_loss: 4.112048797487256e-05
Epoch 851 begin

Test set: Epoch: 851, Average loss: 0.00005424

min_loss: 4.112048797487256e-05
Epoch 852 begin

Test set: Epoch: 852, Average loss: 0.00005411

min_loss: 4.112048797487256e-05
Epoch 853 begin

Test set: Epoch: 853, Average loss: 0.00005417

min_loss: 4.112048797487256e-05
Epoch 854 begin

Test set: Epoch: 854, Average loss: 0.00005416

min_loss: 4.112048797487256e-05
Epoch 855 begin

Test set: Epoch: 855, Average loss: 0.00005409

min_loss: 4.112048797487256e-05
Epoch 856 begin

Test set: Epoch: 856, Average loss: 0.00005413

min_loss: 4.112048797487256e-05
Epoch 857 begin

Test set: Epoch: 857, Average loss: 0.00005421

min_loss: 4.112048797487256e-05
Epoch 858 begin

Test set: Epoch: 858, Average loss: 0.00005411

min_loss: 4.112048797487256e-05
Epoch 859 begin

Test set: Epoch: 859, Average loss: 0.00005410

min_loss: 4.112048797487256e-05
Epoch 860 begin

Test set: Epoch: 860, Average loss: 0.00005421

min_loss: 4.112048797487256e-05
Epoch 861 begin

Test set: Epoch: 861, Average loss: 0.00005418

min_loss: 4.112048797487256e-05
Epoch 862 begin

Test set: Epoch: 862, Average loss: 0.00005434

min_loss: 4.112048797487256e-05
Epoch 863 begin

Test set: Epoch: 863, Average loss: 0.00005436

min_loss: 4.112048797487256e-05
Epoch 864 begin

Test set: Epoch: 864, Average loss: 0.00005423

min_loss: 4.112048797487256e-05
Epoch 865 begin

Test set: Epoch: 865, Average loss: 0.00005423

min_loss: 4.112048797487256e-05
Epoch 866 begin

Test set: Epoch: 866, Average loss: 0.00005435

min_loss: 4.112048797487256e-05
Epoch 867 begin

Test set: Epoch: 867, Average loss: 0.00005421

min_loss: 4.112048797487256e-05
Epoch 868 begin

Test set: Epoch: 868, Average loss: 0.00005433

min_loss: 4.112048797487256e-05
Epoch 869 begin

Test set: Epoch: 869, Average loss: 0.00005417

min_loss: 4.112048797487256e-05
Epoch 870 begin

Test set: Epoch: 870, Average loss: 0.00005425

min_loss: 4.112048797487256e-05
Epoch 871 begin

Test set: Epoch: 871, Average loss: 0.00005431

min_loss: 4.112048797487256e-05
Epoch 872 begin

Test set: Epoch: 872, Average loss: 0.00005434

min_loss: 4.112048797487256e-05
Epoch 873 begin

Test set: Epoch: 873, Average loss: 0.00005418

min_loss: 4.112048797487256e-05
Epoch 874 begin

Test set: Epoch: 874, Average loss: 0.00005417

min_loss: 4.112048797487256e-05
Epoch 875 begin

Test set: Epoch: 875, Average loss: 0.00005410

min_loss: 4.112048797487256e-05
Epoch 876 begin

Test set: Epoch: 876, Average loss: 0.00005435

min_loss: 4.112048797487256e-05
Epoch 877 begin

Test set: Epoch: 877, Average loss: 0.00005431

min_loss: 4.112048797487256e-05
Epoch 878 begin

Test set: Epoch: 878, Average loss: 0.00005425

min_loss: 4.112048797487256e-05
Epoch 879 begin

Test set: Epoch: 879, Average loss: 0.00005435

min_loss: 4.112048797487256e-05
Epoch 880 begin

Test set: Epoch: 880, Average loss: 0.00005430

min_loss: 4.112048797487256e-05
Epoch 881 begin

Test set: Epoch: 881, Average loss: 0.00005432

min_loss: 4.112048797487256e-05
Epoch 882 begin

Test set: Epoch: 882, Average loss: 0.00005437

min_loss: 4.112048797487256e-05
Epoch 883 begin

Test set: Epoch: 883, Average loss: 0.00005429

min_loss: 4.112048797487256e-05
Epoch 884 begin

Test set: Epoch: 884, Average loss: 0.00005432

min_loss: 4.112048797487256e-05
Epoch 885 begin

Test set: Epoch: 885, Average loss: 0.00005436

min_loss: 4.112048797487256e-05
Epoch 886 begin

Test set: Epoch: 886, Average loss: 0.00005422

min_loss: 4.112048797487256e-05
Epoch 887 begin

Test set: Epoch: 887, Average loss: 0.00005427

min_loss: 4.112048797487256e-05
Epoch 888 begin

Test set: Epoch: 888, Average loss: 0.00005444

min_loss: 4.112048797487256e-05
Epoch 889 begin

Test set: Epoch: 889, Average loss: 0.00005434

min_loss: 4.112048797487256e-05
Epoch 890 begin

Test set: Epoch: 890, Average loss: 0.00005440

min_loss: 4.112048797487256e-05
Epoch 891 begin

Test set: Epoch: 891, Average loss: 0.00005450

min_loss: 4.112048797487256e-05
Epoch 892 begin

Test set: Epoch: 892, Average loss: 0.00005447

min_loss: 4.112048797487256e-05
Epoch 893 begin

Test set: Epoch: 893, Average loss: 0.00005426

min_loss: 4.112048797487256e-05
Epoch 894 begin

Test set: Epoch: 894, Average loss: 0.00005442

min_loss: 4.112048797487256e-05
Epoch 895 begin

Test set: Epoch: 895, Average loss: 0.00005448

min_loss: 4.112048797487256e-05
Epoch 896 begin

Test set: Epoch: 896, Average loss: 0.00005449

min_loss: 4.112048797487256e-05
Epoch 897 begin

Test set: Epoch: 897, Average loss: 0.00005447

min_loss: 4.112048797487256e-05
Epoch 898 begin

Test set: Epoch: 898, Average loss: 0.00005451

min_loss: 4.112048797487256e-05
Epoch 899 begin

Test set: Epoch: 899, Average loss: 0.00005450

min_loss: 4.112048797487256e-05

Test set: Epoch: 1, Average loss: 0.00005508

final loss: 5.5078436108306054e-05
spend time: 16332.851889133453
