nohup: 忽略输入
model established
Uncritical_Net(
  (M_V): PositionalMapping()
  (M_C): PositionalMapping()
  (Backbone_C): Transformer(
    (in_net): Linear(in_features=2907, out_features=256, bias=True)
    (blocks): ModuleList(
      (0-3): 4 x Block(
        (attn): MultiHeadedSelfAttention(
          (proj_q): Linear(in_features=256, out_features=256, bias=True)
          (proj_k): Linear(in_features=256, out_features=256, bias=True)
          (proj_v): Linear(in_features=256, out_features=256, bias=True)
          (drop): Dropout(p=0, inplace=False)
        )
        (proj): Linear(in_features=256, out_features=256, bias=True)
        (norm1): LayerNorm()
        (pwff): PositionWiseFeedForward(
          (fc1): Linear(in_features=256, out_features=512, bias=True)
          (fc2): Linear(in_features=512, out_features=256, bias=True)
        )
        (norm2): LayerNorm()
        (drop): Dropout(p=0, inplace=False)
      )
    )
    (out_net): Linear(in_features=256, out_features=20, bias=True)
  )
  (Backbone_V): Transformer(
    (in_net): Linear(in_features=65, out_features=256, bias=True)
    (blocks): ModuleList(
      (0-3): 4 x Block(
        (attn): MultiHeadedSelfAttention(
          (proj_q): Linear(in_features=256, out_features=256, bias=True)
          (proj_k): Linear(in_features=256, out_features=256, bias=True)
          (proj_v): Linear(in_features=256, out_features=256, bias=True)
          (drop): Dropout(p=0, inplace=False)
        )
        (proj): Linear(in_features=256, out_features=256, bias=True)
        (norm1): LayerNorm()
        (pwff): PositionWiseFeedForward(
          (fc1): Linear(in_features=256, out_features=512, bias=True)
          (fc2): Linear(in_features=512, out_features=256, bias=True)
        )
        (norm2): LayerNorm()
        (drop): Dropout(p=0, inplace=False)
      )
    )
    (out_net): Linear(in_features=256, out_features=32, bias=True)
  )
  (fc): Linear(in_features=5248, out_features=128, bias=True)
  (out_net): Linear(in_features=128, out_features=2, bias=True)
)
Epoch 0 begin

Test set: Epoch: 0, Average loss: 0.00004227

save
min_loss: 4.2272818729491604e-05
Epoch 1 begin

Test set: Epoch: 1, Average loss: 0.00003961

save
min_loss: 3.960817005877759e-05
Epoch 2 begin

Test set: Epoch: 2, Average loss: 0.00002679

save
min_loss: 2.6788184246554792e-05
Epoch 3 begin

Test set: Epoch: 3, Average loss: 0.00002507

save
min_loss: 2.5067690259715633e-05
Epoch 4 begin

Test set: Epoch: 4, Average loss: 0.00002494

save
min_loss: 2.494460800230087e-05
Epoch 5 begin

Test set: Epoch: 5, Average loss: 0.00002407

save
min_loss: 2.4067893083250363e-05
Epoch 6 begin

Test set: Epoch: 6, Average loss: 0.00002473

min_loss: 2.4067893083250363e-05
Epoch 7 begin

Test set: Epoch: 7, Average loss: 0.00001927

save
min_loss: 1.92704517888422e-05
Epoch 8 begin

Test set: Epoch: 8, Average loss: 0.00001908

save
min_loss: 1.90767451669768e-05
Epoch 9 begin

Test set: Epoch: 9, Average loss: 0.00001614

save
min_loss: 1.6141529597348364e-05
Epoch 10 begin

Test set: Epoch: 10, Average loss: 0.00001728

min_loss: 1.6141529597348364e-05
Epoch 11 begin

Test set: Epoch: 11, Average loss: 0.00001625

min_loss: 1.6141529597348364e-05
Epoch 12 begin

Test set: Epoch: 12, Average loss: 0.00001433

save
min_loss: 1.4327849915392849e-05
Epoch 13 begin

Test set: Epoch: 13, Average loss: 0.00001489

min_loss: 1.4327849915392849e-05
Epoch 14 begin

Test set: Epoch: 14, Average loss: 0.00001345

save
min_loss: 1.3454345302963018e-05
Epoch 15 begin

Test set: Epoch: 15, Average loss: 0.00001181

save
min_loss: 1.1805109302567683e-05
Epoch 16 begin

Test set: Epoch: 16, Average loss: 0.00001171

save
min_loss: 1.1707800359293328e-05
Epoch 17 begin

Test set: Epoch: 17, Average loss: 0.00001259

min_loss: 1.1707800359293328e-05
Epoch 18 begin

Test set: Epoch: 18, Average loss: 0.00001162

save
min_loss: 1.1620164167846825e-05
Epoch 19 begin

Test set: Epoch: 19, Average loss: 0.00001181

min_loss: 1.1620164167846825e-05
Epoch 20 begin

Test set: Epoch: 20, Average loss: 0.00001044

save
min_loss: 1.0438700556757811e-05
Epoch 21 begin

Test set: Epoch: 21, Average loss: 0.00001113

min_loss: 1.0438700556757811e-05
Epoch 22 begin

Test set: Epoch: 22, Average loss: 0.00001032

save
min_loss: 1.0323970051320755e-05
Epoch 23 begin

Test set: Epoch: 23, Average loss: 0.00001007

save
min_loss: 1.0067973129569177e-05
Epoch 24 begin

Test set: Epoch: 24, Average loss: 0.00000917

save
min_loss: 9.16553084003304e-06
Epoch 25 begin

Test set: Epoch: 25, Average loss: 0.00001006

min_loss: 9.16553084003304e-06
Epoch 26 begin

Test set: Epoch: 26, Average loss: 0.00000940

min_loss: 9.16553084003304e-06
Epoch 27 begin

Test set: Epoch: 27, Average loss: 0.00001022

min_loss: 9.16553084003304e-06
Epoch 28 begin

Test set: Epoch: 28, Average loss: 0.00001043

min_loss: 9.16553084003304e-06
Epoch 29 begin

Test set: Epoch: 29, Average loss: 0.00000826

save
min_loss: 8.25586877151452e-06
Epoch 30 begin

Test set: Epoch: 30, Average loss: 0.00001036

min_loss: 8.25586877151452e-06
Epoch 31 begin

Test set: Epoch: 31, Average loss: 0.00000986

min_loss: 8.25586877151452e-06
Epoch 32 begin

Test set: Epoch: 32, Average loss: 0.00000804

save
min_loss: 8.037001788220315e-06
Epoch 33 begin

Test set: Epoch: 33, Average loss: 0.00000949

min_loss: 8.037001788220315e-06
Epoch 34 begin

Test set: Epoch: 34, Average loss: 0.00000764

save
min_loss: 7.638324165020268e-06
Epoch 35 begin

Test set: Epoch: 35, Average loss: 0.00000812

min_loss: 7.638324165020268e-06
Epoch 36 begin

Test set: Epoch: 36, Average loss: 0.00000962

min_loss: 7.638324165020268e-06
Epoch 37 begin

Test set: Epoch: 37, Average loss: 0.00000885

min_loss: 7.638324165020268e-06
Epoch 38 begin

Test set: Epoch: 38, Average loss: 0.00000815

min_loss: 7.638324165020268e-06
Epoch 39 begin

Test set: Epoch: 39, Average loss: 0.00000723

save
min_loss: 7.2315824972321115e-06
Epoch 40 begin

Test set: Epoch: 40, Average loss: 0.00000722

save
min_loss: 7.21574824364971e-06
Epoch 41 begin

Test set: Epoch: 41, Average loss: 0.00000712

save
min_loss: 7.116619963824592e-06
Epoch 42 begin

Test set: Epoch: 42, Average loss: 0.00000703

save
min_loss: 7.02523937345216e-06
Epoch 43 begin

Test set: Epoch: 43, Average loss: 0.00000710

min_loss: 7.02523937345216e-06
Epoch 44 begin

Test set: Epoch: 44, Average loss: 0.00000734

min_loss: 7.02523937345216e-06
Epoch 45 begin

Test set: Epoch: 45, Average loss: 0.00000922

min_loss: 7.02523937345216e-06
Epoch 46 begin

Test set: Epoch: 46, Average loss: 0.00000743

min_loss: 7.02523937345216e-06
Epoch 47 begin

Test set: Epoch: 47, Average loss: 0.00000774

min_loss: 7.02523937345216e-06
Epoch 48 begin

Test set: Epoch: 48, Average loss: 0.00000883

min_loss: 7.02523937345216e-06
Epoch 49 begin

Test set: Epoch: 49, Average loss: 0.00000706

min_loss: 7.02523937345216e-06
Epoch 50 begin

Test set: Epoch: 50, Average loss: 0.00000724

min_loss: 7.02523937345216e-06
Epoch 51 begin

Test set: Epoch: 51, Average loss: 0.00000773

min_loss: 7.02523937345216e-06
Epoch 52 begin

Test set: Epoch: 52, Average loss: 0.00000689

save
min_loss: 6.889674884692214e-06
Epoch 53 begin

Test set: Epoch: 53, Average loss: 0.00000788

min_loss: 6.889674884692214e-06
Epoch 54 begin

Test set: Epoch: 54, Average loss: 0.00000686

save
min_loss: 6.855985039061657e-06
Epoch 55 begin

Test set: Epoch: 55, Average loss: 0.00000764

min_loss: 6.855985039061657e-06
Epoch 56 begin

Test set: Epoch: 56, Average loss: 0.00000674

save
min_loss: 6.741842667824172e-06
Epoch 57 begin

Test set: Epoch: 57, Average loss: 0.00000705

min_loss: 6.741842667824172e-06
Epoch 58 begin

Test set: Epoch: 58, Average loss: 0.00000708

min_loss: 6.741842667824172e-06
Epoch 59 begin

Test set: Epoch: 59, Average loss: 0.00000719

min_loss: 6.741842667824172e-06
Epoch 60 begin

Test set: Epoch: 60, Average loss: 0.00000737

min_loss: 6.741842667824172e-06
Epoch 61 begin

Test set: Epoch: 61, Average loss: 0.00000677

min_loss: 6.741842667824172e-06
Epoch 62 begin

Test set: Epoch: 62, Average loss: 0.00000696

min_loss: 6.741842667824172e-06
Epoch 0 begin

Test set: Epoch: 0, Average loss: 0.00000687

save
min_loss: 6.86786580718431e-06
Epoch 1 begin

Test set: Epoch: 1, Average loss: 0.00000674

save
min_loss: 6.737985976885355e-06
Epoch 2 begin

Test set: Epoch: 2, Average loss: 0.00000728

min_loss: 6.737985976885355e-06
Epoch 3 begin

Test set: Epoch: 3, Average loss: 0.00000638

save
min_loss: 6.380066730714105e-06
Epoch 4 begin

Test set: Epoch: 4, Average loss: 0.00000738

min_loss: 6.380066730714105e-06
Epoch 5 begin

Test set: Epoch: 5, Average loss: 0.00000727

min_loss: 6.380066730714105e-06
Epoch 6 begin

Test set: Epoch: 6, Average loss: 0.00000537

save
min_loss: 5.365387371181023e-06
Epoch 7 begin

Test set: Epoch: 7, Average loss: 0.00000689

min_loss: 5.365387371181023e-06
Epoch 8 begin

Test set: Epoch: 8, Average loss: 0.00000722

min_loss: 5.365387371181023e-06
Epoch 9 begin

Test set: Epoch: 9, Average loss: 0.00000724

min_loss: 5.365387371181023e-06
Epoch 10 begin

Test set: Epoch: 10, Average loss: 0.00000246

save
min_loss: 2.4554142492758754e-06
Epoch 11 begin

Test set: Epoch: 11, Average loss: 0.00000230

save
min_loss: 2.298739662084743e-06
Epoch 12 begin

Test set: Epoch: 12, Average loss: 0.00000235

min_loss: 2.298739662084743e-06
Epoch 13 begin

Test set: Epoch: 13, Average loss: 0.00000233

min_loss: 2.298739662084743e-06
Epoch 14 begin

Test set: Epoch: 14, Average loss: 0.00000237

min_loss: 2.298739662084743e-06
Epoch 15 begin

Test set: Epoch: 15, Average loss: 0.00000239

min_loss: 2.298739662084743e-06
Epoch 16 begin

Test set: Epoch: 16, Average loss: 0.00000236

min_loss: 2.298739662084743e-06
Epoch 17 begin

Test set: Epoch: 17, Average loss: 0.00000223

save
min_loss: 2.228862940784146e-06
Epoch 18 begin

Test set: Epoch: 18, Average loss: 0.00000236

min_loss: 2.228862940784146e-06
Epoch 19 begin

Test set: Epoch: 19, Average loss: 0.00000218

save
min_loss: 2.1759281097788485e-06
Epoch 20 begin

Test set: Epoch: 20, Average loss: 0.00000235

min_loss: 2.1759281097788485e-06
Epoch 21 begin

Test set: Epoch: 21, Average loss: 0.00000239

min_loss: 2.1759281097788485e-06
Epoch 22 begin

Test set: Epoch: 22, Average loss: 0.00000223

min_loss: 2.1759281097788485e-06
Epoch 23 begin

Test set: Epoch: 23, Average loss: 0.00000212

save
min_loss: 2.1188453792526135e-06
Epoch 24 begin

Test set: Epoch: 24, Average loss: 0.00000226

min_loss: 2.1188453792526135e-06
Epoch 25 begin

Test set: Epoch: 25, Average loss: 0.00000215

min_loss: 2.1188453792526135e-06
Epoch 26 begin

Test set: Epoch: 26, Average loss: 0.00000250

min_loss: 2.1188453792526135e-06
Epoch 27 begin

Test set: Epoch: 27, Average loss: 0.00000211

save
min_loss: 2.107874408566005e-06
Epoch 28 begin

Test set: Epoch: 28, Average loss: 0.00000202

save
min_loss: 2.0226146785843973e-06
Epoch 29 begin

Test set: Epoch: 29, Average loss: 0.00000237

min_loss: 2.0226146785843973e-06
Epoch 30 begin

Test set: Epoch: 30, Average loss: 0.00000217

min_loss: 2.0226146785843973e-06
Epoch 31 begin

Test set: Epoch: 31, Average loss: 0.00000212

min_loss: 2.0226146785843973e-06
Epoch 32 begin

Test set: Epoch: 32, Average loss: 0.00000215

min_loss: 2.0226146785843973e-06
Epoch 33 begin

Test set: Epoch: 33, Average loss: 0.00000199

save
min_loss: 1.9932761024201897e-06
Epoch 34 begin

Test set: Epoch: 34, Average loss: 0.00000219

min_loss: 1.9932761024201897e-06
Epoch 35 begin

Test set: Epoch: 35, Average loss: 0.00000220

min_loss: 1.9932761024201897e-06
Epoch 36 begin

Test set: Epoch: 36, Average loss: 0.00000207

min_loss: 1.9932761024201897e-06
Epoch 37 begin

Test set: Epoch: 37, Average loss: 0.00000206

min_loss: 1.9932761024201897e-06
Epoch 38 begin

Test set: Epoch: 38, Average loss: 0.00000215

min_loss: 1.9932761024201897e-06
Epoch 39 begin

Test set: Epoch: 39, Average loss: 0.00000227

min_loss: 1.9932761024201897e-06
Epoch 40 begin

Test set: Epoch: 40, Average loss: 0.00000208

min_loss: 1.9932761024201897e-06
Epoch 41 begin

Test set: Epoch: 41, Average loss: 0.00000211

min_loss: 1.9932761024201897e-06
Epoch 42 begin

Test set: Epoch: 42, Average loss: 0.00000204

min_loss: 1.9932761024201897e-06
Epoch 43 begin

Test set: Epoch: 43, Average loss: 0.00000216

min_loss: 1.9932761024201897e-06
Epoch 44 begin

Test set: Epoch: 44, Average loss: 0.00000216

min_loss: 1.9932761024201897e-06
Epoch 45 begin

Test set: Epoch: 45, Average loss: 0.00000213

min_loss: 1.9932761024201897e-06
Epoch 46 begin

Test set: Epoch: 46, Average loss: 0.00000203

min_loss: 1.9932761024201897e-06
Epoch 47 begin

Test set: Epoch: 47, Average loss: 0.00000198

save
min_loss: 1.9823015277488324e-06
Epoch 48 begin

Test set: Epoch: 48, Average loss: 0.00000209

min_loss: 1.9823015277488324e-06
Epoch 49 begin

Test set: Epoch: 49, Average loss: 0.00000214

min_loss: 1.9823015277488324e-06
Epoch 50 begin

Test set: Epoch: 50, Average loss: 0.00000221

min_loss: 1.9823015277488324e-06
Epoch 51 begin

Test set: Epoch: 51, Average loss: 0.00000204

min_loss: 1.9823015277488324e-06
Epoch 52 begin

Test set: Epoch: 52, Average loss: 0.00000206

min_loss: 1.9823015277488324e-06
Epoch 53 begin

Test set: Epoch: 53, Average loss: 0.00000204

min_loss: 1.9823015277488324e-06
Epoch 54 begin

Test set: Epoch: 54, Average loss: 0.00000194

save
min_loss: 1.9449240419298275e-06
Epoch 55 begin

Test set: Epoch: 55, Average loss: 0.00000200

min_loss: 1.9449240419298275e-06
Epoch 56 begin

Test set: Epoch: 56, Average loss: 0.00000217

min_loss: 1.9449240419298275e-06
Epoch 57 begin

Test set: Epoch: 57, Average loss: 0.00000203

min_loss: 1.9449240419298275e-06
Epoch 58 begin

Test set: Epoch: 58, Average loss: 0.00000212

min_loss: 1.9449240419298275e-06
Epoch 59 begin

Test set: Epoch: 59, Average loss: 0.00000215

min_loss: 1.9449240419298275e-06
Epoch 60 begin

Test set: Epoch: 60, Average loss: 0.00000205

min_loss: 1.9449240419298275e-06
Epoch 61 begin

Test set: Epoch: 61, Average loss: 0.00000213

min_loss: 1.9449240419298275e-06
Epoch 62 begin

Test set: Epoch: 62, Average loss: 0.00000212

min_loss: 1.9449240419298275e-06
Epoch 63 begin

Test set: Epoch: 63, Average loss: 0.00000227

min_loss: 